- 01:00:55.100 INFO: Input file = /home/adaddi/scratch/muscle_resampling/METTL3__mmseqs2_uniref_env.a3m

- 01:00:55.100 INFO: Output file = /home/adaddi/scratch/muscle_resampling/Sampling_stratified_METTL3__mmseqs2_uniref_env/startcov_40-METTL3__mmseqs2_uniref_env.a3m

- 01:00:55.339 INFO: Input file = /home/adaddi/scratch/muscle_resampling/METTL3__mmseqs2_uniref_env.a3m

- 01:00:55.339 INFO: Output file = /home/adaddi/scratch/muscle_resampling/Sampling_stratified_METTL3__mmseqs2_uniref_env/startcov_50-METTL3__mmseqs2_uniref_env.a3m

- 01:00:55.530 INFO: Input file = /home/adaddi/scratch/muscle_resampling/METTL3__mmseqs2_uniref_env.a3m

- 01:00:55.530 INFO: Output file = /home/adaddi/scratch/muscle_resampling/Sampling_stratified_METTL3__mmseqs2_uniref_env/startcov_60-METTL3__mmseqs2_uniref_env.a3m

- 01:00:55.712 INFO: Input file = /home/adaddi/scratch/muscle_resampling/Sampling_stratified_METTL3__mmseqs2_uniref_env/startcov_40-METTL3__mmseqs2_uniref_env.a3m

- 01:00:55.712 INFO: Output file = /home/adaddi/scratch/muscle_resampling/Sampling_stratified_METTL3__mmseqs2_uniref_env/filterA_0.25-METTL3__mmseqs2_uniref_env.a3m

- 01:00:55.886 INFO: Input file = /home/adaddi/scratch/muscle_resampling/Sampling_stratified_METTL3__mmseqs2_uniref_env/startcov_40-METTL3__mmseqs2_uniref_env.a3m

- 01:00:55.886 INFO: Output file = /home/adaddi/scratch/muscle_resampling/Sampling_stratified_METTL3__mmseqs2_uniref_env/filterA_0.5-METTL3__mmseqs2_uniref_env.a3m

- 01:00:55.937 INFO: Input file = /home/adaddi/scratch/muscle_resampling/Sampling_stratified_METTL3__mmseqs2_uniref_env/startcov_40-METTL3__mmseqs2_uniref_env.a3m

- 01:00:55.937 INFO: Output file = /home/adaddi/scratch/muscle_resampling/Sampling_stratified_METTL3__mmseqs2_uniref_env/filterA_0.7-METTL3__mmseqs2_uniref_env.a3m

- 01:00:55.971 INFO: Input file = /home/adaddi/scratch/muscle_resampling/Sampling_stratified_METTL3__mmseqs2_uniref_env/startcov_40-METTL3__mmseqs2_uniref_env.a3m

- 01:00:55.971 INFO: Output file = /home/adaddi/scratch/muscle_resampling/Sampling_stratified_METTL3__mmseqs2_uniref_env/filterB_400-METTL3__mmseqs2_uniref_env.a3m

- 01:00:56.037 INFO: Input file = /home/adaddi/scratch/muscle_resampling/Sampling_stratified_METTL3__mmseqs2_uniref_env/startcov_40-METTL3__mmseqs2_uniref_env.a3m

- 01:00:56.038 INFO: Output file = /home/adaddi/scratch/muscle_resampling/Sampling_stratified_METTL3__mmseqs2_uniref_env/filterC_0.25-METTL3__mmseqs2_uniref_env.a3m

- 01:00:56.210 INFO: Input file = /home/adaddi/scratch/muscle_resampling/Sampling_stratified_METTL3__mmseqs2_uniref_env/filterC_0.25-METTL3__mmseqs2_uniref_env.a3m

- 01:00:56.210 INFO: Output file = /home/adaddi/scratch/muscle_resampling/Sampling_stratified_METTL3__mmseqs2_uniref_env/filterC_400-METTL3__mmseqs2_uniref_env.a3m

- 01:00:56.279 INFO: Input file = /home/adaddi/scratch/muscle_resampling/Sampling_stratified_METTL3__mmseqs2_uniref_env/startcov_40-METTL3__mmseqs2_uniref_env.a3m

- 01:00:56.280 INFO: Output file = /home/adaddi/scratch/muscle_resampling/Sampling_stratified_METTL3__mmseqs2_uniref_env/filterC_0.5-METTL3__mmseqs2_uniref_env.a3m

- 01:00:56.338 INFO: Input file = /home/adaddi/scratch/muscle_resampling/Sampling_stratified_METTL3__mmseqs2_uniref_env/filterC_0.5-METTL3__mmseqs2_uniref_env.a3m

- 01:00:56.338 INFO: Output file = /home/adaddi/scratch/muscle_resampling/Sampling_stratified_METTL3__mmseqs2_uniref_env/filterC_400-METTL3__mmseqs2_uniref_env.a3m

- 01:00:56.382 INFO: Input file = /home/adaddi/scratch/muscle_resampling/Sampling_stratified_METTL3__mmseqs2_uniref_env/startcov_40-METTL3__mmseqs2_uniref_env.a3m

- 01:00:56.382 INFO: Output file = /home/adaddi/scratch/muscle_resampling/Sampling_stratified_METTL3__mmseqs2_uniref_env/filterC_0.7-METTL3__mmseqs2_uniref_env.a3m

- 01:00:56.414 INFO: Input file = /home/adaddi/scratch/muscle_resampling/Sampling_stratified_METTL3__mmseqs2_uniref_env/filterC_0.7-METTL3__mmseqs2_uniref_env.a3m

- 01:00:56.414 INFO: Output file = /home/adaddi/scratch/muscle_resampling/Sampling_stratified_METTL3__mmseqs2_uniref_env/filterC_400-METTL3__mmseqs2_uniref_env.a3m

- 01:00:56.433 INFO: Input file = /home/adaddi/scratch/muscle_resampling/Sampling_stratified_METTL3__mmseqs2_uniref_env/startcov_40-METTL3__mmseqs2_uniref_env.a3m

- 01:00:56.434 INFO: Output file = /home/adaddi/scratch/muscle_resampling/Sampling_stratified_METTL3__mmseqs2_uniref_env/filterD_400-METTL3__mmseqs2_uniref_env.a3m

- 01:00:56.496 INFO: Input file = /home/adaddi/scratch/muscle_resampling/Sampling_stratified_METTL3__mmseqs2_uniref_env/filterD_400-METTL3__mmseqs2_uniref_env.a3m

- 01:00:56.496 INFO: Output file = /home/adaddi/scratch/muscle_resampling/Sampling_stratified_METTL3__mmseqs2_uniref_env/filterD_0.25-METTL3__mmseqs2_uniref_env.a3m

- 01:00:56.515 INFO: Input file = /home/adaddi/scratch/muscle_resampling/Sampling_stratified_METTL3__mmseqs2_uniref_env/filterD_400-METTL3__mmseqs2_uniref_env.a3m

- 01:00:56.515 INFO: Output file = /home/adaddi/scratch/muscle_resampling/Sampling_stratified_METTL3__mmseqs2_uniref_env/filterD_0.5-METTL3__mmseqs2_uniref_env.a3m

- 01:00:56.528 INFO: Input file = /home/adaddi/scratch/muscle_resampling/Sampling_stratified_METTL3__mmseqs2_uniref_env/filterD_400-METTL3__mmseqs2_uniref_env.a3m

- 01:00:56.528 INFO: Output file = /home/adaddi/scratch/muscle_resampling/Sampling_stratified_METTL3__mmseqs2_uniref_env/filterD_0.7-METTL3__mmseqs2_uniref_env.a3m

slurmstepd: error: *** JOB 860523 ON u20-computeib-hpc9 CANCELLED AT 2023-04-28T01:02:00 DUE TO TIME LIMIT ***
