- 01:05:20.192 INFO: Input file = /home/adaddi/scratch/muscle_resampling/STUB1__mmseqs2_uniref_env.a3m

- 01:05:20.192 INFO: Output file = /home/adaddi/scratch/muscle_resampling/Sampling_stratified_STUB1__mmseqs2_uniref_env/startcov_40-STUB1__mmseqs2_uniref_env.a3m

- 01:05:20.589 INFO: Input file = /home/adaddi/scratch/muscle_resampling/STUB1__mmseqs2_uniref_env.a3m

- 01:05:20.589 INFO: Output file = /home/adaddi/scratch/muscle_resampling/Sampling_stratified_STUB1__mmseqs2_uniref_env/startcov_50-STUB1__mmseqs2_uniref_env.a3m

- 01:05:20.731 INFO: Input file = /home/adaddi/scratch/muscle_resampling/STUB1__mmseqs2_uniref_env.a3m

- 01:05:20.731 INFO: Output file = /home/adaddi/scratch/muscle_resampling/Sampling_stratified_STUB1__mmseqs2_uniref_env/startcov_60-STUB1__mmseqs2_uniref_env.a3m

- 01:05:20.855 INFO: Input file = /home/adaddi/scratch/muscle_resampling/Sampling_stratified_STUB1__mmseqs2_uniref_env/startcov_40-STUB1__mmseqs2_uniref_env.a3m

- 01:05:20.856 INFO: Output file = /home/adaddi/scratch/muscle_resampling/Sampling_stratified_STUB1__mmseqs2_uniref_env/filterA_0.25-STUB1__mmseqs2_uniref_env.a3m

- 01:05:21.007 INFO: Input file = /home/adaddi/scratch/muscle_resampling/Sampling_stratified_STUB1__mmseqs2_uniref_env/startcov_40-STUB1__mmseqs2_uniref_env.a3m

- 01:05:21.007 INFO: Output file = /home/adaddi/scratch/muscle_resampling/Sampling_stratified_STUB1__mmseqs2_uniref_env/filterA_0.5-STUB1__mmseqs2_uniref_env.a3m

- 01:05:21.056 INFO: Input file = /home/adaddi/scratch/muscle_resampling/Sampling_stratified_STUB1__mmseqs2_uniref_env/startcov_40-STUB1__mmseqs2_uniref_env.a3m

- 01:05:21.056 INFO: Output file = /home/adaddi/scratch/muscle_resampling/Sampling_stratified_STUB1__mmseqs2_uniref_env/filterA_0.7-STUB1__mmseqs2_uniref_env.a3m

- 01:05:21.097 INFO: Input file = /home/adaddi/scratch/muscle_resampling/Sampling_stratified_STUB1__mmseqs2_uniref_env/startcov_40-STUB1__mmseqs2_uniref_env.a3m

- 01:05:21.097 INFO: Output file = /home/adaddi/scratch/muscle_resampling/Sampling_stratified_STUB1__mmseqs2_uniref_env/filterB_400-STUB1__mmseqs2_uniref_env.a3m

- 01:05:21.284 INFO: Input file = /home/adaddi/scratch/muscle_resampling/Sampling_stratified_STUB1__mmseqs2_uniref_env/startcov_40-STUB1__mmseqs2_uniref_env.a3m

- 01:05:21.284 INFO: Output file = /home/adaddi/scratch/muscle_resampling/Sampling_stratified_STUB1__mmseqs2_uniref_env/filterC_0.25-STUB1__mmseqs2_uniref_env.a3m

- 01:05:21.437 INFO: Input file = /home/adaddi/scratch/muscle_resampling/Sampling_stratified_STUB1__mmseqs2_uniref_env/filterC_0.25-STUB1__mmseqs2_uniref_env.a3m

- 01:05:21.437 INFO: Output file = /home/adaddi/scratch/muscle_resampling/Sampling_stratified_STUB1__mmseqs2_uniref_env/filterC_400-STUB1__mmseqs2_uniref_env.a3m

- 01:05:21.622 INFO: Input file = /home/adaddi/scratch/muscle_resampling/Sampling_stratified_STUB1__mmseqs2_uniref_env/startcov_40-STUB1__mmseqs2_uniref_env.a3m

- 01:05:21.622 INFO: Output file = /home/adaddi/scratch/muscle_resampling/Sampling_stratified_STUB1__mmseqs2_uniref_env/filterC_0.5-STUB1__mmseqs2_uniref_env.a3m

- 01:05:21.669 INFO: Input file = /home/adaddi/scratch/muscle_resampling/Sampling_stratified_STUB1__mmseqs2_uniref_env/filterC_0.5-STUB1__mmseqs2_uniref_env.a3m

- 01:05:21.669 INFO: Output file = /home/adaddi/scratch/muscle_resampling/Sampling_stratified_STUB1__mmseqs2_uniref_env/filterC_400-STUB1__mmseqs2_uniref_env.a3m

- 01:05:21.707 INFO: Input file = /home/adaddi/scratch/muscle_resampling/Sampling_stratified_STUB1__mmseqs2_uniref_env/startcov_40-STUB1__mmseqs2_uniref_env.a3m

- 01:05:21.707 INFO: Output file = /home/adaddi/scratch/muscle_resampling/Sampling_stratified_STUB1__mmseqs2_uniref_env/filterC_0.7-STUB1__mmseqs2_uniref_env.a3m

- 01:05:21.739 INFO: Input file = /home/adaddi/scratch/muscle_resampling/Sampling_stratified_STUB1__mmseqs2_uniref_env/filterC_0.7-STUB1__mmseqs2_uniref_env.a3m

- 01:05:21.740 INFO: Output file = /home/adaddi/scratch/muscle_resampling/Sampling_stratified_STUB1__mmseqs2_uniref_env/filterC_400-STUB1__mmseqs2_uniref_env.a3m

- 01:05:21.875 INFO: Input file = /home/adaddi/scratch/muscle_resampling/Sampling_stratified_STUB1__mmseqs2_uniref_env/startcov_40-STUB1__mmseqs2_uniref_env.a3m

- 01:05:21.875 INFO: Output file = /home/adaddi/scratch/muscle_resampling/Sampling_stratified_STUB1__mmseqs2_uniref_env/filterD_400-STUB1__mmseqs2_uniref_env.a3m

- 01:05:22.071 INFO: Input file = /home/adaddi/scratch/muscle_resampling/Sampling_stratified_STUB1__mmseqs2_uniref_env/filterD_400-STUB1__mmseqs2_uniref_env.a3m

- 01:05:22.071 INFO: Output file = /home/adaddi/scratch/muscle_resampling/Sampling_stratified_STUB1__mmseqs2_uniref_env/filterD_0.25-STUB1__mmseqs2_uniref_env.a3m

- 01:05:22.102 INFO: Input file = /home/adaddi/scratch/muscle_resampling/Sampling_stratified_STUB1__mmseqs2_uniref_env/filterD_400-STUB1__mmseqs2_uniref_env.a3m

- 01:05:22.102 INFO: Output file = /home/adaddi/scratch/muscle_resampling/Sampling_stratified_STUB1__mmseqs2_uniref_env/filterD_0.5-STUB1__mmseqs2_uniref_env.a3m

- 01:05:22.119 INFO: Input file = /home/adaddi/scratch/muscle_resampling/Sampling_stratified_STUB1__mmseqs2_uniref_env/filterD_400-STUB1__mmseqs2_uniref_env.a3m

- 01:05:22.119 INFO: Output file = /home/adaddi/scratch/muscle_resampling/Sampling_stratified_STUB1__mmseqs2_uniref_env/filterD_0.7-STUB1__mmseqs2_uniref_env.a3m

slurmstepd: error: Detected 1 oom-kill event(s) in StepId=860532.batch cgroup. Some of your processes may have been killed by the cgroup out-of-memory handler.
