- 01:04:59.697 INFO: Input file = /home/adaddi/scratch/muscle_resampling/METTL14__mmseqs2_uniref_env.a3m

- 01:04:59.697 INFO: Output file = /home/adaddi/scratch/muscle_resampling/Sampling_stratified_METTL14__mmseqs2_uniref_env/startcov_40-METTL14__mmseqs2_uniref_env.a3m

- 01:04:59.782 INFO: Input file = /home/adaddi/scratch/muscle_resampling/METTL14__mmseqs2_uniref_env.a3m

- 01:04:59.782 INFO: Output file = /home/adaddi/scratch/muscle_resampling/Sampling_stratified_METTL14__mmseqs2_uniref_env/startcov_50-METTL14__mmseqs2_uniref_env.a3m

- 01:04:59.826 INFO: Input file = /home/adaddi/scratch/muscle_resampling/METTL14__mmseqs2_uniref_env.a3m

- 01:04:59.826 INFO: Output file = /home/adaddi/scratch/muscle_resampling/Sampling_stratified_METTL14__mmseqs2_uniref_env/startcov_60-METTL14__mmseqs2_uniref_env.a3m

- 01:04:59.872 INFO: Input file = /home/adaddi/scratch/muscle_resampling/Sampling_stratified_METTL14__mmseqs2_uniref_env/startcov_40-METTL14__mmseqs2_uniref_env.a3m

- 01:04:59.872 INFO: Output file = /home/adaddi/scratch/muscle_resampling/Sampling_stratified_METTL14__mmseqs2_uniref_env/filterA_0.25-METTL14__mmseqs2_uniref_env.a3m

- 01:04:59.907 INFO: Input file = /home/adaddi/scratch/muscle_resampling/Sampling_stratified_METTL14__mmseqs2_uniref_env/startcov_40-METTL14__mmseqs2_uniref_env.a3m

- 01:04:59.907 INFO: Output file = /home/adaddi/scratch/muscle_resampling/Sampling_stratified_METTL14__mmseqs2_uniref_env/filterA_0.5-METTL14__mmseqs2_uniref_env.a3m

- 01:04:59.935 INFO: Input file = /home/adaddi/scratch/muscle_resampling/Sampling_stratified_METTL14__mmseqs2_uniref_env/startcov_40-METTL14__mmseqs2_uniref_env.a3m

- 01:04:59.935 INFO: Output file = /home/adaddi/scratch/muscle_resampling/Sampling_stratified_METTL14__mmseqs2_uniref_env/filterA_0.7-METTL14__mmseqs2_uniref_env.a3m

- 01:04:59.962 INFO: Input file = /home/adaddi/scratch/muscle_resampling/Sampling_stratified_METTL14__mmseqs2_uniref_env/startcov_40-METTL14__mmseqs2_uniref_env.a3m

- 01:04:59.962 INFO: Output file = /home/adaddi/scratch/muscle_resampling/Sampling_stratified_METTL14__mmseqs2_uniref_env/filterB_400-METTL14__mmseqs2_uniref_env.a3m

- 01:05:00.005 INFO: Input file = /home/adaddi/scratch/muscle_resampling/Sampling_stratified_METTL14__mmseqs2_uniref_env/startcov_40-METTL14__mmseqs2_uniref_env.a3m

- 01:05:00.005 INFO: Output file = /home/adaddi/scratch/muscle_resampling/Sampling_stratified_METTL14__mmseqs2_uniref_env/filterC_0.25-METTL14__mmseqs2_uniref_env.a3m

- 01:05:00.038 INFO: Input file = /home/adaddi/scratch/muscle_resampling/Sampling_stratified_METTL14__mmseqs2_uniref_env/filterC_0.25-METTL14__mmseqs2_uniref_env.a3m

- 01:05:00.038 INFO: Output file = /home/adaddi/scratch/muscle_resampling/Sampling_stratified_METTL14__mmseqs2_uniref_env/filterC_400-METTL14__mmseqs2_uniref_env.a3m

- 01:05:00.081 INFO: Input file = /home/adaddi/scratch/muscle_resampling/Sampling_stratified_METTL14__mmseqs2_uniref_env/startcov_40-METTL14__mmseqs2_uniref_env.a3m

- 01:05:00.081 INFO: Output file = /home/adaddi/scratch/muscle_resampling/Sampling_stratified_METTL14__mmseqs2_uniref_env/filterC_0.5-METTL14__mmseqs2_uniref_env.a3m

- 01:05:00.106 INFO: Input file = /home/adaddi/scratch/muscle_resampling/Sampling_stratified_METTL14__mmseqs2_uniref_env/filterC_0.5-METTL14__mmseqs2_uniref_env.a3m

- 01:05:00.106 INFO: Output file = /home/adaddi/scratch/muscle_resampling/Sampling_stratified_METTL14__mmseqs2_uniref_env/filterC_400-METTL14__mmseqs2_uniref_env.a3m

- 01:05:00.134 INFO: Input file = /home/adaddi/scratch/muscle_resampling/Sampling_stratified_METTL14__mmseqs2_uniref_env/startcov_40-METTL14__mmseqs2_uniref_env.a3m

- 01:05:00.134 INFO: Output file = /home/adaddi/scratch/muscle_resampling/Sampling_stratified_METTL14__mmseqs2_uniref_env/filterC_0.7-METTL14__mmseqs2_uniref_env.a3m

- 01:05:00.160 INFO: Input file = /home/adaddi/scratch/muscle_resampling/Sampling_stratified_METTL14__mmseqs2_uniref_env/filterC_0.7-METTL14__mmseqs2_uniref_env.a3m

- 01:05:00.160 INFO: Output file = /home/adaddi/scratch/muscle_resampling/Sampling_stratified_METTL14__mmseqs2_uniref_env/filterC_400-METTL14__mmseqs2_uniref_env.a3m

- 01:05:00.183 INFO: Input file = /home/adaddi/scratch/muscle_resampling/Sampling_stratified_METTL14__mmseqs2_uniref_env/startcov_40-METTL14__mmseqs2_uniref_env.a3m

- 01:05:00.183 INFO: Output file = /home/adaddi/scratch/muscle_resampling/Sampling_stratified_METTL14__mmseqs2_uniref_env/filterD_400-METTL14__mmseqs2_uniref_env.a3m

- 01:05:00.225 INFO: Input file = /home/adaddi/scratch/muscle_resampling/Sampling_stratified_METTL14__mmseqs2_uniref_env/filterD_400-METTL14__mmseqs2_uniref_env.a3m

- 01:05:00.225 INFO: Output file = /home/adaddi/scratch/muscle_resampling/Sampling_stratified_METTL14__mmseqs2_uniref_env/filterD_0.25-METTL14__mmseqs2_uniref_env.a3m

- 01:05:00.248 INFO: Input file = /home/adaddi/scratch/muscle_resampling/Sampling_stratified_METTL14__mmseqs2_uniref_env/filterD_400-METTL14__mmseqs2_uniref_env.a3m

- 01:05:00.248 INFO: Output file = /home/adaddi/scratch/muscle_resampling/Sampling_stratified_METTL14__mmseqs2_uniref_env/filterD_0.5-METTL14__mmseqs2_uniref_env.a3m

- 01:05:00.264 INFO: Input file = /home/adaddi/scratch/muscle_resampling/Sampling_stratified_METTL14__mmseqs2_uniref_env/filterD_400-METTL14__mmseqs2_uniref_env.a3m

- 01:05:00.264 INFO: Output file = /home/adaddi/scratch/muscle_resampling/Sampling_stratified_METTL14__mmseqs2_uniref_env/filterD_0.7-METTL14__mmseqs2_uniref_env.a3m

