INFO: Pandarallel will run on 20 workers.
INFO: Pandarallel will use Memory file system to transfer data between the main process and workers.
Start MUSCLE5 MSA
MUSCLE encountered an error:

muscle 5.2.linux64 [6c6011]  396Gb RAM, 48 cores
Built Apr 20 2023 20:14:12
(C) Copyright 2004-2021 Robert C. Edgar.
https://drive5.com

Input: 3491 seqs, avg length 169, max 209


WARNING: >1k sequences, may be slow or use excessive memory, consider using -super5

Replicate 1/16, none.0
00:03 614Mb  CPU has 48 cores, defaulting to 20 threads
00:03 721Mb   1.6e-05% Calc posteriors
00:04 1.9Gb   0.024% Calc posteriors  
00:05 1.9Gb   0.074% Calc posteriors
00:06 1.9Gb    0.12% Calc posteriors
00:07 1.9Gb    0.17% Calc posteriors
00:08 1.9Gb    0.22% Calc posteriors
00:09 1.9Gb    0.26% Calc posteriors
00:10 1.9Gb    0.31% Calc posteriors
00:11 1.9Gb    0.35% Calc posteriors
00:12 1.9Gb     0.4% Calc posteriors
00:13 1.9Gb    0.45% Calc posteriors
00:14 1.9Gb    0.49% Calc posteriors
00:15 1.9Gb    0.54% Calc posteriors
00:16 1.9Gb    0.58% Calc posteriors
00:17 1.9Gb    0.63% Calc posteriors
00:18 1.9Gb    0.68% Calc posteriors
00:19 1.9Gb    0.73% Calc posteriors
00:20 1.9Gb    0.77% Calc posteriors
00:21 1.9Gb    0.82% Calc posteriors
00:22 1.9Gb    0.87% Calc posteriors
00:23 1.9Gb    0.91% Calc posteriors
00:24 1.9Gb    0.96% Calc posteriors
00:25 1.9Gb     1.0% Calc posteriors
00:26 1.9Gb     1.0% Calc posteriors
00:27 1.9Gb     1.1% Calc posteriors
00:28 1.9Gb     1.1% Calc posteriors
00:29 1.9Gb     1.2% Calc posteriors
00:30 1.9Gb     1.2% Calc posteriors
00:31 1.9Gb     1.3% Calc posteriors
00:32 1.9Gb     1.3% Calc posteriors
00:33 2.0Gb     1.4% Calc posteriors
00:34 2.0Gb     1.4% Calc posteriors
00:35 2.0Gb     1.5% Calc posteriors
00:36 2.0Gb     1.5% Calc posteriors
00:37 2.0Gb     1.6% Calc posteriors
00:38 2.0Gb     1.6% Calc posteriors
00:39 2.0Gb     1.6% Calc posteriors
00:40 2.0Gb     1.7% Calc posteriors
00:41 2.0Gb     1.7% Calc posteriors
00:42 2.0Gb     1.8% Calc posteriors
00:43 2.0Gb     1.8% Calc posteriors
00:44 2.0Gb     1.9% Calc posteriors
00:45 2.0Gb     1.9% Calc posteriors
00:46 2.0Gb     2.0% Calc posteriors
00:47 2.0Gb     2.0% Calc posteriors
00:48 2.0Gb     2.1% Calc posteriors
00:49 2.0Gb     2.1% Calc posteriors
00:50 2.0Gb     2.2% Calc posteriors
00:51 2.0Gb     2.2% Calc posteriors
00:52 2.0Gb     2.3% Calc posteriors
00:53 2.0Gb     2.3% Calc posteriors
00:54 2.0Gb     2.3% Calc posteriors
00:55 2.0Gb     2.4% Calc posteriors
00:56 2.0Gb     2.4% Calc posteriors
00:57 2.0Gb     2.5% Calc posteriors
00:58 2.0Gb     2.5% Calc posteriors
00:59 2.0Gb     2.6% Calc posteriors
01:00 2.0Gb     2.6% Calc posteriors
01:01 2.0Gb     2.7% Calc posteriors
01:02 2.0Gb     2.7% Calc posteriors
01:03 2.0Gb     2.8% Calc posteriors
01:04 2.0Gb     2.8% Calc posteriors
01:05 2.0Gb     2.9% Calc posteriors
01:06 2.0Gb     2.9% Calc posteriors
01:07 2.0Gb     2.9% Calc posteriors
01:08 2.0Gb     3.0% Calc posteriors
01:09 2.0Gb     3.0% Calc posteriors
01:10 2.0Gb     3.1% Calc posteriors
01:11 2.0Gb     3.1% Calc posteriors
01:12 2.0Gb     3.2% Calc posteriors
01:13 2.0Gb     3.2% Calc posteriors
01:14 2.1Gb     3.3% Calc posteriors
01:15 2.1Gb     3.3% Calc posteriors
01:16 2.1Gb     3.4% Calc posteriors
01:17 2.1Gb     3.4% Calc posteriors
01:18 2.2Gb     3.5% Calc posteriors
01:19 2.2Gb     3.5% Calc posteriors
01:20 2.2Gb     3.5% Calc posteriors
01:21 2.5Gb     3.6% Calc posteriors
01:22 2.5Gb     3.6% Calc posteriors
01:23 2.5Gb     3.7% Calc posteriors
01:24 2.6Gb     3.7% Calc posteriors
01:25 2.7Gb     3.8% Calc posteriors
01:26 2.9Gb     3.8% Calc posteriors
01:27 2.9Gb     3.9% Calc posteriors
01:28 2.9Gb     3.9% Calc posteriors
01:29 2.9Gb     4.0% Calc posteriors
01:30 2.9Gb     4.0% Calc posteriors
01:31 3.1Gb     4.1% Calc posteriors
01:32 3.1Gb     4.1% Calc posteriors
01:33 3.1Gb     4.1% Calc posteriors
01:34 3.2Gb     4.2% Calc posteriors
01:35 3.2Gb     4.2% Calc posteriors
01:36 3.3Gb     4.3% Calc posteriors
01:37 3.3Gb     4.3% Calc posteriors
01:38 3.3Gb     4.4% Calc posteriors
01:39 3.3Gb     4.4% Calc posteriors
01:40 3.3Gb     4.5% Calc posteriors
01:41 3.3Gb     4.5% Calc posteriors
01:42 3.3Gb     4.6% Calc posteriors
01:43 3.3Gb     4.6% Calc posteriors
01:44 3.3Gb     4.7% Calc posteriors
01:45 3.3Gb     4.7% Calc posteriors
01:46 3.3Gb     4.7% Calc posteriors
01:47 3.3Gb     4.8% Calc posteriors
01:48 3.3Gb     4.8% Calc posteriors
01:49 3.3Gb     4.9% Calc posteriors
01:50 3.3Gb     4.9% Calc posteriors
01:51 3.3Gb     5.0% Calc posteriors
01:52 3.3Gb     5.0% Calc posteriors
01:53 3.3Gb     5.1% Calc posteriors
01:54 3.3Gb     5.1% Calc posteriors
01:55 3.3Gb     5.2% Calc posteriors
01:56 3.3Gb     5.2% Calc posteriors
01:57 3.3Gb     5.3% Calc posteriors
01:58 3.3Gb     5.3% Calc posteriors
01:59 3.3Gb     5.4% Calc posteriors
02:00 3.3Gb     5.4% Calc posteriors
02:01 3.3Gb     5.4% Calc posteriors
02:02 3.3Gb     5.5% Calc posteriors
02:03 3.3Gb     5.5% Calc posteriors
02:04 3.3Gb     5.6% Calc posteriors
02:05 3.3Gb     5.6% Calc posteriors
02:06 3.3Gb     5.7% Calc posteriors
02:07 3.3Gb     5.7% Calc posteriors
02:08 3.3Gb     5.8% Calc posteriors
02:09 3.3Gb     5.8% Calc posteriors
02:10 3.3Gb     5.9% Calc posteriors
02:11 3.3Gb     5.9% Calc posteriors
02:12 3.3Gb     6.0% Calc posteriors
02:13 3.3Gb     6.0% Calc posteriors
02:14 3.3Gb     6.1% Calc posteriors
02:15 3.3Gb     6.1% Calc posteriors
02:16 3.3Gb     6.1% Calc posteriors
02:17 3.3Gb     6.2% Calc posteriors
02:18 3.3Gb     6.2% Calc posteriors
02:19 3.3Gb     6.3% Calc posteriors
02:20 3.3Gb     6.3% Calc posteriors
02:21 3.3Gb     6.4% Calc posteriors
02:22 3.3Gb     6.4% Calc posteriors
02:23 3.4Gb     6.5% Calc posteriors
02:24 3.4Gb     6.5% Calc posteriors
02:25 3.4Gb     6.6% Calc posteriors
02:26 3.4Gb     6.6% Calc posteriors
02:27 3.4Gb     6.7% Calc posteriors
02:28 3.4Gb     6.7% Calc posteriors
02:29 3.4Gb     6.7% Calc posteriors
02:30 3.4Gb     6.8% Calc posteriors
02:31 3.4Gb     6.8% Calc posteriors
02:32 3.4Gb     6.9% Calc posteriors
02:33 3.5Gb     6.9% Calc posteriors
02:34 3.5Gb     7.0% Calc posteriors
02:35 3.6Gb     7.0% Calc posteriors
02:36 3.6Gb     7.1% Calc posteriors
02:37 3.6Gb     7.1% Calc posteriors
02:38 3.6Gb     7.2% Calc posteriors
02:39 3.6Gb     7.2% Calc posteriors
02:40 3.6Gb     7.3% Calc posteriors
02:41 3.8Gb     7.3% Calc posteriors
02:42 3.8Gb     7.3% Calc posteriors
02:43 3.9Gb     7.4% Calc posteriors
02:44 3.9Gb     7.4% Calc posteriors
02:45 4.0Gb     7.5% Calc posteriors
02:46 4.0Gb     7.5% Calc posteriors
02:47 4.0Gb     7.6% Calc posteriors
02:48 4.1Gb     7.6% Calc posteriors
02:49 4.1Gb     7.7% Calc posteriors
02:50 4.2Gb     7.7% Calc posteriors
02:51 4.2Gb     7.8% Calc posteriors
02:52 4.3Gb     7.8% Calc posteriors
02:53 4.3Gb     7.9% Calc posteriors
02:54 4.3Gb     7.9% Calc posteriors
02:55 4.3Gb     7.9% Calc posteriors
02:56 4.3Gb     8.0% Calc posteriors
02:57 4.3Gb     8.0% Calc posteriors
02:58 4.3Gb     8.1% Calc posteriors
02:59 4.3Gb     8.1% Calc posteriors
03:00 4.5Gb     8.2% Calc posteriors
03:01 4.5Gb     8.2% Calc posteriors
03:02 4.5Gb     8.3% Calc posteriors
03:03 4.5Gb     8.3% Calc posteriors
03:04 4.5Gb     8.4% Calc posteriors
03:05 4.5Gb     8.4% Calc posteriors
03:06 4.5Gb     8.5% Calc posteriors
03:07 4.5Gb     8.5% Calc posteriors
03:08 4.5Gb     8.6% Calc posteriors
03:09 4.5Gb     8.6% Calc posteriors
03:10 4.5Gb     8.6% Calc posteriors
03:11 4.6Gb     8.7% Calc posteriors
03:12 4.6Gb     8.7% Calc posteriors
03:13 4.6Gb     8.8% Calc posteriors
03:14 4.6Gb     8.8% Calc posteriors
03:15 4.6Gb     8.9% Calc posteriors
03:16 4.6Gb     8.9% Calc posteriors
03:17 4.6Gb     9.0% Calc posteriors
03:18 4.6Gb     9.0% Calc posteriors
03:19 4.6Gb     9.1% Calc posteriors
03:20 4.6Gb     9.1% Calc posteriors
03:21 4.6Gb     9.2% Calc posteriors
03:22 4.6Gb     9.2% Calc posteriors
03:23 4.6Gb     9.3% Calc posteriors
03:24 4.6Gb     9.3% Calc posteriors
03:25 4.6Gb     9.4% Calc posteriors
03:26 4.6Gb     9.4% Calc posteriors
03:27 4.6Gb     9.4% Calc posteriors
03:28 4.6Gb     9.5% Calc posteriors
03:29 4.6Gb     9.5% Calc posteriors
03:30 4.6Gb     9.6% Calc posteriors
03:31 4.6Gb     9.6% Calc posteriors
03:32 4.6Gb     9.7% Calc posteriors
03:33 4.7Gb     9.7% Calc posteriors
03:34 4.7Gb     9.8% Calc posteriors
03:35 4.7Gb     9.8% Calc posteriors
03:36 4.7Gb     9.9% Calc posteriors
03:37 4.7Gb     9.9% Calc posteriors
03:38 4.7Gb    10.0% Calc posteriors
03:39 4.7Gb    10.0% Calc posteriors
03:40 4.7Gb    10.1% Calc posteriors
03:41 4.8Gb    10.1% Calc posteriors
03:42 4.8Gb    10.2% Calc posteriors
03:43 4.8Gb    10.2% Calc posteriors
03:44 4.8Gb    10.2% Calc posteriors
03:45 4.8Gb    10.3% Calc posteriors
03:46 4.8Gb    10.3% Calc posteriors
03:47 4.8Gb    10.4% Calc posteriors
03:48 4.8Gb    10.4% Calc posteriors
03:49 4.8Gb    10.5% Calc posteriors
03:50 4.8Gb    10.5% Calc posteriors
03:51 4.9Gb    10.6% Calc posteriors
03:52 4.9Gb    10.6% Calc posteriors
03:53 4.9Gb    10.7% Calc posteriors
03:54 4.9Gb    10.7% Calc posteriors
03:55 4.9Gb    10.8% Calc posteriors
03:56 4.9Gb    10.8% Calc posteriors
03:57 4.9Gb    10.8% Calc posteriors
03:58 5.0Gb    10.9% Calc posteriors
03:59 5.0Gb    10.9% Calc posteriors
04:00 5.0Gb    11.0% Calc posteriors
04:01 5.0Gb    11.0% Calc posteriors
04:02 5.1Gb    11.1% Calc posteriors
04:03 5.1Gb    11.1% Calc posteriors
04:04 5.2Gb    11.2% Calc posteriors
04:05 5.2Gb    11.2% Calc posteriors
04:06 5.2Gb    11.3% Calc posteriors
04:07 5.3Gb    11.3% Calc posteriors
04:08 5.3Gb    11.4% Calc posteriors
04:09 5.3Gb    11.4% Calc posteriors
04:10 5.4Gb    11.4% Calc posteriors
04:11 5.4Gb    11.5% Calc posteriors
04:12 5.4Gb    11.5% Calc posteriors
04:13 5.4Gb    11.6% Calc posteriors
04:14 5.5Gb    11.6% Calc posteriors
04:15 5.5Gb    11.7% Calc posteriors
04:16 5.5Gb    11.7% Calc posteriors
04:17 5.5Gb    11.8% Calc posteriors
04:18 5.5Gb    11.8% Calc posteriors
04:19 5.6Gb    11.9% Calc posteriors
04:20 5.6Gb    11.9% Calc posteriors
04:21 5.6Gb    11.9% Calc posteriors
04:22 5.6Gb    12.0% Calc posteriors
04:23 5.6Gb    12.0% Calc posteriors
04:24 5.6Gb    12.1% Calc posteriors
04:25 5.6Gb    12.1% Calc posteriors
04:26 5.6Gb    12.2% Calc posteriors
04:27 5.7Gb    12.2% Calc posteriors
04:28 5.7Gb    12.3% Calc posteriors
04:29 5.8Gb    12.3% Calc posteriors
04:30 5.8Gb    12.4% Calc posteriors
04:31 5.8Gb    12.4% Calc posteriors
04:32 5.8Gb    12.5% Calc posteriors
04:33 5.8Gb    12.5% Calc posteriors
04:34 5.8Gb    12.6% Calc posteriors
04:35 5.8Gb    12.6% Calc posteriors
04:36 5.8Gb    12.6% Calc posteriors
04:37 5.8Gb    12.7% Calc posteriors
04:38 5.8Gb    12.7% Calc posteriors
04:39 5.8Gb    12.8% Calc posteriors
04:40 5.9Gb    12.8% Calc posteriors
04:41 5.9Gb    12.9% Calc posteriors
04:42 5.9Gb    12.9% Calc posteriors
04:43 5.9Gb    13.0% Calc posteriors
04:44 5.9Gb    13.0% Calc posteriors
04:45 5.9Gb    13.1% Calc posteriors
04:46 5.9Gb    13.1% Calc posteriors
04:47 5.9Gb    13.1% Calc posteriors
04:48 6.0Gb    13.2% Calc posteriors
04:49 6.0Gb    13.2% Calc posteriors
04:50 6.0Gb    13.3% Calc posteriors
04:51 6.0Gb    13.3% Calc posteriors
04:52 6.0Gb    13.4% Calc posteriors
04:53 6.0Gb    13.4% Calc posteriors
04:54 6.1Gb    13.5% Calc posteriors
04:55 6.1Gb    13.5% Calc posteriors
04:56 6.1Gb    13.6% Calc posteriors
04:57 6.1Gb    13.6% Calc posteriors
04:58 6.1Gb    13.6% Calc posteriors
04:59 6.1Gb    13.7% Calc posteriors
05:00 6.1Gb    13.7% Calc posteriors
05:01 6.1Gb    13.8% Calc posteriors
05:02 6.1Gb    13.8% Calc posteriors
05:03 6.2Gb    13.9% Calc posteriors
05:04 6.2Gb    13.9% Calc posteriors
05:05 6.2Gb    14.0% Calc posteriors
05:06 6.2Gb    14.0% Calc posteriors
05:07 6.2Gb    14.1% Calc posteriors
05:08 6.2Gb    14.1% Calc posteriors
05:09 6.2Gb    14.1% Calc posteriors
05:10 6.2Gb    14.2% Calc posteriors
05:11 6.2Gb    14.2% Calc posteriors
05:12 6.2Gb    14.3% Calc posteriors
05:13 6.2Gb    14.3% Calc posteriors
05:14 6.2Gb    14.4% Calc posteriors
05:15 6.2Gb    14.4% Calc posteriors
05:16 6.2Gb    14.5% Calc posteriors
05:17 6.3Gb    14.5% Calc posteriors
05:18 6.3Gb    14.6% Calc posteriors
05:19 6.4Gb    14.6% Calc posteriors
05:20 6.4Gb    14.6% Calc posteriors
05:21 6.4Gb    14.7% Calc posteriors
05:22 6.4Gb    14.7% Calc posteriors
05:23 6.4Gb    14.8% Calc posteriors
05:24 6.4Gb    14.8% Calc posteriors
05:25 6.5Gb    14.9% Calc posteriors
05:26 6.5Gb    14.9% Calc posteriors
05:27 6.6Gb    15.0% Calc posteriors
05:28 6.6Gb    15.0% Calc posteriors
05:29 6.6Gb    15.1% Calc posteriors
05:30 6.6Gb    15.1% Calc posteriors
05:31 6.6Gb    15.2% Calc posteriors
05:32 6.6Gb    15.2% Calc posteriors
05:33 6.7Gb    15.3% Calc posteriors
05:34 6.7Gb    15.3% Calc posteriors
05:35 6.7Gb    15.3% Calc posteriors
05:36 6.8Gb    15.4% Calc posteriors
05:37 6.9Gb    15.4% Calc posteriors
05:38 6.9Gb    15.5% Calc posteriors
05:39 6.9Gb    15.5% Calc posteriors
05:40 6.9Gb    15.6% Calc posteriors
05:41 6.9Gb    15.6% Calc posteriors
05:42 6.9Gb    15.7% Calc posteriors
05:43 6.9Gb    15.7% Calc posteriors
05:44 6.9Gb    15.8% Calc posteriors
05:45 6.9Gb    15.8% Calc posteriors
05:46 6.9Gb    15.8% Calc posteriors
05:47 6.9Gb    15.9% Calc posteriors
05:48 7.0Gb    15.9% Calc posteriors
05:49 7.0Gb    16.0% Calc posteriors
05:50 7.0Gb    16.0% Calc posteriors
05:51 7.0Gb    16.1% Calc posteriors
05:52 7.0Gb    16.1% Calc posteriors
05:53 7.1Gb    16.2% Calc posteriors
05:54 7.1Gb    16.2% Calc posteriors
05:55 7.1Gb    16.3% Calc posteriors
05:56 7.1Gb    16.3% Calc posteriors
05:57 7.1Gb    16.4% Calc posteriors
05:58 7.2Gb    16.4% Calc posteriors
05:59 7.2Gb    16.5% Calc posteriors
06:00 7.2Gb    16.5% Calc posteriors
06:01 7.2Gb    16.5% Calc posteriors
06:02 7.2Gb    16.6% Calc posteriors
06:03 7.2Gb    16.6% Calc posteriors
06:04 7.2Gb    16.7% Calc posteriors
06:05 7.3Gb    16.7% Calc posteriors
06:06 7.3Gb    16.8% Calc posteriors
06:07 7.3Gb    16.8% Calc posteriors
06:08 7.3Gb    16.9% Calc posteriors
06:09 7.3Gb    16.9% Calc posteriors
06:10 7.3Gb    17.0% Calc posteriors
06:11 7.3Gb    17.0% Calc posteriors
06:12 7.3Gb    17.1% Calc posteriors
06:13 7.3Gb    17.1% Calc posteriors
06:14 7.3Gb    17.1% Calc posteriors
06:15 7.3Gb    17.2% Calc posteriors
06:16 7.3Gb    17.2% Calc posteriors
06:17 7.3Gb    17.3% Calc posteriors
06:18 7.4Gb    17.3% Calc posteriors
06:19 7.4Gb    17.4% Calc posteriors
06:20 7.4Gb    17.4% Calc posteriors
06:21 7.4Gb    17.5% Calc posteriors
06:22 7.4Gb    17.5% Calc posteriors
06:23 7.4Gb    17.6% Calc posteriors
06:24 7.5Gb    17.6% Calc posteriors
06:25 7.5Gb    17.7% Calc posteriors
06:26 7.5Gb    17.7% Calc posteriors
06:27 7.5Gb    17.7% Calc posteriors
06:28 7.6Gb    17.8% Calc posteriors
06:29 7.6Gb    17.8% Calc posteriors
06:30 7.6Gb    17.9% Calc posteriors
06:31 7.6Gb    17.9% Calc posteriors
06:32 7.6Gb    18.0% Calc posteriors
06:33 7.6Gb    18.0% Calc posteriors
06:34 7.6Gb    18.1% Calc posteriors
06:35 7.6Gb    18.1% Calc posteriors
06:36 7.7Gb    18.2% Calc posteriors
06:37 7.7Gb    18.2% Calc posteriors
06:38 7.7Gb    18.3% Calc posteriors
06:39 7.7Gb    18.3% Calc posteriors
06:40 7.7Gb    18.4% Calc posteriors
06:41 7.7Gb    18.4% Calc posteriors
06:42 7.7Gb    18.4% Calc posteriors
06:43 7.8Gb    18.5% Calc posteriors
06:44 7.8Gb    18.5% Calc posteriors
06:45 7.8Gb    18.6% Calc posteriors
06:46 7.8Gb    18.6% Calc posteriors
06:47 7.8Gb    18.7% Calc posteriors
06:48 7.9Gb    18.7% Calc posteriors
06:49 7.9Gb    18.8% Calc posteriors
06:50 7.9Gb    18.8% Calc posteriors
06:51 7.9Gb    18.9% Calc posteriors
06:52 7.9Gb    18.9% Calc posteriors
06:53 8.0Gb    19.0% Calc posteriors
06:54 8.0Gb    19.0% Calc posteriors
06:55 8.0Gb    19.0% Calc posteriors
06:56 8.0Gb    19.1% Calc posteriors
06:57 8.0Gb    19.1% Calc posteriors
06:58 8.2Gb    19.2% Calc posteriors
06:59 8.2Gb    19.2% Calc posteriors
07:00 8.3Gb    19.3% Calc posteriors
07:01 8.3Gb    19.3% Calc posteriors
07:02 8.3Gb    19.4% Calc posteriors
07:03 8.3Gb    19.4% Calc posteriors
07:04 8.3Gb    19.5% Calc posteriors
07:05 8.3Gb    19.5% Calc posteriors
07:06 8.3Gb    19.5% Calc posteriors
07:07 8.3Gb    19.6% Calc posteriors
07:08 8.3Gb    19.6% Calc posteriors
07:09 8.3Gb    19.7% Calc posteriors
07:10 8.3Gb    19.7% Calc posteriors
07:11 8.3Gb    19.8% Calc posteriors
07:12 8.3Gb    19.8% Calc posteriors
07:13 8.3Gb    19.9% Calc posteriors
07:14 8.3Gb    19.9% Calc posteriors
07:15 8.3Gb    20.0% Calc posteriors
07:16 8.3Gb    20.0% Calc posteriors
07:17 8.3Gb    20.0% Calc posteriors
07:18 8.3Gb    20.1% Calc posteriors
07:19 8.3Gb    20.1% Calc posteriors
07:20 8.4Gb    20.2% Calc posteriors
07:21 8.5Gb    20.2% Calc posteriors
07:22 8.5Gb    20.3% Calc posteriors
07:23 8.5Gb    20.3% Calc posteriors
07:24 8.5Gb    20.4% Calc posteriors
07:25 8.5Gb    20.4% Calc posteriors
07:26 8.5Gb    20.5% Calc posteriors
07:27 8.5Gb    20.5% Calc posteriors
07:28 8.5Gb    20.6% Calc posteriors
07:29 8.5Gb    20.6% Calc posteriors
07:30 8.6Gb    20.6% Calc posteriors
07:31 8.6Gb    20.7% Calc posteriors
07:32 8.6Gb    20.7% Calc posteriors
07:33 8.6Gb    20.8% Calc posteriors
07:34 8.6Gb    20.8% Calc posteriors
07:35 8.6Gb    20.9% Calc posteriors
07:36 8.6Gb    20.9% Calc posteriors
07:37 8.7Gb    21.0% Calc posteriors
07:38 8.7Gb    21.0% Calc posteriors
07:39 8.7Gb    21.1% Calc posteriors
07:40 8.7Gb    21.1% Calc posteriors
07:41 8.7Gb    21.2% Calc posteriors
07:42 8.7Gb    21.2% Calc posteriors
07:43 8.7Gb    21.2% Calc posteriors
07:44 8.7Gb    21.3% Calc posteriors
07:45 8.7Gb    21.3% Calc posteriors
07:46 8.8Gb    21.4% Calc posteriors
07:47 8.8Gb    21.4% Calc posteriors
07:48 8.8Gb    21.5% Calc posteriors
07:49 8.8Gb    21.5% Calc posteriors
07:50 8.8Gb    21.6% Calc posteriors
07:51 8.8Gb    21.6% Calc posteriors
07:52 8.8Gb    21.7% Calc posteriors
07:53 8.8Gb    21.7% Calc posteriors
07:54 8.8Gb    21.8% Calc posteriors
07:55 8.9Gb    21.8% Calc posteriors
07:56 9.0Gb    21.8% Calc posteriors
07:57 9.0Gb    21.9% Calc posteriors
07:58 9.0Gb    21.9% Calc posteriors
07:59 9.0Gb    22.0% Calc posteriors
08:00 9.0Gb    22.0% Calc posteriors
08:01 9.0Gb    22.1% Calc posteriors
08:02 9.0Gb    22.1% Calc posteriors
08:03 9.0Gb    22.2% Calc posteriors
08:04 9.1Gb    22.2% Calc posteriors
08:05 9.2Gb    22.3% Calc posteriors
08:06 9.2Gb    22.3% Calc posteriors
08:07 9.2Gb    22.3% Calc posteriors
08:08 9.2Gb    22.4% Calc posteriors
08:09 9.2Gb    22.4% Calc posteriors
08:10 9.2Gb    22.5% Calc posteriors
08:11 9.3Gb    22.5% Calc posteriors
08:12 9.3Gb    22.6% Calc posteriors
08:13 9.3Gb    22.6% Calc posteriors
08:14 9.3Gb    22.7% Calc posteriors
08:15 9.3Gb    22.7% Calc posteriors
08:16 9.3Gb    22.8% Calc posteriors
08:17 9.3Gb    22.8% Calc posteriors
08:18 9.3Gb    22.9% Calc posteriors
08:19 9.3Gb    22.9% Calc posteriors
08:20 9.4Gb    22.9% Calc posteriors
08:21 9.4Gb    23.0% Calc posteriors
08:22 9.4Gb    23.0% Calc posteriors
08:23 9.5Gb    23.1% Calc posteriors
08:24 9.6Gb    23.1% Calc posteriors
08:25 9.6Gb    23.2% Calc posteriors
08:26 9.6Gb    23.2% Calc posteriors
08:27 9.6Gb    23.3% Calc posteriors
08:28 9.6Gb    23.3% Calc posteriors
08:29 9.6Gb    23.4% Calc posteriors
08:30 9.6Gb    23.4% Calc posteriors
08:31 9.6Gb    23.4% Calc posteriors
08:32 9.6Gb    23.5% Calc posteriors
08:33 9.7Gb    23.5% Calc posteriors
08:34 9.7Gb    23.6% Calc posteriors
08:35 9.7Gb    23.6% Calc posteriors
08:36 9.7Gb    23.7% Calc posteriors
08:37 9.7Gb    23.7% Calc posteriors
08:38 9.7Gb    23.8% Calc posteriors
08:39 9.7Gb    23.8% Calc posteriors
08:40 9.7Gb    23.8% Calc posteriors
08:41 9.7Gb    23.9% Calc posteriors
08:42 9.7Gb    23.9% Calc posteriors
08:43 9.7Gb    24.0% Calc posteriors
08:44 9.7Gb    24.0% Calc posteriors
08:45 9.7Gb    24.1% Calc posteriors
08:46 9.7Gb    24.1% Calc posteriors
08:47 9.7Gb    24.2% Calc posteriors
08:48 9.7Gb    24.2% Calc posteriors
08:49 9.7Gb    24.3% Calc posteriors
08:50 9.8Gb    24.3% Calc posteriors
08:51 9.8Gb    24.3% Calc posteriors
08:52 9.8Gb    24.4% Calc posteriors
08:53 9.8Gb    24.4% Calc posteriors
08:54 9.9Gb    24.5% Calc posteriors
08:55 9.9Gb    24.5% Calc posteriors
08:56 9.9Gb    24.6% Calc posteriors
08:57 9.9Gb    24.6% Calc posteriors
08:58 9.9Gb    24.7% Calc posteriors
08:59 9.9Gb    24.7% Calc posteriors
09:00 9.9Gb    24.8% Calc posteriors
09:01 10.0Gb   24.8% Calc posteriors
09:02 10.0Gb   24.9% Calc posteriors
09:03 10.0Gb   24.9% Calc posteriors
09:04 10.1Gb   25.0% Calc posteriors
09:05 10.1Gb   25.0% Calc posteriors
09:06 10.1Gb   25.0% Calc posteriors
09:07 10.1Gb   25.1% Calc posteriors
09:08 10.1Gb   25.1% Calc posteriors
09:09 10.1Gb   25.2% Calc posteriors
09:10 10.1Gb   25.2% Calc posteriors
09:11 10.1Gb   25.3% Calc posteriors
09:12 10.1Gb   25.3% Calc posteriors
09:13 10.2Gb   25.4% Calc posteriors
09:14 10.2Gb   25.4% Calc posteriors
09:15 10.3Gb   25.5% Calc posteriors
09:16 10.3Gb   25.5% Calc posteriors
09:17 10.3Gb   25.5% Calc posteriors
09:18 10.3Gb   25.6% Calc posteriors
09:19 10.3Gb   25.6% Calc posteriors
09:20 10.3Gb   25.7% Calc posteriors
09:21 10.4Gb   25.7% Calc posteriors
09:22 10.4Gb   25.8% Calc posteriors
09:23 10.4Gb   25.8% Calc posteriors
09:24 10.4Gb   25.9% Calc posteriors
09:25 10.4Gb   25.9% Calc posteriors
09:26 10.4Gb   26.0% Calc posteriors
09:27 10.4Gb   26.0% Calc posteriors
09:28 10.4Gb   26.1% Calc posteriors
09:29 10.4Gb   26.1% Calc posteriors
09:30 10.5Gb   26.1% Calc posteriors
09:31 10.5Gb   26.2% Calc posteriors
09:32 10.5Gb   26.2% Calc posteriors
09:33 10.6Gb   26.3% Calc posteriors
09:34 10.6Gb   26.3% Calc posteriors
09:35 10.6Gb   26.4% Calc posteriors
09:36 10.6Gb   26.4% Calc posteriors
09:37 10.6Gb   26.5% Calc posteriors
09:38 10.6Gb   26.5% Calc posteriors
09:39 10.6Gb   26.6% Calc posteriors
09:40 10.6Gb   26.6% Calc posteriors
09:41 10.6Gb   26.7% Calc posteriors
09:42 10.6Gb   26.7% Calc posteriors
09:43 10.7Gb   26.7% Calc posteriors
09:44 10.7Gb   26.8% Calc posteriors
09:45 10.8Gb   26.8% Calc posteriors
09:46 10.8Gb   26.9% Calc posteriors
09:47 10.8Gb   26.9% Calc posteriors
09:48 10.8Gb   27.0% Calc posteriors
09:49 11.0Gb   27.0% Calc posteriors
09:50 11.0Gb   27.1% Calc posteriors
09:51 11.0Gb   27.1% Calc posteriors
09:52 11.0Gb   27.2% Calc posteriors
09:53 11.0Gb   27.2% Calc posteriors
09:54 11.0Gb   27.3% Calc posteriors
09:55 11.0Gb   27.3% Calc posteriors
09:56 11.0Gb   27.3% Calc posteriors
09:57 11.0Gb   27.4% Calc posteriors
09:58 11.0Gb   27.4% Calc posteriors
09:59 11.1Gb   27.5% Calc posteriors
10:00 11.1Gb   27.5% Calc posteriors
10:01 11.1Gb   27.6% Calc posteriors
10:02 11.1Gb   27.6% Calc posteriors
10:03 11.1Gb   27.7% Calc posteriors
10:04 11.1Gb   27.7% Calc posteriors
10:05 11.1Gb   27.8% Calc posteriors
10:06 11.1Gb   27.8% Calc posteriors
10:07 11.1Gb   27.8% Calc posteriors
10:08 11.1Gb   27.9% Calc posteriors
10:09 11.1Gb   27.9% Calc posteriors
10:10 11.1Gb   28.0% Calc posteriors
10:11 11.1Gb   28.0% Calc posteriors
10:12 11.1Gb   28.1% Calc posteriors
10:13 11.1Gb   28.1% Calc posteriors
10:14 11.1Gb   28.2% Calc posteriors
10:15 11.1Gb   28.2% Calc posteriors
10:16 11.1Gb   28.3% Calc posteriors
10:17 11.1Gb   28.3% Calc posteriors
10:18 11.2Gb   28.3% Calc posteriors
10:19 11.2Gb   28.4% Calc posteriors
10:20 11.3Gb   28.4% Calc posteriors
10:21 11.3Gb   28.5% Calc posteriors
10:22 11.3Gb   28.5% Calc posteriors
10:23 11.3Gb   28.6% Calc posteriors
10:24 11.3Gb   28.6% Calc posteriors
10:25 11.4Gb   28.7% Calc posteriors
10:26 11.4Gb   28.7% Calc posteriors
10:27 11.4Gb   28.8% Calc posteriors
10:28 11.4Gb   28.8% Calc posteriors
10:29 11.4Gb   28.9% Calc posteriors
10:30 11.4Gb   28.9% Calc posteriors
10:31 11.4Gb   28.9% Calc posteriors
10:32 11.5Gb   29.0% Calc posteriors
10:33 11.6Gb   29.0% Calc posteriors
10:34 11.6Gb   29.1% Calc posteriors
10:35 11.6Gb   29.1% Calc posteriors
10:36 11.6Gb   29.2% Calc posteriors
10:37 11.6Gb   29.2% Calc posteriors
10:38 11.6Gb   29.3% Calc posteriors
10:39 11.6Gb   29.3% Calc posteriors
10:40 11.6Gb   29.4% Calc posteriors
10:41 11.6Gb   29.4% Calc posteriors
10:42 11.6Gb   29.5% Calc posteriors
10:43 11.6Gb   29.5% Calc posteriors
10:44 11.6Gb   29.6% Calc posteriors
10:45 11.6Gb   29.6% Calc posteriors
10:46 11.7Gb   29.7% Calc posteriors
10:47 11.7Gb   29.7% Calc posteriors
10:48 11.7Gb   29.7% Calc posteriors
10:49 11.7Gb   29.8% Calc posteriors
10:50 11.7Gb   29.8% Calc posteriors
10:51 11.7Gb   29.9% Calc posteriors
10:52 11.7Gb   29.9% Calc posteriors
10:53 11.8Gb   30.0% Calc posteriors
10:54 11.9Gb   30.0% Calc posteriors
10:55 11.9Gb   30.1% Calc posteriors
10:56 11.9Gb   30.1% Calc posteriors
10:57 11.9Gb   30.2% Calc posteriors
10:58 12.0Gb   30.2% Calc posteriors
10:59 12.0Gb   30.3% Calc posteriors
11:00 12.0Gb   30.3% Calc posteriors
11:01 12.0Gb   30.3% Calc posteriors
11:02 12.0Gb   30.4% Calc posteriors
11:03 12.0Gb   30.4% Calc posteriors
11:04 12.0Gb   30.5% Calc posteriors
11:05 12.0Gb   30.5% Calc posteriors
11:06 12.0Gb   30.6% Calc posteriors
11:07 12.0Gb   30.6% Calc posteriors
11:08 12.0Gb   30.7% Calc posteriors
11:09 12.0Gb   30.7% Calc posteriors
11:10 12.1Gb   30.8% Calc posteriors
11:11 12.1Gb   30.8% Calc posteriors
11:12 12.2Gb   30.9% Calc posteriors
11:13 12.2Gb   30.9% Calc posteriors
11:14 12.3Gb   31.0% Calc posteriors
11:15 12.3Gb   31.0% Calc posteriors
11:16 12.3Gb   31.0% Calc posteriors
11:17 12.3Gb   31.1% Calc posteriors
11:18 12.3Gb   31.1% Calc posteriors
11:19 12.3Gb   31.2% Calc posteriors
11:20 12.4Gb   31.2% Calc posteriors
11:21 12.4Gb   31.3% Calc posteriors
11:22 12.4Gb   31.3% Calc posteriors
11:23 12.4Gb   31.4% Calc posteriors
11:24 12.4Gb   31.4% Calc posteriors
11:25 12.4Gb   31.5% Calc posteriors
11:26 12.4Gb   31.5% Calc posteriors
11:27 12.5Gb   31.6% Calc posteriors
11:28 12.5Gb   31.6% Calc posteriors
11:29 12.5Gb   31.6% Calc posteriors
11:30 12.5Gb   31.7% Calc posteriors
11:31 12.5Gb   31.7% Calc posteriors
11:32 12.5Gb   31.8% Calc posteriors
11:33 12.5Gb   31.8% Calc posteriors
11:34 12.5Gb   31.9% Calc posteriors
11:35 12.5Gb   31.9% Calc posteriors
11:36 12.5Gb   32.0% Calc posteriors
11:37 12.5Gb   32.0% Calc posteriors
11:38 12.5Gb   32.1% Calc posteriors
11:39 12.5Gb   32.1% Calc posteriors
11:40 12.6Gb   32.2% Calc posteriors
11:41 12.6Gb   32.2% Calc posteriors
11:42 12.6Gb   32.2% Calc posteriors
11:43 12.6Gb   32.3% Calc posteriors
11:44 12.6Gb   32.3% Calc posteriors
11:45 12.7Gb   32.4% Calc posteriors
11:46 12.7Gb   32.4% Calc posteriors
11:47 12.7Gb   32.5% Calc posteriors
11:48 12.7Gb   32.5% Calc posteriors
11:49 12.7Gb   32.6% Calc posteriors
11:50 12.7Gb   32.6% Calc posteriors
11:51 12.7Gb   32.7% Calc posteriors
11:52 12.8Gb   32.7% Calc posteriors
11:53 12.8Gb   32.8% Calc posteriors
11:54 12.9Gb   32.8% Calc posteriors
11:55 12.9Gb   32.9% Calc posteriors
11:56 12.9Gb   32.9% Calc posteriors
11:57 12.9Gb   32.9% Calc posteriors
11:58 12.9Gb   33.0% Calc posteriors
11:59 12.9Gb   33.0% Calc posteriors
12:00 12.9Gb   33.1% Calc posteriors
12:01 12.9Gb   33.1% Calc posteriors
12:02 12.9Gb   33.2% Calc posteriors
12:03 12.9Gb   33.2% Calc posteriors
12:04 13.0Gb   33.3% Calc posteriors
12:05 13.0Gb   33.3% Calc posteriors
12:06 13.0Gb   33.4% Calc posteriors
12:07 13.0Gb   33.4% Calc posteriors
12:08 13.0Gb   33.5% Calc posteriors
12:09 13.0Gb   33.5% Calc posteriors
12:10 13.1Gb   33.6% Calc posteriors
12:11 13.1Gb   33.6% Calc posteriors
12:12 13.1Gb   33.6% Calc posteriors
12:13 13.1Gb   33.7% Calc posteriors
12:14 13.1Gb   33.7% Calc posteriors
12:15 13.1Gb   33.8% Calc posteriors
12:16 13.2Gb   33.8% Calc posteriors
12:17 13.2Gb   33.9% Calc posteriors
12:18 13.2Gb   33.9% Calc posteriors
12:19 13.2Gb   34.0% Calc posteriors
12:20 13.2Gb   34.0% Calc posteriors
12:21 13.2Gb   34.1% Calc posteriors
12:22 13.2Gb   34.1% Calc posteriors
12:23 13.2Gb   34.1% Calc posteriors
12:24 13.2Gb   34.2% Calc posteriors
12:25 13.2Gb   34.2% Calc posteriors
12:26 13.2Gb   34.3% Calc posteriors
12:27 13.2Gb   34.3% Calc posteriors
12:28 13.2Gb   34.4% Calc posteriors
12:29 13.3Gb   34.4% Calc posteriors
12:30 13.4Gb   34.5% Calc posteriors
12:31 13.4Gb   34.5% Calc posteriors
12:32 13.4Gb   34.6% Calc posteriors
12:33 13.4Gb   34.6% Calc posteriors
12:34 13.4Gb   34.6% Calc posteriors
12:35 13.4Gb   34.7% Calc posteriors
12:36 13.5Gb   34.7% Calc posteriors
12:37 13.6Gb   34.8% Calc posteriors
12:38 13.6Gb   34.8% Calc posteriors
12:39 13.6Gb   34.9% Calc posteriors
12:40 13.6Gb   34.9% Calc posteriors
12:41 13.6Gb   35.0% Calc posteriors
12:42 13.6Gb   35.0% Calc posteriors
12:43 13.6Gb   35.0% Calc posteriors
12:44 13.7Gb   35.1% Calc posteriors
12:45 13.9Gb   35.1% Calc posteriors
12:46 13.9Gb   35.2% Calc posteriors
12:47 13.9Gb   35.2% Calc posteriors
12:48 13.9Gb   35.3% Calc posteriors
12:49 13.9Gb   35.3% Calc posteriors
12:50 13.9Gb   35.4% Calc posteriors
12:51 13.9Gb   35.4% Calc posteriors
12:52 13.9Gb   35.5% Calc posteriors
12:53 13.9Gb   35.5% Calc posteriors
12:54 13.9Gb   35.6% Calc posteriors
12:55 13.9Gb   35.6% Calc posteriors
12:56 13.9Gb   35.6% Calc posteriors
12:57 13.9Gb   35.7% Calc posteriors
12:58 13.9Gb   35.7% Calc posteriors
12:59 13.9Gb   35.8% Calc posteriors
13:00 13.9Gb   35.8% Calc posteriors
13:01 13.9Gb   35.9% Calc posteriors
13:02 13.9Gb   35.9% Calc posteriors
13:03 13.9Gb   36.0% Calc posteriors
13:04 13.9Gb   36.0% Calc posteriors
13:05 13.9Gb   36.1% Calc posteriors
13:06 13.9Gb   36.1% Calc posteriors
13:07 13.9Gb   36.1% Calc posteriors
13:08 13.9Gb   36.2% Calc posteriors
13:09 13.9Gb   36.2% Calc posteriors
13:10 14.0Gb   36.3% Calc posteriors
13:11 14.1Gb   36.3% Calc posteriors
13:12 14.1Gb   36.4% Calc posteriors
13:13 14.1Gb   36.4% Calc posteriors
13:14 14.1Gb   36.5% Calc posteriors
13:15 14.1Gb   36.5% Calc posteriors
13:16 14.1Gb   36.6% Calc posteriors
13:17 14.1Gb   36.6% Calc posteriors
13:18 14.1Gb   36.6% Calc posteriors
13:19 14.1Gb   36.7% Calc posteriors
13:20 14.1Gb   36.7% Calc posteriors
13:21 14.2Gb   36.8% Calc posteriors
13:22 14.2Gb   36.8% Calc posteriors
13:23 14.2Gb   36.9% Calc posteriors
13:24 14.3Gb   36.9% Calc posteriors
13:25 14.3Gb   37.0% Calc posteriors
13:26 14.3Gb   37.0% Calc posteriors
13:27 14.3Gb   37.1% Calc posteriors
13:28 14.3Gb   37.1% Calc posteriors
13:29 14.3Gb   37.1% Calc posteriors
13:30 14.4Gb   37.2% Calc posteriors
13:31 14.4Gb   37.2% Calc posteriors
13:32 14.4Gb   37.3% Calc posteriors
13:33 14.5Gb   37.3% Calc posteriors
13:34 14.5Gb   37.4% Calc posteriors
13:35 14.5Gb   37.4% Calc posteriors
13:36 14.5Gb   37.5% Calc posteriors
13:37 14.5Gb   37.5% Calc posteriors
13:38 14.5Gb   37.6% Calc posteriors
13:39 14.5Gb   37.6% Calc posteriors
13:40 14.6Gb   37.6% Calc posteriors
13:41 14.6Gb   37.7% Calc posteriors
13:42 14.6Gb   37.7% Calc posteriors
13:43 14.6Gb   37.8% Calc posteriors
13:44 14.6Gb   37.8% Calc posteriors
13:45 14.6Gb   37.9% Calc posteriors
13:46 14.6Gb   37.9% Calc posteriors
13:47 14.6Gb   38.0% Calc posteriors
13:48 14.6Gb   38.0% Calc posteriors
13:49 14.6Gb   38.1% Calc posteriors
13:50 14.6Gb   38.1% Calc posteriors
13:51 14.6Gb   38.1% Calc posteriors
13:52 14.6Gb   38.2% Calc posteriors
13:53 14.7Gb   38.2% Calc posteriors
13:54 14.7Gb   38.3% Calc posteriors
13:55 14.7Gb   38.3% Calc posteriors
13:56 14.7Gb   38.4% Calc posteriors
13:57 14.7Gb   38.4% Calc posteriors
13:58 14.8Gb   38.5% Calc posteriors
13:59 14.8Gb   38.5% Calc posteriors
14:00 14.8Gb   38.6% Calc posteriors
14:01 14.9Gb   38.6% Calc posteriors
14:02 15.0Gb   38.7% Calc posteriors
14:03 15.0Gb   38.7% Calc posteriors
14:04 15.0Gb   38.7% Calc posteriors
14:05 15.0Gb   38.8% Calc posteriors
14:06 15.0Gb   38.8% Calc posteriors
14:07 15.0Gb   38.9% Calc posteriors
14:08 15.0Gb   38.9% Calc posteriors
14:09 15.1Gb   39.0% Calc posteriors
14:10 15.1Gb   39.0% Calc posteriors
14:11 15.1Gb   39.1% Calc posteriors
14:12 15.1Gb   39.1% Calc posteriors
14:13 15.1Gb   39.2% Calc posteriors
14:14 15.1Gb   39.2% Calc posteriors
14:15 15.1Gb   39.3% Calc posteriors
14:16 15.1Gb   39.3% Calc posteriors
14:17 15.1Gb   39.3% Calc posteriors
14:18 15.2Gb   39.4% Calc posteriors
14:19 15.2Gb   39.4% Calc posteriors
14:20 15.2Gb   39.5% Calc posteriors
14:21 15.2Gb   39.5% Calc posteriors
14:22 15.2Gb   39.6% Calc posteriors
14:23 15.3Gb   39.6% Calc posteriors
14:24 15.3Gb   39.7% Calc posteriors
14:25 15.3Gb   39.7% Calc posteriors
14:26 15.3Gb   39.8% Calc posteriors
14:27 15.3Gb   39.8% Calc posteriors
14:28 15.3Gb   39.9% Calc posteriors
14:29 15.3Gb   39.9% Calc posteriors
14:30 15.3Gb   40.0% Calc posteriors
14:31 15.3Gb   40.0% Calc posteriors
14:32 15.3Gb   40.1% Calc posteriors
14:33 15.4Gb   40.1% Calc posteriors
14:34 15.4Gb   40.1% Calc posteriors
14:35 15.4Gb   40.2% Calc posteriors
14:36 15.5Gb   40.2% Calc posteriors
14:37 15.5Gb   40.3% Calc posteriors
14:38 15.5Gb   40.3% Calc posteriors
14:39 15.5Gb   40.4% Calc posteriors
14:40 15.5Gb   40.4% Calc posteriors
14:41 15.5Gb   40.5% Calc posteriors
14:42 15.5Gb   40.5% Calc posteriors
14:43 15.5Gb   40.6% Calc posteriors
14:44 15.5Gb   40.6% Calc posteriors
14:45 15.5Gb   40.7% Calc posteriors
14:46 15.5Gb   40.7% Calc posteriors
14:47 15.6Gb   40.8% Calc posteriors
14:48 15.6Gb   40.8% Calc posteriors
14:49 15.6Gb   40.8% Calc posteriors
14:50 15.7Gb   40.9% Calc posteriors
14:51 15.7Gb   40.9% Calc posteriors
14:52 15.7Gb   41.0% Calc posteriors
14:53 15.7Gb   41.0% Calc posteriors
14:54 15.7Gb   41.1% Calc posteriors
14:55 15.8Gb   41.1% Calc posteriors
14:56 15.8Gb   41.2% Calc posteriors
14:57 15.8Gb   41.2% Calc posteriors
14:58 15.8Gb   41.3% Calc posteriors
14:59 15.9Gb   41.3% Calc posteriors
15:00 15.9Gb   41.4% Calc posteriors
15:01 15.9Gb   41.4% Calc posteriors
15:02 15.9Gb   41.5% Calc posteriors
15:03 16.0Gb   41.5% Calc posteriors
15:04 16.0Gb   41.5% Calc posteriors
15:05 16.0Gb   41.6% Calc posteriors
15:06 16.0Gb   41.6% Calc posteriors
15:07 16.0Gb   41.7% Calc posteriors
15:08 16.0Gb   41.7% Calc posteriors
15:09 16.0Gb   41.8% Calc posteriors
15:10 16.0Gb   41.8% Calc posteriors
15:11 16.0Gb   41.9% Calc posteriors
15:12 16.0Gb   41.9% Calc posteriors
15:13 16.0Gb   42.0% Calc posteriors
15:14 16.0Gb   42.0% Calc posteriors
15:15 16.0Gb   42.0% Calc posteriors
15:16 16.0Gb   42.1% Calc posteriors
15:17 16.1Gb   42.1% Calc posteriors
15:18 16.1Gb   42.2% Calc posteriors
15:19 16.1Gb   42.2% Calc posteriors
15:20 16.1Gb   42.3% Calc posteriors
15:21 16.1Gb   42.3% Calc posteriors
15:22 16.1Gb   42.4% Calc posteriors
15:23 16.2Gb   42.4% Calc posteriors
15:24 16.2Gb   42.5% Calc posteriors
15:25 16.2Gb   42.5% Calc posteriors
15:26 16.2Gb   42.5% Calc posteriors
15:27 16.2Gb   42.6% Calc posteriors
15:28 16.3Gb   42.6% Calc posteriors
15:29 16.3Gb   42.7% Calc posteriors
15:30 16.4Gb   42.7% Calc posteriors
15:31 16.4Gb   42.8% Calc posteriors
15:32 16.4Gb   42.8% Calc posteriors
15:33 16.4Gb   42.9% Calc posteriors
15:34 16.4Gb   42.9% Calc posteriors
15:35 16.5Gb   43.0% Calc posteriors
15:36 16.5Gb   43.0% Calc posteriors
15:37 16.5Gb   43.1% Calc posteriors
15:38 16.5Gb   43.1% Calc posteriors
15:39 16.5Gb   43.1% Calc posteriors
15:40 16.5Gb   43.2% Calc posteriors
15:41 16.5Gb   43.2% Calc posteriors
15:42 16.5Gb   43.3% Calc posteriors
15:43 16.5Gb   43.3% Calc posteriors
15:44 16.5Gb   43.4% Calc posteriors
15:45 16.5Gb   43.4% Calc posteriors
15:46 16.5Gb   43.5% Calc posteriors
15:47 16.5Gb   43.5% Calc posteriors
15:48 16.5Gb   43.6% Calc posteriors
15:49 16.5Gb   43.6% Calc posteriors
15:50 16.7Gb   43.7% Calc posteriors
15:51 16.7Gb   43.7% Calc posteriors
15:52 16.7Gb   43.8% Calc posteriors
15:53 16.7Gb   43.8% Calc posteriors
15:54 16.7Gb   43.8% Calc posteriors
15:55 16.8Gb   43.9% Calc posteriors
15:56 16.8Gb   43.9% Calc posteriors
15:57 16.8Gb   44.0% Calc posteriors
15:58 16.8Gb   44.0% Calc posteriors
15:59 16.8Gb   44.1% Calc posteriors
16:00 16.8Gb   44.1% Calc posteriors
16:01 16.9Gb   44.2% Calc posteriors
16:02 16.9Gb   44.2% Calc posteriors
16:03 16.9Gb   44.3% Calc posteriors
16:04 16.9Gb   44.3% Calc posteriors
16:05 16.9Gb   44.4% Calc posteriors
16:06 16.9Gb   44.4% Calc posteriors
16:07 16.9Gb   44.4% Calc posteriors
16:08 16.9Gb   44.5% Calc posteriors
16:09 16.9Gb   44.5% Calc posteriors
16:10 16.9Gb   44.6% Calc posteriors
16:11 16.9Gb   44.6% Calc posteriors
16:12 16.9Gb   44.7% Calc posteriors
16:13 16.9Gb   44.7% Calc posteriors
16:14 17.0Gb   44.8% Calc posteriors
16:15 17.0Gb   44.8% Calc posteriors
16:16 17.0Gb   44.9% Calc posteriors
16:17 17.0Gb   44.9% Calc posteriors
16:18 17.1Gb   44.9% Calc posteriors
16:19 17.1Gb   45.0% Calc posteriors
16:20 17.1Gb   45.0% Calc posteriors
16:21 17.1Gb   45.1% Calc posteriors
16:22 17.2Gb   45.1% Calc posteriors
16:23 17.2Gb   45.2% Calc posteriors
16:24 17.2Gb   45.2% Calc posteriors
16:25 17.2Gb   45.3% Calc posteriors
16:26 17.2Gb   45.3% Calc posteriors
16:27 17.2Gb   45.4% Calc posteriors
16:28 17.2Gb   45.4% Calc posteriors
16:29 17.3Gb   45.5% Calc posteriors
16:30 17.3Gb   45.5% Calc posteriors
16:31 17.3Gb   45.5% Calc posteriors
16:32 17.3Gb   45.6% Calc posteriors
16:33 17.3Gb   45.6% Calc posteriors
16:34 17.4Gb   45.7% Calc posteriors
16:35 17.4Gb   45.7% Calc posteriors
16:36 17.4Gb   45.8% Calc posteriors
16:37 17.4Gb   45.8% Calc posteriors
16:38 17.4Gb   45.9% Calc posteriors
16:39 17.4Gb   45.9% Calc posteriors
16:40 17.4Gb   46.0% Calc posteriors
16:41 17.4Gb   46.0% Calc posteriors
16:42 17.4Gb   46.1% Calc posteriors
16:43 17.4Gb   46.1% Calc posteriors
16:44 17.4Gb   46.2% Calc posteriors
16:45 17.4Gb   46.2% Calc posteriors
16:46 17.4Gb   46.2% Calc posteriors
16:47 17.5Gb   46.3% Calc posteriors
16:48 17.5Gb   46.3% Calc posteriors
16:49 17.5Gb   46.4% Calc posteriors
16:50 17.5Gb   46.4% Calc posteriors
16:51 17.6Gb   46.5% Calc posteriors
16:52 17.6Gb   46.5% Calc posteriors
16:53 17.6Gb   46.6% Calc posteriors
16:54 17.7Gb   46.6% Calc posteriors
16:55 17.7Gb   46.7% Calc posteriors
16:56 17.7Gb   46.7% Calc posteriors
16:57 17.7Gb   46.7% Calc posteriors
16:58 17.7Gb   46.8% Calc posteriors
16:59 17.8Gb   46.8% Calc posteriors
17:00 17.8Gb   46.9% Calc posteriors
17:01 17.9Gb   46.9% Calc posteriors
17:02 18.0Gb   47.0% Calc posteriors
17:03 18.0Gb   47.0% Calc posteriors
17:04 18.0Gb   47.1% Calc posteriors
17:05 18.0Gb   47.1% Calc posteriors
17:06 18.0Gb   47.2% Calc posteriors
17:07 18.0Gb   47.2% Calc posteriors
17:08 18.0Gb   47.2% Calc posteriors
17:09 18.1Gb   47.3% Calc posteriors
17:10 18.1Gb   47.3% Calc posteriors
17:11 18.1Gb   47.4% Calc posteriors
17:12 18.1Gb   47.4% Calc posteriors
17:13 18.1Gb   47.5% Calc posteriors
17:14 18.1Gb   47.5% Calc posteriors
17:15 18.1Gb   47.6% Calc posteriors
17:16 18.1Gb   47.6% Calc posteriors
17:17 18.1Gb   47.7% Calc posteriors
17:18 18.1Gb   47.7% Calc posteriors
17:19 18.1Gb   47.8% Calc posteriors
17:20 18.1Gb   47.8% Calc posteriors
17:21 18.1Gb   47.8% Calc posteriors
17:22 18.1Gb   47.9% Calc posteriors
17:23 18.1Gb   47.9% Calc posteriors
17:24 18.1Gb   48.0% Calc posteriors
17:25 18.1Gb   48.0% Calc posteriors
17:26 18.1Gb   48.1% Calc posteriors
17:27 18.1Gb   48.1% Calc posteriors
17:28 18.1Gb   48.2% Calc posteriors
17:29 18.1Gb   48.2% Calc posteriors
17:30 18.1Gb   48.3% Calc posteriors
17:31 18.2Gb   48.3% Calc posteriors
17:32 18.2Gb   48.4% Calc posteriors
17:33 18.2Gb   48.4% Calc posteriors
17:34 18.2Gb   48.4% Calc posteriors
17:35 18.3Gb   48.5% Calc posteriors
17:36 18.3Gb   48.5% Calc posteriors
17:37 18.3Gb   48.6% Calc posteriors
17:38 18.3Gb   48.6% Calc posteriors
17:39 18.3Gb   48.7% Calc posteriors
17:40 18.3Gb   48.7% Calc posteriors
17:41 18.3Gb   48.8% Calc posteriors
17:42 18.3Gb   48.8% Calc posteriors
17:43 18.4Gb   48.9% Calc posteriors
17:44 18.5Gb   48.9% Calc posteriors
17:45 18.5Gb   48.9% Calc posteriors
17:46 18.5Gb   49.0% Calc posteriors
17:47 18.5Gb   49.0% Calc posteriors
17:48 18.5Gb   49.1% Calc posteriors
17:49 18.5Gb   49.1% Calc posteriors
17:50 18.5Gb   49.2% Calc posteriors
17:51 18.6Gb   49.2% Calc posteriors
17:52 18.6Gb   49.3% Calc posteriors
17:53 18.6Gb   49.3% Calc posteriors
17:54 18.6Gb   49.4% Calc posteriors
17:55 18.6Gb   49.4% Calc posteriors
17:56 18.6Gb   49.5% Calc posteriors
17:57 18.6Gb   49.5% Calc posteriors
17:58 18.6Gb   49.6% Calc posteriors
17:59 18.6Gb   49.6% Calc posteriors
18:00 18.6Gb   49.6% Calc posteriors
18:01 18.6Gb   49.7% Calc posteriors
18:02 18.7Gb   49.7% Calc posteriors
18:03 18.7Gb   49.8% Calc posteriors
18:04 18.8Gb   49.8% Calc posteriors
18:05 18.8Gb   49.9% Calc posteriors
18:06 18.8Gb   49.9% Calc posteriors
18:07 18.8Gb   50.0% Calc posteriors
18:08 18.8Gb   50.0% Calc posteriors
18:09 18.8Gb   50.1% Calc posteriors
18:10 18.8Gb   50.1% Calc posteriors
18:11 18.9Gb   50.2% Calc posteriors
18:12 19.0Gb   50.2% Calc posteriors
18:13 19.1Gb   50.2% Calc posteriors
18:14 19.1Gb   50.3% Calc posteriors
18:15 19.2Gb   50.3% Calc posteriors
18:16 19.2Gb   50.4% Calc posteriors
18:17 19.2Gb   50.4% Calc posteriors
18:18 19.2Gb   50.5% Calc posteriors
18:19 19.2Gb   50.5% Calc posteriors
18:20 19.2Gb   50.6% Calc posteriors
18:21 19.2Gb   50.6% Calc posteriors
18:22 19.2Gb   50.7% Calc posteriors
18:23 19.2Gb   50.7% Calc posteriors
18:24 19.2Gb   50.8% Calc posteriors
18:25 19.2Gb   50.8% Calc posteriors
18:26 19.2Gb   50.8% Calc posteriors
18:27 19.3Gb   50.9% Calc posteriors
18:28 19.3Gb   50.9% Calc posteriors
18:29 19.3Gb   51.0% Calc posteriors
18:30 19.4Gb   51.0% Calc posteriors
18:31 19.5Gb   51.1% Calc posteriors
18:32 19.5Gb   51.1% Calc posteriors
18:33 19.5Gb   51.2% Calc posteriors
18:34 19.5Gb   51.2% Calc posteriors
18:35 19.5Gb   51.3% Calc posteriors
18:36 19.5Gb   51.3% Calc posteriors
18:37 19.5Gb   51.3% Calc posteriors
18:38 19.5Gb   51.4% Calc posteriors
18:39 19.5Gb   51.4% Calc posteriors
18:40 19.5Gb   51.5% Calc posteriors
18:41 19.5Gb   51.5% Calc posteriors
18:42 19.5Gb   51.6% Calc posteriors
18:43 19.5Gb   51.6% Calc posteriors
18:44 19.5Gb   51.7% Calc posteriors
18:45 19.5Gb   51.7% Calc posteriors
18:46 19.5Gb   51.8% Calc posteriors
18:47 19.5Gb   51.8% Calc posteriors
18:48 19.5Gb   51.9% Calc posteriors
18:49 19.5Gb   51.9% Calc posteriors
18:50 19.5Gb   51.9% Calc posteriors
18:51 19.5Gb   52.0% Calc posteriors
18:52 19.5Gb   52.0% Calc posteriors
18:53 19.5Gb   52.1% Calc posteriors
18:54 19.5Gb   52.1% Calc posteriors
18:55 19.5Gb   52.2% Calc posteriors
18:56 19.5Gb   52.2% Calc posteriors
18:57 19.5Gb   52.3% Calc posteriors
18:58 19.5Gb   52.3% Calc posteriors
18:59 19.5Gb   52.4% Calc posteriors
19:00 19.5Gb   52.4% Calc posteriors
19:01 19.5Gb   52.5% Calc posteriors
19:02 19.6Gb   52.5% Calc posteriors
19:03 19.6Gb   52.6% Calc posteriors
19:04 19.7Gb   52.6% Calc posteriors
19:05 19.7Gb   52.7% Calc posteriors
19:06 19.7Gb   52.7% Calc posteriors
19:07 19.8Gb   52.7% Calc posteriors
19:08 19.9Gb   52.8% Calc posteriors
19:09 19.9Gb   52.8% Calc posteriors
19:10 19.9Gb   52.9% Calc posteriors
19:11 19.9Gb   52.9% Calc posteriors
19:12 19.9Gb   53.0% Calc posteriors
19:13 19.9Gb   53.0% Calc posteriors
19:14 19.9Gb   53.1% Calc posteriors
19:15 19.9Gb   53.1% Calc posteriors
19:16 19.9Gb   53.2% Calc posteriors
19:17 20.0Gb   53.2% Calc posteriors
19:18 20.0Gb   53.3% Calc posteriors
19:19 20.0Gb   53.3% Calc posteriors
19:20 20.0Gb   53.4% Calc posteriors
19:21 20.0Gb   53.4% Calc posteriors
19:22 20.0Gb   53.4% Calc posteriors
19:23 20.0Gb   53.5% Calc posteriors
19:24 20.0Gb   53.5% Calc posteriors
19:25 20.1Gb   53.6% Calc posteriors
19:26 20.1Gb   53.6% Calc posteriors
19:27 20.1Gb   53.7% Calc posteriors
19:28 20.2Gb   53.7% Calc posteriors
19:29 20.2Gb   53.8% Calc posteriors
19:30 20.2Gb   53.8% Calc posteriors
19:31 20.2Gb   53.9% Calc posteriors
19:32 20.2Gb   53.9% Calc posteriors
19:33 20.2Gb   53.9% Calc posteriors
19:34 20.3Gb   54.0% Calc posteriors
19:35 20.3Gb   54.0% Calc posteriors
19:36 20.3Gb   54.1% Calc posteriors
19:37 20.4Gb   54.1% Calc posteriors
19:38 20.4Gb   54.2% Calc posteriors
19:39 20.4Gb   54.2% Calc posteriors
19:40 20.4Gb   54.3% Calc posteriors
19:41 20.5Gb   54.3% Calc posteriors
19:42 20.5Gb   54.4% Calc posteriors
19:43 20.5Gb   54.4% Calc posteriors
19:44 20.5Gb   54.5% Calc posteriors
19:45 20.5Gb   54.5% Calc posteriors
19:46 20.5Gb   54.5% Calc posteriors
19:47 20.5Gb   54.6% Calc posteriors
19:48 20.5Gb   54.6% Calc posteriors
19:49 20.5Gb   54.7% Calc posteriors
19:50 20.6Gb   54.7% Calc posteriors
19:51 20.6Gb   54.8% Calc posteriors
19:52 20.6Gb   54.8% Calc posteriors
19:53 20.7Gb   54.9% Calc posteriors
19:54 20.8Gb   54.9% Calc posteriors
19:55 20.8Gb   55.0% Calc posteriors
19:56 20.8Gb   55.0% Calc posteriors
19:57 20.8Gb   55.0% Calc posteriors
19:58 20.8Gb   55.1% Calc posteriors
19:59 20.8Gb   55.1% Calc posteriors
20:00 20.8Gb   55.2% Calc posteriors
20:01 20.8Gb   55.2% Calc posteriors
20:02 20.8Gb   55.3% Calc posteriors
20:03 20.8Gb   55.3% Calc posteriors
20:04 20.8Gb   55.4% Calc posteriors
20:05 20.8Gb   55.4% Calc posteriors
20:06 20.8Gb   55.5% Calc posteriors
20:07 20.8Gb   55.5% Calc posteriors
20:08 20.8Gb   55.6% Calc posteriors
20:09 20.9Gb   55.6% Calc posteriors
20:10 20.9Gb   55.6% Calc posteriors
20:11 20.9Gb   55.7% Calc posteriors
20:12 20.9Gb   55.7% Calc posteriors
20:13 20.9Gb   55.8% Calc posteriors
20:14 20.9Gb   55.8% Calc posteriors
20:15 20.9Gb   55.9% Calc posteriors
20:16 20.9Gb   55.9% Calc posteriors
20:17 20.9Gb   56.0% Calc posteriors
20:18 20.9Gb   56.0% Calc posteriors
20:19 20.9Gb   56.1% Calc posteriors
20:20 20.9Gb   56.1% Calc posteriors
20:21 20.9Gb   56.2% Calc posteriors
20:22 20.9Gb   56.2% Calc posteriors
20:23 21.0Gb   56.2% Calc posteriors
20:24 21.0Gb   56.3% Calc posteriors
20:25 21.0Gb   56.3% Calc posteriors
20:26 21.0Gb   56.4% Calc posteriors
20:27 21.0Gb   56.4% Calc posteriors
20:28 21.0Gb   56.5% Calc posteriors
20:29 21.1Gb   56.5% Calc posteriors
20:30 21.1Gb   56.6% Calc posteriors
20:31 21.1Gb   56.6% Calc posteriors
20:32 21.2Gb   56.7% Calc posteriors
20:33 21.2Gb   56.7% Calc posteriors
20:34 21.2Gb   56.8% Calc posteriors
20:35 21.2Gb   56.8% Calc posteriors
20:36 21.2Gb   56.8% Calc posteriors
20:37 21.2Gb   56.9% Calc posteriors
20:38 21.3Gb   56.9% Calc posteriors
20:39 21.3Gb   57.0% Calc posteriors
20:40 21.3Gb   57.0% Calc posteriors
20:41 21.3Gb   57.1% Calc posteriors
20:42 21.3Gb   57.1% Calc posteriors
20:43 21.3Gb   57.2% Calc posteriors
20:44 21.3Gb   57.2% Calc posteriors
20:45 21.4Gb   57.2% Calc posteriors
20:46 21.4Gb   57.3% Calc posteriors
20:47 21.4Gb   57.3% Calc posteriors
20:48 21.4Gb   57.4% Calc posteriors
20:49 21.4Gb   57.4% Calc posteriors
20:50 21.4Gb   57.5% Calc posteriors
20:51 21.4Gb   57.5% Calc posteriors
20:52 21.4Gb   57.6% Calc posteriors
20:53 21.4Gb   57.6% Calc posteriors
20:54 21.6Gb   57.7% Calc posteriors
20:55 21.6Gb   57.7% Calc posteriors
20:56 21.6Gb   57.8% Calc posteriors
20:57 21.6Gb   57.8% Calc posteriors
20:58 21.6Gb   57.9% Calc posteriors
20:59 21.6Gb   57.9% Calc posteriors
21:00 21.6Gb   57.9% Calc posteriors
21:01 21.6Gb   58.0% Calc posteriors
21:02 21.6Gb   58.0% Calc posteriors
21:03 21.6Gb   58.1% Calc posteriors
21:04 21.7Gb   58.1% Calc posteriors
21:05 21.8Gb   58.2% Calc posteriors
21:06 21.8Gb   58.2% Calc posteriors
21:07 21.9Gb   58.3% Calc posteriors
21:08 21.9Gb   58.3% Calc posteriors
21:09 21.9Gb   58.4% Calc posteriors
21:10 22.0Gb   58.4% Calc posteriors
21:11 22.0Gb   58.5% Calc posteriors
21:12 22.0Gb   58.5% Calc posteriors
21:13 22.0Gb   58.5% Calc posteriors
21:14 22.0Gb   58.6% Calc posteriors
21:15 22.0Gb   58.6% Calc posteriors
21:16 22.0Gb   58.7% Calc posteriors
21:17 22.0Gb   58.7% Calc posteriors
21:18 22.1Gb   58.8% Calc posteriors
21:19 22.1Gb   58.8% Calc posteriors
21:20 22.1Gb   58.9% Calc posteriors
21:21 22.1Gb   58.9% Calc posteriors
21:22 22.2Gb   59.0% Calc posteriors
21:23 22.2Gb   59.0% Calc posteriors
21:24 22.2Gb   59.1% Calc posteriors
21:25 22.2Gb   59.1% Calc posteriors
21:26 22.2Gb   59.2% Calc posteriors
21:27 22.2Gb   59.2% Calc posteriors
21:28 22.2Gb   59.3% Calc posteriors
21:29 22.2Gb   59.3% Calc posteriors
21:30 22.2Gb   59.3% Calc posteriors
21:31 22.2Gb   59.4% Calc posteriors
21:32 22.2Gb   59.4% Calc posteriors
21:33 22.3Gb   59.5% Calc posteriors
21:34 22.3Gb   59.5% Calc posteriors
21:35 22.3Gb   59.6% Calc posteriors
21:36 22.3Gb   59.6% Calc posteriors
21:37 22.3Gb   59.7% Calc posteriors
21:38 22.3Gb   59.7% Calc posteriors
21:39 22.3Gb   59.8% Calc posteriors
21:40 22.3Gb   59.8% Calc posteriors
21:41 22.3Gb   59.9% Calc posteriors
21:42 22.3Gb   59.9% Calc posteriors
21:43 22.3Gb   59.9% Calc posteriors
21:44 22.3Gb   60.0% Calc posteriors
21:45 22.3Gb   60.0% Calc posteriors
21:46 22.3Gb   60.1% Calc posteriors
21:47 22.3Gb   60.1% Calc posteriors
21:48 22.3Gb   60.2% Calc posteriors
21:49 22.3Gb   60.2% Calc posteriors
21:50 22.4Gb   60.3% Calc posteriors
21:51 22.5Gb   60.3% Calc posteriors
21:52 22.5Gb   60.4% Calc posteriors
21:53 22.5Gb   60.4% Calc posteriors
21:54 22.5Gb   60.5% Calc posteriors
21:55 22.5Gb   60.5% Calc posteriors
21:56 22.6Gb   60.6% Calc posteriors
21:57 22.6Gb   60.6% Calc posteriors
21:58 22.6Gb   60.6% Calc posteriors
21:59 22.6Gb   60.7% Calc posteriors
22:00 22.6Gb   60.7% Calc posteriors
22:01 22.6Gb   60.8% Calc posteriors
22:02 22.6Gb   60.8% Calc posteriors
22:03 22.6Gb   60.9% Calc posteriors
22:04 22.6Gb   60.9% Calc posteriors
22:05 22.6Gb   61.0% Calc posteriors
22:06 22.7Gb   61.0% Calc posteriors
22:07 22.7Gb   61.1% Calc posteriors
22:08 22.7Gb   61.1% Calc posteriors
22:09 22.7Gb   61.2% Calc posteriors
22:10 22.7Gb   61.2% Calc posteriors
22:11 22.8Gb   61.3% Calc posteriors
22:12 22.8Gb   61.3% Calc posteriors
22:13 22.8Gb   61.3% Calc posteriors
22:14 22.8Gb   61.4% Calc posteriors
22:15 22.8Gb   61.4% Calc posteriors
22:16 22.8Gb   61.5% Calc posteriors
22:17 22.8Gb   61.5% Calc posteriors
22:18 22.8Gb   61.6% Calc posteriors
22:19 22.8Gb   61.6% Calc posteriors
22:20 22.8Gb   61.7% Calc posteriors
22:21 22.8Gb   61.7% Calc posteriors
22:22 22.8Gb   61.8% Calc posteriors
22:23 22.9Gb   61.8% Calc posteriors
22:24 22.9Gb   61.8% Calc posteriors
22:25 23.0Gb   61.9% Calc posteriors
22:26 23.0Gb   61.9% Calc posteriors
22:27 23.0Gb   62.0% Calc posteriors
22:28 23.0Gb   62.0% Calc posteriors
22:29 23.1Gb   62.1% Calc posteriors
22:30 23.2Gb   62.1% Calc posteriors
22:31 23.4Gb   62.2% Calc posteriors
22:32 23.4Gb   62.2% Calc posteriors
22:33 23.4Gb   62.3% Calc posteriors
22:34 23.4Gb   62.3% Calc posteriors
22:35 23.4Gb   62.4% Calc posteriors
22:36 23.4Gb   62.4% Calc posteriors
22:37 23.4Gb   62.5% Calc posteriors
22:38 23.4Gb   62.5% Calc posteriors
22:39 23.4Gb   62.6% Calc posteriors
22:40 23.4Gb   62.6% Calc posteriors
22:41 23.4Gb   62.7% Calc posteriors
22:42 23.4Gb   62.7% Calc posteriors
22:43 23.4Gb   62.8% Calc posteriors
22:44 23.4Gb   62.8% Calc posteriors
22:45 23.4Gb   62.8% Calc posteriors
22:46 23.4Gb   62.9% Calc posteriors
22:47 23.4Gb   62.9% Calc posteriors
22:48 23.5Gb   63.0% Calc posteriors
22:49 23.5Gb   63.0% Calc posteriors
22:50 23.5Gb   63.1% Calc posteriors
22:51 23.5Gb   63.1% Calc posteriors
22:52 23.5Gb   63.2% Calc posteriors
22:53 23.5Gb   63.2% Calc posteriors
22:54 23.5Gb   63.3% Calc posteriors
22:55 23.5Gb   63.3% Calc posteriors
22:56 23.7Gb   63.4% Calc posteriors
22:57 23.7Gb   63.4% Calc posteriors
22:58 23.7Gb   63.5% Calc posteriors
22:59 23.7Gb   63.5% Calc posteriors
23:00 23.7Gb   63.6% Calc posteriors
23:01 23.7Gb   63.6% Calc posteriors
23:02 23.7Gb   63.6% Calc posteriors
23:03 23.7Gb   63.7% Calc posteriors
23:04 23.7Gb   63.7% Calc posteriors
23:05 23.7Gb   63.8% Calc posteriors
23:06 23.7Gb   63.8% Calc posteriors
23:07 23.7Gb   63.9% Calc posteriors
23:08 23.7Gb   63.9% Calc posteriors
23:09 23.7Gb   64.0% Calc posteriors
23:10 23.7Gb   64.0% Calc posteriors
23:11 23.7Gb   64.1% Calc posteriors
23:12 23.7Gb   64.1% Calc posteriors
23:13 23.8Gb   64.2% Calc posteriors
23:14 23.9Gb   64.2% Calc posteriors
23:15 23.9Gb   64.3% Calc posteriors
23:16 23.9Gb   64.3% Calc posteriors
23:17 23.9Gb   64.3% Calc posteriors
23:18 23.9Gb   64.4% Calc posteriors
23:19 23.9Gb   64.4% Calc posteriors
23:20 24.0Gb   64.5% Calc posteriors
23:21 24.0Gb   64.5% Calc posteriors
23:22 24.0Gb   64.6% Calc posteriors
23:23 24.0Gb   64.6% Calc posteriors
23:24 24.1Gb   64.7% Calc posteriors
23:25 24.1Gb   64.7% Calc posteriors
23:26 24.1Gb   64.8% Calc posteriors
23:27 24.1Gb   64.8% Calc posteriors
23:28 24.1Gb   64.9% Calc posteriors
23:29 24.1Gb   64.9% Calc posteriors
23:30 24.1Gb   65.0% Calc posteriors
23:31 24.2Gb   65.0% Calc posteriors
23:32 24.2Gb   65.0% Calc posteriors
23:33 24.2Gb   65.1% Calc posteriors
23:34 24.2Gb   65.1% Calc posteriors
23:35 24.2Gb   65.2% Calc posteriors
23:36 24.2Gb   65.2% Calc posteriors
23:37 24.2Gb   65.3% Calc posteriors
23:38 24.2Gb   65.3% Calc posteriors
23:39 24.2Gb   65.4% Calc posteriors
23:40 24.2Gb   65.4% Calc posteriors
23:41 24.2Gb   65.5% Calc posteriors
23:42 24.2Gb   65.5% Calc posteriors
23:43 24.2Gb   65.6% Calc posteriors
23:44 24.2Gb   65.6% Calc posteriors
23:45 24.2Gb   65.7% Calc posteriors
23:46 24.2Gb   65.7% Calc posteriors
23:47 24.2Gb   65.8% Calc posteriors
23:48 24.3Gb   65.8% Calc posteriors
23:49 24.4Gb   65.8% Calc posteriors
23:50 24.4Gb   65.9% Calc posteriors
23:51 24.4Gb   65.9% Calc posteriors
23:52 24.4Gb   66.0% Calc posteriors
23:53 24.4Gb   66.0% Calc posteriors
23:54 24.5Gb   66.1% Calc posteriors
23:55 24.5Gb   66.1% Calc posteriors
23:56 24.6Gb   66.2% Calc posteriors
23:57 24.6Gb   66.2% Calc posteriors
23:58 24.6Gb   66.3% Calc posteriors
23:59 24.6Gb   66.3% Calc posteriors
24:00 24.6Gb   66.4% Calc posteriors
24:01 24.6Gb   66.4% Calc posteriors
24:02 24.6Gb   66.5% Calc posteriors
24:03 24.7Gb   66.5% Calc posteriors
24:04 24.7Gb   66.5% Calc posteriors
24:05 24.7Gb   66.6% Calc posteriors
24:06 24.8Gb   66.6% Calc posteriors
24:07 24.8Gb   66.7% Calc posteriors
24:08 24.8Gb   66.7% Calc posteriors
24:09 24.8Gb   66.8% Calc posteriors
24:10 24.9Gb   66.8% Calc posteriors
24:11 25.0Gb   66.9% Calc posteriors
24:12 25.0Gb   66.9% Calc posteriors
24:13 25.0Gb   67.0% Calc posteriors
24:14 25.1Gb   67.0% Calc posteriors
24:15 25.1Gb   67.1% Calc posteriors
24:16 25.1Gb   67.1% Calc posteriors
24:17 25.1Gb   67.1% Calc posteriors
24:18 25.1Gb   67.2% Calc posteriors
24:19 25.1Gb   67.2% Calc posteriors
24:20 25.1Gb   67.3% Calc posteriors
24:21 25.1Gb   67.3% Calc posteriors
24:22 25.1Gb   67.4% Calc posteriors
24:23 25.1Gb   67.4% Calc posteriors
24:24 25.1Gb   67.5% Calc posteriors
24:25 25.1Gb   67.5% Calc posteriors
24:26 25.1Gb   67.6% Calc posteriors
24:27 25.1Gb   67.6% Calc posteriors
24:28 25.1Gb   67.7% Calc posteriors
24:29 25.1Gb   67.7% Calc posteriors
24:30 25.1Gb   67.7% Calc posteriors
24:31 25.1Gb   67.8% Calc posteriors
24:32 25.2Gb   67.8% Calc posteriors
24:33 25.2Gb   67.9% Calc posteriors
24:34 25.2Gb   67.9% Calc posteriors
24:35 25.2Gb   68.0% Calc posteriors
24:36 25.2Gb   68.0% Calc posteriors
24:37 25.2Gb   68.1% Calc posteriors
24:38 25.2Gb   68.1% Calc posteriors
24:39 25.2Gb   68.2% Calc posteriors
24:40 25.2Gb   68.2% Calc posteriors
24:41 25.2Gb   68.3% Calc posteriors
24:42 25.2Gb   68.3% Calc posteriors
24:43 25.3Gb   68.4% Calc posteriors
24:44 25.4Gb   68.4% Calc posteriors
24:45 25.4Gb   68.5% Calc posteriors
24:46 25.4Gb   68.5% Calc posteriors
24:47 25.4Gb   68.5% Calc posteriors
24:48 25.4Gb   68.6% Calc posteriors
24:49 25.4Gb   68.6% Calc posteriors
24:50 25.4Gb   68.7% Calc posteriors
24:51 25.4Gb   68.7% Calc posteriors
24:52 25.4Gb   68.8% Calc posteriors
24:53 25.4Gb   68.8% Calc posteriors
24:54 25.4Gb   68.9% Calc posteriors
24:55 25.4Gb   68.9% Calc posteriors
24:56 25.5Gb   69.0% Calc posteriors
24:57 25.5Gb   69.0% Calc posteriors
24:58 25.5Gb   69.1% Calc posteriors
24:59 25.5Gb   69.1% Calc posteriors
25:00 25.6Gb   69.2% Calc posteriors
25:01 25.6Gb   69.2% Calc posteriors
25:02 25.6Gb   69.2% Calc posteriors
25:03 25.6Gb   69.3% Calc posteriors
25:04 25.6Gb   69.3% Calc posteriors
25:05 25.6Gb   69.4% Calc posteriors
25:06 25.6Gb   69.4% Calc posteriors
25:07 25.6Gb   69.5% Calc posteriors
25:08 25.7Gb   69.5% Calc posteriors
25:09 25.7Gb   69.6% Calc posteriors
25:10 25.7Gb   69.6% Calc posteriors
25:11 25.7Gb   69.7% Calc posteriors
25:12 25.7Gb   69.7% Calc posteriors
25:13 25.8Gb   69.8% Calc posteriors
25:14 25.8Gb   69.8% Calc posteriors
25:15 25.8Gb   69.8% Calc posteriors
25:16 25.8Gb   69.9% Calc posteriors
25:17 25.8Gb   69.9% Calc posteriors
25:18 25.8Gb   70.0% Calc posteriors
25:19 26.0Gb   70.0% Calc posteriors
25:20 26.0Gb   70.1% Calc posteriors
25:21 26.0Gb   70.1% Calc posteriors
25:22 26.0Gb   70.2% Calc posteriors
25:23 26.0Gb   70.2% Calc posteriors
25:24 26.0Gb   70.3% Calc posteriors
25:25 26.0Gb   70.3% Calc posteriors
25:26 26.0Gb   70.4% Calc posteriors
25:27 26.1Gb   70.4% Calc posteriors
25:28 26.1Gb   70.5% Calc posteriors
25:29 26.2Gb   70.5% Calc posteriors
25:30 26.2Gb   70.6% Calc posteriors
25:31 26.2Gb   70.6% Calc posteriors
25:32 26.2Gb   70.7% Calc posteriors
25:33 26.3Gb   70.7% Calc posteriors
25:34 26.3Gb   70.7% Calc posteriors
25:35 26.3Gb   70.8% Calc posteriors
25:36 26.3Gb   70.8% Calc posteriors
25:37 26.3Gb   70.9% Calc posteriors
25:38 26.3Gb   70.9% Calc posteriors
25:39 26.3Gb   71.0% Calc posteriors
25:40 26.4Gb   71.0% Calc posteriors
25:41 26.4Gb   71.1% Calc posteriors
25:42 26.4Gb   71.1% Calc posteriors
25:43 26.4Gb   71.2% Calc posteriors
25:44 26.4Gb   71.2% Calc posteriors
25:45 26.4Gb   71.3% Calc posteriors
25:46 26.4Gb   71.3% Calc posteriors
25:47 26.4Gb   71.4% Calc posteriors
25:48 26.4Gb   71.4% Calc posteriors
25:49 26.4Gb   71.5% Calc posteriors
25:50 26.4Gb   71.5% Calc posteriors
25:51 26.4Gb   71.5% Calc posteriors
25:52 26.5Gb   71.6% Calc posteriors
25:53 26.5Gb   71.6% Calc posteriors
25:54 26.5Gb   71.7% Calc posteriors
25:55 26.5Gb   71.7% Calc posteriors
25:56 26.5Gb   71.8% Calc posteriors
25:57 26.6Gb   71.8% Calc posteriors
25:58 26.6Gb   71.9% Calc posteriors
25:59 26.6Gb   71.9% Calc posteriors
26:00 26.7Gb   72.0% Calc posteriors
26:01 26.7Gb   72.0% Calc posteriors
26:02 26.7Gb   72.1% Calc posteriors
26:03 26.7Gb   72.1% Calc posteriors
26:04 26.7Gb   72.2% Calc posteriors
26:05 26.7Gb   72.2% Calc posteriors
26:06 26.7Gb   72.3% Calc posteriors
26:07 26.7Gb   72.3% Calc posteriors
26:08 26.7Gb   72.4% Calc posteriors
26:09 26.8Gb   72.4% Calc posteriors
26:10 26.8Gb   72.5% Calc posteriors
26:11 26.8Gb   72.5% Calc posteriors
26:12 26.8Gb   72.5% Calc posteriors
26:13 26.8Gb   72.6% Calc posteriors
26:14 26.8Gb   72.6% Calc posteriors
26:15 26.8Gb   72.7% Calc posteriors
26:16 26.8Gb   72.7% Calc posteriors
26:17 26.8Gb   72.8% Calc posteriors
26:18 26.8Gb   72.8% Calc posteriors
26:19 26.9Gb   72.9% Calc posteriors
26:20 26.9Gb   72.9% Calc posteriors
26:21 26.9Gb   73.0% Calc posteriors
26:22 26.9Gb   73.0% Calc posteriors
26:23 26.9Gb   73.1% Calc posteriors
26:24 27.0Gb   73.1% Calc posteriors
26:25 27.0Gb   73.2% Calc posteriors
26:26 27.0Gb   73.2% Calc posteriors
26:27 27.0Gb   73.3% Calc posteriors
26:28 27.0Gb   73.3% Calc posteriors
26:29 27.0Gb   73.4% Calc posteriors
26:30 27.0Gb   73.4% Calc posteriors
26:31 27.0Gb   73.5% Calc posteriors
26:32 27.1Gb   73.5% Calc posteriors
26:33 27.1Gb   73.5% Calc posteriors
26:34 27.1Gb   73.6% Calc posteriors
26:35 27.1Gb   73.6% Calc posteriors
26:36 27.1Gb   73.7% Calc posteriors
26:37 27.2Gb   73.7% Calc posteriors
26:38 27.2Gb   73.8% Calc posteriors
26:39 27.2Gb   73.8% Calc posteriors
26:40 27.2Gb   73.9% Calc posteriors
26:41 27.2Gb   73.9% Calc posteriors
26:42 27.2Gb   74.0% Calc posteriors
26:43 27.4Gb   74.0% Calc posteriors
26:44 27.4Gb   74.1% Calc posteriors
26:45 27.4Gb   74.1% Calc posteriors
26:46 27.4Gb   74.2% Calc posteriors
26:47 27.4Gb   74.2% Calc posteriors
26:48 27.4Gb   74.2% Calc posteriors
26:49 27.5Gb   74.3% Calc posteriors
26:50 27.5Gb   74.3% Calc posteriors
26:51 27.5Gb   74.4% Calc posteriors
26:52 27.6Gb   74.4% Calc posteriors
26:53 27.6Gb   74.5% Calc posteriors
26:54 27.6Gb   74.5% Calc posteriors
26:55 27.6Gb   74.6% Calc posteriors
26:56 27.6Gb   74.6% Calc posteriors
26:57 27.6Gb   74.7% Calc posteriors
26:58 27.6Gb   74.7% Calc posteriors
26:59 27.6Gb   74.8% Calc posteriors
27:00 27.6Gb   74.8% Calc posteriors
27:01 27.6Gb   74.9% Calc posteriors
27:02 27.7Gb   74.9% Calc posteriors
27:03 27.7Gb   75.0% Calc posteriors
27:04 27.7Gb   75.0% Calc posteriors
27:05 27.7Gb   75.1% Calc posteriors
27:06 27.7Gb   75.1% Calc posteriors
27:07 27.7Gb   75.2% Calc posteriors
27:08 27.7Gb   75.2% Calc posteriors
27:09 27.7Gb   75.3% Calc posteriors
27:10 27.7Gb   75.3% Calc posteriors
27:11 27.7Gb   75.4% Calc posteriors
27:12 27.7Gb   75.4% Calc posteriors
27:13 27.7Gb   75.5% Calc posteriors
27:14 27.7Gb   75.5% Calc posteriors
27:15 27.7Gb   75.5% Calc posteriors
27:16 27.8Gb   75.6% Calc posteriors
27:17 27.9Gb   75.6% Calc posteriors
27:18 27.9Gb   75.7% Calc posteriors
27:19 27.9Gb   75.7% Calc posteriors
27:20 27.9Gb   75.8% Calc posteriors
27:21 27.9Gb   75.8% Calc posteriors
27:22 27.9Gb   75.9% Calc posteriors
27:23 27.9Gb   75.9% Calc posteriors
27:24 28.0Gb   76.0% Calc posteriors
27:25 28.1Gb   76.0% Calc posteriors
27:26 28.1Gb   76.1% Calc posteriors
27:27 28.1Gb   76.1% Calc posteriors
27:28 28.1Gb   76.2% Calc posteriors
27:29 28.2Gb   76.2% Calc posteriors
27:30 28.2Gb   76.3% Calc posteriors
27:31 28.2Gb   76.3% Calc posteriors
27:32 28.2Gb   76.4% Calc posteriors
27:33 28.2Gb   76.4% Calc posteriors
27:34 28.2Gb   76.5% Calc posteriors
27:35 28.2Gb   76.5% Calc posteriors
27:36 28.2Gb   76.6% Calc posteriors
27:37 28.2Gb   76.6% Calc posteriors
27:38 28.2Gb   76.7% Calc posteriors
27:39 28.2Gb   76.7% Calc posteriors
27:40 28.3Gb   76.8% Calc posteriors
27:41 28.3Gb   76.8% Calc posteriors
27:42 28.3Gb   76.9% Calc posteriors
27:43 28.3Gb   76.9% Calc posteriors
27:44 28.4Gb   77.0% Calc posteriors
27:45 28.5Gb   77.0% Calc posteriors
27:46 28.5Gb   77.1% Calc posteriors
27:47 28.5Gb   77.1% Calc posteriors
27:48 28.5Gb   77.2% Calc posteriors
27:49 28.5Gb   77.2% Calc posteriors
27:50 28.5Gb   77.3% Calc posteriors
27:51 28.5Gb   77.3% Calc posteriors
27:52 28.5Gb   77.3% Calc posteriors
27:53 28.5Gb   77.4% Calc posteriors
27:54 28.5Gb   77.5% Calc posteriors
27:55 28.5Gb   77.5% Calc posteriors
27:56 28.5Gb   77.6% Calc posteriors
27:57 28.6Gb   77.6% Calc posteriors
27:58 28.6Gb   77.7% Calc posteriors
27:59 28.6Gb   77.7% Calc posteriors
28:00 28.6Gb   77.8% Calc posteriors
28:01 28.7Gb   77.8% Calc posteriors
28:02 28.7Gb   77.9% Calc posteriors
28:03 28.7Gb   77.9% Calc posteriors
28:04 28.7Gb   78.0% Calc posteriors
28:05 28.7Gb   78.0% Calc posteriors
28:06 28.7Gb   78.1% Calc posteriors
28:07 28.8Gb   78.1% Calc posteriors
28:08 28.8Gb   78.2% Calc posteriors
28:09 28.8Gb   78.2% Calc posteriors
28:10 28.8Gb   78.3% Calc posteriors
28:11 28.8Gb   78.3% Calc posteriors
28:12 28.9Gb   78.4% Calc posteriors
28:13 28.9Gb   78.4% Calc posteriors
28:14 28.9Gb   78.4% Calc posteriors
28:15 28.9Gb   78.5% Calc posteriors
28:16 28.9Gb   78.5% Calc posteriors
28:17 28.9Gb   78.6% Calc posteriors
28:18 29.0Gb   78.6% Calc posteriors
28:19 29.0Gb   78.7% Calc posteriors
28:20 29.0Gb   78.7% Calc posteriors
28:21 29.0Gb   78.8% Calc posteriors
28:22 29.0Gb   78.8% Calc posteriors
28:23 29.0Gb   78.9% Calc posteriors
28:24 29.0Gb   78.9% Calc posteriors
28:25 29.0Gb   79.0% Calc posteriors
28:26 29.0Gb   79.0% Calc posteriors
28:27 29.0Gb   79.1% Calc posteriors
28:28 29.0Gb   79.1% Calc posteriors
28:29 29.0Gb   79.2% Calc posteriors
28:30 29.1Gb   79.2% Calc posteriors
28:31 29.1Gb   79.3% Calc posteriors
28:32 29.1Gb   79.3% Calc posteriors
28:33 29.2Gb   79.4% Calc posteriors
28:34 29.2Gb   79.4% Calc posteriors
28:35 29.2Gb   79.5% Calc posteriors
28:36 29.2Gb   79.5% Calc posteriors
28:37 29.2Gb   79.5% Calc posteriors
28:38 29.3Gb   79.6% Calc posteriors
28:39 29.3Gb   79.6% Calc posteriors
28:40 29.3Gb   79.7% Calc posteriors
28:41 29.3Gb   79.7% Calc posteriors
28:42 29.3Gb   79.8% Calc posteriors
28:43 29.3Gb   79.8% Calc posteriors
28:44 29.3Gb   79.9% Calc posteriors
28:45 29.3Gb   79.9% Calc posteriors
28:46 29.3Gb   80.0% Calc posteriors
28:47 29.3Gb   80.0% Calc posteriors
28:48 29.3Gb   80.0% Calc posteriors
28:49 29.3Gb   80.1% Calc posteriors
28:50 29.3Gb   80.1% Calc posteriors
28:51 29.3Gb   80.2% Calc posteriors
28:52 29.3Gb   80.2% Calc posteriors
28:53 29.4Gb   80.3% Calc posteriors
28:54 29.5Gb   80.3% Calc posteriors
28:55 29.5Gb   80.4% Calc posteriors
28:56 29.5Gb   80.4% Calc posteriors
28:57 29.6Gb   80.5% Calc posteriors
28:58 29.7Gb   80.5% Calc posteriors
28:59 29.7Gb   80.5% Calc posteriors
29:00 29.7Gb   80.6% Calc posteriors
29:01 29.7Gb   80.6% Calc posteriors
29:02 29.7Gb   80.7% Calc posteriors
29:03 29.7Gb   80.7% Calc posteriors
29:04 29.7Gb   80.8% Calc posteriors
29:05 29.8Gb   80.8% Calc posteriors
29:06 29.8Gb   80.9% Calc posteriors
29:07 29.8Gb   80.9% Calc posteriors
29:08 29.8Gb   81.0% Calc posteriors
29:09 29.8Gb   81.0% Calc posteriors
29:10 29.8Gb   81.0% Calc posteriors
29:11 29.9Gb   81.1% Calc posteriors
29:12 29.9Gb   81.1% Calc posteriors
29:13 29.9Gb   81.2% Calc posteriors
29:14 30.0Gb   81.2% Calc posteriors
29:15 30.0Gb   81.3% Calc posteriors
29:16 30.0Gb   81.3% Calc posteriors
29:17 30.0Gb   81.4% Calc posteriors
29:18 30.0Gb   81.4% Calc posteriors
29:19 30.0Gb   81.4% Calc posteriors
29:20 30.0Gb   81.5% Calc posteriors
29:21 30.0Gb   81.5% Calc posteriors
29:22 30.0Gb   81.6% Calc posteriors
29:23 30.0Gb   81.6% Calc posteriors
29:24 30.0Gb   81.7% Calc posteriors
29:25 30.0Gb   81.7% Calc posteriors
29:26 30.0Gb   81.8% Calc posteriors
29:27 30.0Gb   81.8% Calc posteriors
29:28 30.0Gb   81.8% Calc posteriors
29:29 30.0Gb   81.9% Calc posteriors
29:30 30.2Gb   81.9% Calc posteriors
29:31 30.2Gb   82.0% Calc posteriors
29:32 30.2Gb   82.0% Calc posteriors
29:33 30.2Gb   82.1% Calc posteriors
29:34 30.2Gb   82.1% Calc posteriors
29:35 30.2Gb   82.2% Calc posteriors
29:36 30.2Gb   82.2% Calc posteriors
29:37 30.2Gb   82.3% Calc posteriors
29:38 30.2Gb   82.3% Calc posteriors
29:39 30.2Gb   82.4% Calc posteriors
29:40 30.2Gb   82.4% Calc posteriors
29:41 30.2Gb   82.4% Calc posteriors
29:42 30.2Gb   82.5% Calc posteriors
29:43 30.2Gb   82.5% Calc posteriors
29:44 30.2Gb   82.6% Calc posteriors
29:45 30.2Gb   82.6% Calc posteriors
29:46 30.3Gb   82.7% Calc posteriors
29:47 30.3Gb   82.7% Calc posteriors
29:48 30.4Gb   82.8% Calc posteriors
29:49 30.4Gb   82.8% Calc posteriors
29:50 30.4Gb   82.8% Calc posteriors
29:51 30.4Gb   82.9% Calc posteriors
29:52 30.4Gb   82.9% Calc posteriors
29:53 30.4Gb   83.0% Calc posteriors
29:54 30.4Gb   83.0% Calc posteriors
29:55 30.4Gb   83.1% Calc posteriors
29:56 30.4Gb   83.1% Calc posteriors
29:57 30.5Gb   83.2% Calc posteriors
29:58 30.5Gb   83.2% Calc posteriors
29:59 30.5Gb   83.2% Calc posteriors
30:00 30.5Gb   83.3% Calc posteriors
30:01 30.5Gb   83.3% Calc posteriors
30:02 30.5Gb   83.4% Calc posteriors
30:03 30.5Gb   83.4% Calc posteriors
30:04 30.6Gb   83.5% Calc posteriors
30:05 30.6Gb   83.5% Calc posteriors
30:06 30.6Gb   83.6% Calc posteriors
30:07 30.6Gb   83.6% Calc posteriors
30:08 30.7Gb   83.7% Calc posteriors
30:09 30.7Gb   83.7% Calc posteriors
30:10 30.7Gb   83.7% Calc posteriors
30:11 30.7Gb   83.8% Calc posteriors
30:12 30.7Gb   83.8% Calc posteriors
30:13 30.7Gb   83.9% Calc posteriors
30:14 30.7Gb   83.9% Calc posteriors
30:15 30.7Gb   84.0% Calc posteriors
30:16 30.7Gb   84.0% Calc posteriors
30:17 30.7Gb   84.1% Calc posteriors
30:18 30.8Gb   84.1% Calc posteriors
30:19 30.9Gb   84.2% Calc posteriors
30:20 30.9Gb   84.2% Calc posteriors
30:21 30.9Gb   84.2% Calc posteriors
30:22 30.9Gb   84.3% Calc posteriors
30:23 30.9Gb   84.3% Calc posteriors
30:24 31.0Gb   84.4% Calc posteriors
30:25 31.0Gb   84.4% Calc posteriors
30:26 31.0Gb   84.5% Calc posteriors
30:27 31.1Gb   84.5% Calc posteriors
30:28 31.1Gb   84.6% Calc posteriors
30:29 31.2Gb   84.6% Calc posteriors
30:30 31.2Gb   84.7% Calc posteriors
30:31 31.2Gb   84.7% Calc posteriors
30:32 31.2Gb   84.8% Calc posteriors
30:33 31.2Gb   84.8% Calc posteriors
30:34 31.2Gb   84.8% Calc posteriors
30:35 31.2Gb   84.9% Calc posteriors
30:36 31.2Gb   84.9% Calc posteriors
30:37 31.2Gb   85.0% Calc posteriors
30:38 31.2Gb   85.0% Calc posteriors
30:39 31.2Gb   85.1% Calc posteriors
30:40 31.2Gb   85.1% Calc posteriors
30:41 31.2Gb   85.2% Calc posteriors
30:42 31.2Gb   85.2% Calc posteriors
30:43 31.2Gb   85.3% Calc posteriors
30:44 31.2Gb   85.3% Calc posteriors
30:45 31.2Gb   85.3% Calc posteriors
30:46 31.2Gb   85.4% Calc posteriors
30:47 31.2Gb   85.4% Calc posteriors
30:48 31.3Gb   85.5% Calc posteriors
30:49 31.3Gb   85.5% Calc posteriors
30:50 31.3Gb   85.6% Calc posteriors
30:51 31.3Gb   85.6% Calc posteriors
30:52 31.3Gb   85.7% Calc posteriors
30:53 31.3Gb   85.7% Calc posteriors
30:54 31.4Gb   85.7% Calc posteriors
30:55 31.4Gb   85.8% Calc posteriors
30:56 31.4Gb   85.8% Calc posteriors
30:57 31.4Gb   85.9% Calc posteriors
30:58 31.4Gb   85.9% Calc posteriors
30:59 31.4Gb   86.0% Calc posteriors
31:00 31.4Gb   86.0% Calc posteriors
31:01 31.4Gb   86.1% Calc posteriors
31:02 31.4Gb   86.1% Calc posteriors
31:03 31.4Gb   86.1% Calc posteriors
31:04 31.4Gb   86.2% Calc posteriors
31:05 31.5Gb   86.2% Calc posteriors
31:06 31.5Gb   86.3% Calc posteriors
31:07 31.5Gb   86.3% Calc posteriors
31:08 31.5Gb   86.4% Calc posteriors
31:09 31.6Gb   86.4% Calc posteriors
31:10 31.6Gb   86.5% Calc posteriors
31:11 31.6Gb   86.5% Calc posteriors
31:12 31.6Gb   86.5% Calc posteriors
31:13 31.6Gb   86.6% Calc posteriors
31:14 31.7Gb   86.6% Calc posteriors
31:15 31.8Gb   86.7% Calc posteriors
31:16 31.8Gb   86.7% Calc posteriors
31:17 31.8Gb   86.8% Calc posteriors
31:18 31.8Gb   86.8% Calc posteriors
31:19 31.8Gb   86.9% Calc posteriors
31:20 31.8Gb   86.9% Calc posteriors
31:21 31.9Gb   86.9% Calc posteriors
31:22 31.9Gb   87.0% Calc posteriors
31:23 31.9Gb   87.0% Calc posteriors
31:24 31.9Gb   87.1% Calc posteriors
31:25 31.9Gb   87.1% Calc posteriors
31:26 31.9Gb   87.2% Calc posteriors
31:27 31.9Gb   87.2% Calc posteriors
31:28 31.9Gb   87.3% Calc posteriors
31:29 31.9Gb   87.3% Calc posteriors
31:30 31.9Gb   87.3% Calc posteriors
31:31 31.9Gb   87.4% Calc posteriors
31:32 32.0Gb   87.4% Calc posteriors
31:33 32.0Gb   87.5% Calc posteriors
31:34 32.1Gb   87.5% Calc posteriors
31:35 32.1Gb   87.6% Calc posteriors
31:36 32.1Gb   87.6% Calc posteriors
31:37 32.1Gb   87.7% Calc posteriors
31:38 32.1Gb   87.7% Calc posteriors
31:39 32.1Gb   87.8% Calc posteriors
31:40 32.1Gb   87.8% Calc posteriors
31:41 32.2Gb   87.9% Calc posteriors
31:42 32.2Gb   87.9% Calc posteriors
31:43 32.2Gb   87.9% Calc posteriors
31:44 32.3Gb   88.0% Calc posteriors
31:45 32.3Gb   88.0% Calc posteriors
31:46 32.3Gb   88.1% Calc posteriors
31:47 32.3Gb   88.1% Calc posteriors
31:48 32.3Gb   88.2% Calc posteriors
31:49 32.3Gb   88.2% Calc posteriors
31:50 32.3Gb   88.3% Calc posteriors
31:51 32.3Gb   88.3% Calc posteriors
31:52 32.3Gb   88.4% Calc posteriors
31:53 32.3Gb   88.4% Calc posteriors
31:54 32.3Gb   88.5% Calc posteriors
31:55 32.3Gb   88.5% Calc posteriors
31:56 32.4Gb   88.6% Calc posteriors
31:57 32.4Gb   88.6% Calc posteriors
31:58 32.4Gb   88.6% Calc posteriors
31:59 32.4Gb   88.7% Calc posteriors
32:00 32.5Gb   88.7% Calc posteriors
32:01 32.5Gb   88.8% Calc posteriors
32:02 32.5Gb   88.8% Calc posteriors
32:03 32.5Gb   88.9% Calc posteriors
32:04 32.5Gb   88.9% Calc posteriors
32:05 32.5Gb   89.0% Calc posteriors
32:06 32.5Gb   89.0% Calc posteriors
32:07 32.6Gb   89.1% Calc posteriors
32:08 32.6Gb   89.1% Calc posteriors
32:09 32.6Gb   89.2% Calc posteriors
32:10 32.6Gb   89.2% Calc posteriors
32:11 32.6Gb   89.3% Calc posteriors
32:12 32.6Gb   89.3% Calc posteriors
32:13 32.6Gb   89.3% Calc posteriors
32:14 32.6Gb   89.4% Calc posteriors
32:15 32.6Gb   89.4% Calc posteriors
32:16 32.6Gb   89.5% Calc posteriors
32:17 32.7Gb   89.5% Calc posteriors
32:18 32.7Gb   89.6% Calc posteriors
32:19 32.8Gb   89.6% Calc posteriors
32:20 32.8Gb   89.7% Calc posteriors
32:21 32.8Gb   89.7% Calc posteriors
32:22 32.8Gb   89.8% Calc posteriors
32:23 32.8Gb   89.8% Calc posteriors
32:24 32.8Gb   89.8% Calc posteriors
32:25 32.8Gb   89.9% Calc posteriors
32:26 32.8Gb   89.9% Calc posteriors
32:27 32.8Gb   90.0% Calc posteriors
32:28 32.8Gb   90.0% Calc posteriors
32:29 32.8Gb   90.1% Calc posteriors
32:30 32.9Gb   90.1% Calc posteriors
32:31 32.9Gb   90.2% Calc posteriors
32:32 32.9Gb   90.2% Calc posteriors
32:33 32.9Gb   90.3% Calc posteriors
32:34 33.0Gb   90.3% Calc posteriors
32:35 33.0Gb   90.3% Calc posteriors
32:36 33.0Gb   90.4% Calc posteriors
32:37 33.0Gb   90.4% Calc posteriors
32:38 33.0Gb   90.5% Calc posteriors
32:39 33.0Gb   90.5% Calc posteriors
32:40 33.0Gb   90.6% Calc posteriors
32:41 33.0Gb   90.6% Calc posteriors
32:42 33.1Gb   90.7% Calc posteriors
32:43 33.1Gb   90.7% Calc posteriors
32:44 33.1Gb   90.7% Calc posteriors
32:45 33.1Gb   90.8% Calc posteriors
32:46 33.1Gb   90.8% Calc posteriors
32:47 33.3Gb   90.9% Calc posteriors
32:48 33.3Gb   90.9% Calc posteriors
32:49 33.3Gb   91.0% Calc posteriors
32:50 33.3Gb   91.0% Calc posteriors
32:51 33.3Gb   91.1% Calc posteriors
32:52 33.3Gb   91.1% Calc posteriors
32:53 33.3Gb   91.2% Calc posteriors
32:54 33.3Gb   91.2% Calc posteriors
32:55 33.4Gb   91.2% Calc posteriors
32:56 33.4Gb   91.3% Calc posteriors
32:57 33.4Gb   91.3% Calc posteriors
32:58 33.4Gb   91.4% Calc posteriors
32:59 33.4Gb   91.4% Calc posteriors
33:00 33.4Gb   91.5% Calc posteriors
33:01 33.4Gb   91.5% Calc posteriors
33:02 33.4Gb   91.6% Calc posteriors
33:03 33.4Gb   91.6% Calc posteriors
33:04 33.4Gb   91.7% Calc posteriors
33:05 33.4Gb   91.7% Calc posteriors
33:06 33.5Gb   91.8% Calc posteriors
33:07 33.5Gb   91.8% Calc posteriors
33:08 33.5Gb   91.8% Calc posteriors
33:09 33.5Gb   91.9% Calc posteriors
33:10 33.5Gb   91.9% Calc posteriors
33:11 33.5Gb   92.0% Calc posteriors
33:12 33.5Gb   92.0% Calc posteriors
33:13 33.5Gb   92.1% Calc posteriors
33:14 33.5Gb   92.1% Calc posteriors
33:15 33.5Gb   92.2% Calc posteriors
33:16 33.5Gb   92.2% Calc posteriors
33:17 33.5Gb   92.3% Calc posteriors
33:18 33.6Gb   92.3% Calc posteriors
33:19 33.6Gb   92.4% Calc posteriors
33:20 33.6Gb   92.4% Calc posteriors
33:21 33.6Gb   92.4% Calc posteriors
33:22 33.6Gb   92.5% Calc posteriors
33:23 33.7Gb   92.5% Calc posteriors
33:24 33.8Gb   92.6% Calc posteriors
33:25 33.8Gb   92.6% Calc posteriors
33:26 33.8Gb   92.7% Calc posteriors
33:27 33.8Gb   92.7% Calc posteriors
33:28 33.8Gb   92.8% Calc posteriors
33:29 33.8Gb   92.8% Calc posteriors
33:30 33.9Gb   92.9% Calc posteriors
33:31 33.9Gb   92.9% Calc posteriors
33:32 34.0Gb   92.9% Calc posteriors
33:33 34.0Gb   93.0% Calc posteriors
33:34 34.0Gb   93.0% Calc posteriors
33:35 34.0Gb   93.1% Calc posteriors
33:36 34.0Gb   93.1% Calc posteriors
33:37 34.0Gb   93.2% Calc posteriors
33:38 34.0Gb   93.2% Calc posteriors
33:39 34.0Gb   93.2% Calc posteriors
33:40 34.0Gb   93.3% Calc posteriors
33:41 34.0Gb   93.3% Calc posteriors
33:42 34.0Gb   93.4% Calc posteriors
33:43 34.0Gb   93.4% Calc posteriors
33:44 34.0Gb   93.5% Calc posteriors
33:45 34.0Gb   93.5% Calc posteriors
33:46 34.0Gb   93.5% Calc posteriors
33:47 34.0Gb   93.6% Calc posteriors
33:48 34.0Gb   93.6% Calc posteriors
33:49 34.0Gb   93.7% Calc posteriors
33:50 34.1Gb   93.7% Calc posteriors
33:51 34.2Gb   93.8% Calc posteriors
33:52 34.2Gb   93.8% Calc posteriors
33:53 34.2Gb   93.8% Calc posteriors
33:54 34.2Gb   93.9% Calc posteriors
33:55 34.2Gb   93.9% Calc posteriors
33:56 34.2Gb   94.0% Calc posteriors
33:57 34.2Gb   94.0% Calc posteriors
33:58 34.2Gb   94.1% Calc posteriors
33:59 34.2Gb   94.1% Calc posteriors
34:00 34.3Gb   94.1% Calc posteriors
34:01 34.4Gb   94.2% Calc posteriors
34:02 34.4Gb   94.2% Calc posteriors
34:03 34.4Gb   94.2% Calc posteriors
34:04 34.4Gb   94.3% Calc posteriors
34:05 34.4Gb   94.3% Calc posteriors
34:06 34.4Gb   94.4% Calc posteriors
34:07 34.4Gb   94.4% Calc posteriors
34:08 34.4Gb   94.4% Calc posteriors
34:09 34.4Gb   94.5% Calc posteriors
34:10 34.5Gb   94.5% Calc posteriors
34:11 34.5Gb   94.5% Calc posteriors
34:12 34.5Gb   94.6% Calc posteriors
34:13 34.5Gb   94.6% Calc posteriors
34:14 34.5Gb   94.6% Calc posteriors
34:15 34.5Gb   94.7% Calc posteriors
34:16 34.5Gb   94.7% Calc posteriors
34:17 34.6Gb   94.7% Calc posteriors
34:18 34.6Gb   94.8% Calc posteriors
34:19 34.6Gb   94.8% Calc posteriors
34:20 34.6Gb   94.8% Calc posteriors
34:21 34.6Gb   94.9% Calc posteriors
34:22 34.6Gb   94.9% Calc posteriors
34:23 34.6Gb   94.9% Calc posteriors
34:24 34.6Gb   94.9% Calc posteriors
34:25 34.6Gb   95.0% Calc posteriors
34:26 34.6Gb   95.0% Calc posteriors
34:27 34.6Gb   95.0% Calc posteriors
34:28 34.6Gb   95.1% Calc posteriors
34:29 34.6Gb   95.1% Calc posteriors
34:30 34.6Gb   95.1% Calc posteriors
34:31 34.6Gb   95.1% Calc posteriors
34:32 34.6Gb   95.2% Calc posteriors
34:33 34.6Gb   95.2% Calc posteriors
34:34 34.6Gb   95.2% Calc posteriors
34:35 34.6Gb   95.2% Calc posteriors
34:36 34.6Gb   95.3% Calc posteriors
34:37 34.6Gb   95.3% Calc posteriors
34:38 34.6Gb   95.3% Calc posteriors
34:39 34.6Gb   95.3% Calc posteriors
34:40 34.7Gb   95.4% Calc posteriors
34:41 34.7Gb   95.4% Calc posteriors
34:42 34.8Gb   95.4% Calc posteriors
34:43 34.8Gb   95.4% Calc posteriors
34:44 34.8Gb   95.5% Calc posteriors
34:45 34.8Gb   95.5% Calc posteriors
34:46 34.8Gb   95.5% Calc posteriors
34:47 34.8Gb   95.5% Calc posteriors
34:48 34.8Gb   95.5% Calc posteriors
34:49 34.8Gb   95.6% Calc posteriors
34:50 34.8Gb   95.6% Calc posteriors
34:51 34.8Gb   95.6% Calc posteriors
34:52 34.8Gb   95.6% Calc posteriors
34:53 34.8Gb   95.6% Calc posteriors
34:54 34.8Gb   95.7% Calc posteriors
34:55 34.9Gb   95.7% Calc posteriors
34:56 34.9Gb   95.7% Calc posteriors
34:57 34.9Gb   95.7% Calc posteriors
34:58 34.9Gb   95.7% Calc posteriors
34:59 34.9Gb   95.7% Calc posteriors
35:00 34.9Gb   95.8% Calc posteriors
35:01 34.9Gb   95.8% Calc posteriors
35:02 34.9Gb   95.8% Calc posteriors
35:03 34.9Gb   95.8% Calc posteriors
35:04 34.9Gb   95.8% Calc posteriors
35:05 34.9Gb   95.8% Calc posteriors
35:06 34.9Gb   95.9% Calc posteriors
35:07 34.9Gb   95.9% Calc posteriors
35:08 35.0Gb   95.9% Calc posteriors
35:09 35.0Gb   95.9% Calc posteriors
35:10 35.0Gb   95.9% Calc posteriors
35:11 35.0Gb   96.0% Calc posteriors
35:12 35.0Gb   96.0% Calc posteriors
35:13 35.0Gb   96.0% Calc posteriors
35:14 35.1Gb   96.0% Calc posteriors
35:15 35.1Gb   96.0% Calc posteriors
35:16 35.1Gb   96.0% Calc posteriors
35:17 35.1Gb   96.1% Calc posteriors
35:18 35.1Gb   96.1% Calc posteriors
35:19 35.1Gb   96.1% Calc posteriors
35:20 35.1Gb   96.1% Calc posteriors
35:21 35.1Gb   96.1% Calc posteriors
35:22 35.1Gb   96.2% Calc posteriors
35:23 35.1Gb   96.2% Calc posteriors
35:24 35.1Gb   96.2% Calc posteriors
35:25 35.1Gb   96.2% Calc posteriors
35:26 35.1Gb   96.2% Calc posteriors
35:27 35.1Gb   96.2% Calc posteriors
35:28 35.1Gb   96.3% Calc posteriors
35:29 35.1Gb   96.3% Calc posteriors
35:30 35.1Gb   96.3% Calc posteriors
35:31 35.1Gb   96.3% Calc posteriors
35:32 35.1Gb   96.3% Calc posteriors
35:33 35.1Gb   96.4% Calc posteriors
35:34 35.1Gb   96.4% Calc posteriors
35:35 35.1Gb   96.4% Calc posteriors
35:36 35.1Gb   96.4% Calc posteriors
35:37 35.1Gb   96.4% Calc posteriors
35:38 35.1Gb   96.4% Calc posteriors
35:39 35.2Gb   96.5% Calc posteriors
35:40 35.2Gb   96.5% Calc posteriors
35:41 35.2Gb   96.5% Calc posteriors
35:42 35.2Gb   96.5% Calc posteriors
35:43 35.2Gb   96.5% Calc posteriors
35:44 35.2Gb   96.6% Calc posteriors
35:45 35.2Gb   96.6% Calc posteriors
35:46 35.2Gb   96.6% Calc posteriors
35:47 35.2Gb   96.6% Calc posteriors
35:48 35.2Gb   96.6% Calc posteriors
35:49 35.2Gb   96.7% Calc posteriors
35:50 35.2Gb   96.7% Calc posteriors
35:51 35.2Gb   96.7% Calc posteriors
35:52 35.3Gb   96.7% Calc posteriors
35:53 35.3Gb   96.7% Calc posteriors
35:54 35.3Gb   96.7% Calc posteriors
35:55 35.3Gb   96.8% Calc posteriors

