- 01:04:49.499 INFO: Input file = /home/adaddi/scratch/muscle_resampling/BRD4__mmseqs2_uniref_env.a3m

- 01:04:49.499 INFO: Output file = /home/adaddi/scratch/muscle_resampling/Sampling_stratified_BRD4__mmseqs2_uniref_env/startcov_40-BRD4__mmseqs2_uniref_env.a3m

- 01:04:49.830 INFO: Input file = /home/adaddi/scratch/muscle_resampling/BRD4__mmseqs2_uniref_env.a3m

- 01:04:49.830 INFO: Output file = /home/adaddi/scratch/muscle_resampling/Sampling_stratified_BRD4__mmseqs2_uniref_env/startcov_50-BRD4__mmseqs2_uniref_env.a3m

- 01:04:50.104 INFO: Input file = /home/adaddi/scratch/muscle_resampling/BRD4__mmseqs2_uniref_env.a3m

- 01:04:50.104 INFO: Output file = /home/adaddi/scratch/muscle_resampling/Sampling_stratified_BRD4__mmseqs2_uniref_env/startcov_60-BRD4__mmseqs2_uniref_env.a3m

- 01:04:50.356 INFO: Input file = /home/adaddi/scratch/muscle_resampling/Sampling_stratified_BRD4__mmseqs2_uniref_env/startcov_60-BRD4__mmseqs2_uniref_env.a3m

- 01:04:50.356 INFO: Output file = /home/adaddi/scratch/muscle_resampling/Sampling_stratified_BRD4__mmseqs2_uniref_env/filterA_0.25-BRD4__mmseqs2_uniref_env.a3m

- 01:04:50.583 INFO: Input file = /home/adaddi/scratch/muscle_resampling/Sampling_stratified_BRD4__mmseqs2_uniref_env/startcov_60-BRD4__mmseqs2_uniref_env.a3m

- 01:04:50.583 INFO: Output file = /home/adaddi/scratch/muscle_resampling/Sampling_stratified_BRD4__mmseqs2_uniref_env/filterA_0.5-BRD4__mmseqs2_uniref_env.a3m

- 01:04:50.692 INFO: Input file = /home/adaddi/scratch/muscle_resampling/Sampling_stratified_BRD4__mmseqs2_uniref_env/startcov_60-BRD4__mmseqs2_uniref_env.a3m

- 01:04:50.692 INFO: Output file = /home/adaddi/scratch/muscle_resampling/Sampling_stratified_BRD4__mmseqs2_uniref_env/filterA_0.7-BRD4__mmseqs2_uniref_env.a3m

- 01:04:50.745 INFO: Input file = /home/adaddi/scratch/muscle_resampling/Sampling_stratified_BRD4__mmseqs2_uniref_env/startcov_60-BRD4__mmseqs2_uniref_env.a3m

- 01:04:50.745 INFO: Output file = /home/adaddi/scratch/muscle_resampling/Sampling_stratified_BRD4__mmseqs2_uniref_env/filterB_400-BRD4__mmseqs2_uniref_env.a3m

- 01:04:50.799 INFO: Input file = /home/adaddi/scratch/muscle_resampling/Sampling_stratified_BRD4__mmseqs2_uniref_env/startcov_60-BRD4__mmseqs2_uniref_env.a3m

- 01:04:50.799 INFO: Output file = /home/adaddi/scratch/muscle_resampling/Sampling_stratified_BRD4__mmseqs2_uniref_env/filterC_0.25-BRD4__mmseqs2_uniref_env.a3m

- 01:04:51.032 INFO: Input file = /home/adaddi/scratch/muscle_resampling/Sampling_stratified_BRD4__mmseqs2_uniref_env/filterC_0.25-BRD4__mmseqs2_uniref_env.a3m

- 01:04:51.032 INFO: Output file = /home/adaddi/scratch/muscle_resampling/Sampling_stratified_BRD4__mmseqs2_uniref_env/filterC_400-BRD4__mmseqs2_uniref_env.a3m

- 01:04:51.084 INFO: Input file = /home/adaddi/scratch/muscle_resampling/Sampling_stratified_BRD4__mmseqs2_uniref_env/startcov_60-BRD4__mmseqs2_uniref_env.a3m

- 01:04:51.084 INFO: Output file = /home/adaddi/scratch/muscle_resampling/Sampling_stratified_BRD4__mmseqs2_uniref_env/filterC_0.5-BRD4__mmseqs2_uniref_env.a3m

- 01:04:51.197 INFO: Input file = /home/adaddi/scratch/muscle_resampling/Sampling_stratified_BRD4__mmseqs2_uniref_env/filterC_0.5-BRD4__mmseqs2_uniref_env.a3m

- 01:04:51.197 INFO: Output file = /home/adaddi/scratch/muscle_resampling/Sampling_stratified_BRD4__mmseqs2_uniref_env/filterC_400-BRD4__mmseqs2_uniref_env.a3m

- 01:04:51.236 INFO: Input file = /home/adaddi/scratch/muscle_resampling/Sampling_stratified_BRD4__mmseqs2_uniref_env/startcov_60-BRD4__mmseqs2_uniref_env.a3m

- 01:04:51.236 INFO: Output file = /home/adaddi/scratch/muscle_resampling/Sampling_stratified_BRD4__mmseqs2_uniref_env/filterC_0.7-BRD4__mmseqs2_uniref_env.a3m

- 01:04:51.287 INFO: Input file = /home/adaddi/scratch/muscle_resampling/Sampling_stratified_BRD4__mmseqs2_uniref_env/filterC_0.7-BRD4__mmseqs2_uniref_env.a3m

- 01:04:51.287 INFO: Output file = /home/adaddi/scratch/muscle_resampling/Sampling_stratified_BRD4__mmseqs2_uniref_env/filterC_400-BRD4__mmseqs2_uniref_env.a3m

- 01:04:51.321 INFO: Input file = /home/adaddi/scratch/muscle_resampling/Sampling_stratified_BRD4__mmseqs2_uniref_env/startcov_60-BRD4__mmseqs2_uniref_env.a3m

- 01:04:51.321 INFO: Output file = /home/adaddi/scratch/muscle_resampling/Sampling_stratified_BRD4__mmseqs2_uniref_env/filterD_400-BRD4__mmseqs2_uniref_env.a3m

- 01:04:51.367 INFO: Input file = /home/adaddi/scratch/muscle_resampling/Sampling_stratified_BRD4__mmseqs2_uniref_env/filterD_400-BRD4__mmseqs2_uniref_env.a3m

- 01:04:51.368 INFO: Output file = /home/adaddi/scratch/muscle_resampling/Sampling_stratified_BRD4__mmseqs2_uniref_env/filterD_0.25-BRD4__mmseqs2_uniref_env.a3m

- 01:04:51.389 INFO: Input file = /home/adaddi/scratch/muscle_resampling/Sampling_stratified_BRD4__mmseqs2_uniref_env/filterD_400-BRD4__mmseqs2_uniref_env.a3m

- 01:04:51.389 INFO: Output file = /home/adaddi/scratch/muscle_resampling/Sampling_stratified_BRD4__mmseqs2_uniref_env/filterD_0.5-BRD4__mmseqs2_uniref_env.a3m

- 01:04:51.407 INFO: Input file = /home/adaddi/scratch/muscle_resampling/Sampling_stratified_BRD4__mmseqs2_uniref_env/filterD_400-BRD4__mmseqs2_uniref_env.a3m

- 01:04:51.407 INFO: Output file = /home/adaddi/scratch/muscle_resampling/Sampling_stratified_BRD4__mmseqs2_uniref_env/filterD_0.7-BRD4__mmseqs2_uniref_env.a3m

slurmstepd: error: Detected 1 oom-kill event(s) in StepId=860527.batch cgroup. Some of your processes may have been killed by the cgroup out-of-memory handler.
