- 01:00:55.099 INFO: Input file = /home/adaddi/scratch/muscle_resampling/METTL14__mmseqs2_uniref_env.a3m

- 01:00:55.099 INFO: Output file = /home/adaddi/scratch/muscle_resampling/Sampling_stratified_METTL14__mmseqs2_uniref_env/startcov_40-METTL14__mmseqs2_uniref_env.a3m

- 01:00:55.190 INFO: Input file = /home/adaddi/scratch/muscle_resampling/METTL14__mmseqs2_uniref_env.a3m

- 01:00:55.190 INFO: Output file = /home/adaddi/scratch/muscle_resampling/Sampling_stratified_METTL14__mmseqs2_uniref_env/startcov_50-METTL14__mmseqs2_uniref_env.a3m

- 01:00:55.231 INFO: Input file = /home/adaddi/scratch/muscle_resampling/METTL14__mmseqs2_uniref_env.a3m

- 01:00:55.231 INFO: Output file = /home/adaddi/scratch/muscle_resampling/Sampling_stratified_METTL14__mmseqs2_uniref_env/startcov_60-METTL14__mmseqs2_uniref_env.a3m

- 01:00:55.273 INFO: Input file = /home/adaddi/scratch/muscle_resampling/Sampling_stratified_METTL14__mmseqs2_uniref_env/startcov_40-METTL14__mmseqs2_uniref_env.a3m

- 01:00:55.273 INFO: Output file = /home/adaddi/scratch/muscle_resampling/Sampling_stratified_METTL14__mmseqs2_uniref_env/filterA_0.25-METTL14__mmseqs2_uniref_env.a3m

- 01:00:55.303 INFO: Input file = /home/adaddi/scratch/muscle_resampling/Sampling_stratified_METTL14__mmseqs2_uniref_env/startcov_40-METTL14__mmseqs2_uniref_env.a3m

- 01:00:55.303 INFO: Output file = /home/adaddi/scratch/muscle_resampling/Sampling_stratified_METTL14__mmseqs2_uniref_env/filterA_0.5-METTL14__mmseqs2_uniref_env.a3m

- 01:00:55.325 INFO: Input file = /home/adaddi/scratch/muscle_resampling/Sampling_stratified_METTL14__mmseqs2_uniref_env/startcov_40-METTL14__mmseqs2_uniref_env.a3m

- 01:00:55.326 INFO: Output file = /home/adaddi/scratch/muscle_resampling/Sampling_stratified_METTL14__mmseqs2_uniref_env/filterA_0.7-METTL14__mmseqs2_uniref_env.a3m

- 01:00:55.346 INFO: Input file = /home/adaddi/scratch/muscle_resampling/Sampling_stratified_METTL14__mmseqs2_uniref_env/startcov_40-METTL14__mmseqs2_uniref_env.a3m

- 01:00:55.346 INFO: Output file = /home/adaddi/scratch/muscle_resampling/Sampling_stratified_METTL14__mmseqs2_uniref_env/filterB_400-METTL14__mmseqs2_uniref_env.a3m

- 01:00:55.382 INFO: Input file = /home/adaddi/scratch/muscle_resampling/Sampling_stratified_METTL14__mmseqs2_uniref_env/startcov_40-METTL14__mmseqs2_uniref_env.a3m

- 01:00:55.382 INFO: Output file = /home/adaddi/scratch/muscle_resampling/Sampling_stratified_METTL14__mmseqs2_uniref_env/filterC_0.25-METTL14__mmseqs2_uniref_env.a3m

- 01:00:55.411 INFO: Input file = /home/adaddi/scratch/muscle_resampling/Sampling_stratified_METTL14__mmseqs2_uniref_env/filterC_0.25-METTL14__mmseqs2_uniref_env.a3m

- 01:00:55.411 INFO: Output file = /home/adaddi/scratch/muscle_resampling/Sampling_stratified_METTL14__mmseqs2_uniref_env/filterC_400-METTL14__mmseqs2_uniref_env.a3m

- 01:00:55.449 INFO: Input file = /home/adaddi/scratch/muscle_resampling/Sampling_stratified_METTL14__mmseqs2_uniref_env/startcov_40-METTL14__mmseqs2_uniref_env.a3m

- 01:00:55.449 INFO: Output file = /home/adaddi/scratch/muscle_resampling/Sampling_stratified_METTL14__mmseqs2_uniref_env/filterC_0.5-METTL14__mmseqs2_uniref_env.a3m

- 01:00:55.469 INFO: Input file = /home/adaddi/scratch/muscle_resampling/Sampling_stratified_METTL14__mmseqs2_uniref_env/filterC_0.5-METTL14__mmseqs2_uniref_env.a3m

- 01:00:55.469 INFO: Output file = /home/adaddi/scratch/muscle_resampling/Sampling_stratified_METTL14__mmseqs2_uniref_env/filterC_400-METTL14__mmseqs2_uniref_env.a3m

- 01:00:55.495 INFO: Input file = /home/adaddi/scratch/muscle_resampling/Sampling_stratified_METTL14__mmseqs2_uniref_env/startcov_40-METTL14__mmseqs2_uniref_env.a3m

- 01:00:55.495 INFO: Output file = /home/adaddi/scratch/muscle_resampling/Sampling_stratified_METTL14__mmseqs2_uniref_env/filterC_0.7-METTL14__mmseqs2_uniref_env.a3m

- 01:00:55.518 INFO: Input file = /home/adaddi/scratch/muscle_resampling/Sampling_stratified_METTL14__mmseqs2_uniref_env/filterC_0.7-METTL14__mmseqs2_uniref_env.a3m

- 01:00:55.518 INFO: Output file = /home/adaddi/scratch/muscle_resampling/Sampling_stratified_METTL14__mmseqs2_uniref_env/filterC_400-METTL14__mmseqs2_uniref_env.a3m

- 01:00:55.536 INFO: Input file = /home/adaddi/scratch/muscle_resampling/Sampling_stratified_METTL14__mmseqs2_uniref_env/startcov_40-METTL14__mmseqs2_uniref_env.a3m

- 01:00:55.536 INFO: Output file = /home/adaddi/scratch/muscle_resampling/Sampling_stratified_METTL14__mmseqs2_uniref_env/filterD_400-METTL14__mmseqs2_uniref_env.a3m

- 01:00:55.572 INFO: Input file = /home/adaddi/scratch/muscle_resampling/Sampling_stratified_METTL14__mmseqs2_uniref_env/filterD_400-METTL14__mmseqs2_uniref_env.a3m

- 01:00:55.572 INFO: Output file = /home/adaddi/scratch/muscle_resampling/Sampling_stratified_METTL14__mmseqs2_uniref_env/filterD_0.25-METTL14__mmseqs2_uniref_env.a3m

- 01:00:55.591 INFO: Input file = /home/adaddi/scratch/muscle_resampling/Sampling_stratified_METTL14__mmseqs2_uniref_env/filterD_400-METTL14__mmseqs2_uniref_env.a3m

- 01:00:55.591 INFO: Output file = /home/adaddi/scratch/muscle_resampling/Sampling_stratified_METTL14__mmseqs2_uniref_env/filterD_0.5-METTL14__mmseqs2_uniref_env.a3m

- 01:00:55.606 INFO: Input file = /home/adaddi/scratch/muscle_resampling/Sampling_stratified_METTL14__mmseqs2_uniref_env/filterD_400-METTL14__mmseqs2_uniref_env.a3m

- 01:00:55.606 INFO: Output file = /home/adaddi/scratch/muscle_resampling/Sampling_stratified_METTL14__mmseqs2_uniref_env/filterD_0.7-METTL14__mmseqs2_uniref_env.a3m

slurmstepd: error: *** JOB 860524 ON u20-computeib-hpc9 CANCELLED AT 2023-04-28T01:02:00 DUE TO TIME LIMIT ***
