INFO: Pandarallel will run on 20 workers.
INFO: Pandarallel will use Memory file system to transfer data between the main process and workers.
Start MUSCLE5 MSA
MUSCLE encountered an error:

muscle 5.2.linux64 [6c6011]  396Gb RAM, 48 cores
Built Apr 20 2023 20:14:12
(C) Copyright 2004-2021 Robert C. Edgar.
https://drive5.com

Input: 7437 seqs, avg length 109, max 127


WARNING: >1k sequences, may be slow or use excessive memory, consider using -super5

Replicate 1/100, none.0
00:16 2.7Gb  CPU has 48 cores, defaulting to 20 threads
00:16 2.8Gb   3.6e-06% Calc posteriors
00:17 4.0Gb   0.0014% Calc posteriors 
00:18 4.0Gb   0.028% Calc posteriors 
00:19 4.0Gb   0.054% Calc posteriors
00:20 4.0Gb    0.08% Calc posteriors
00:21 4.0Gb    0.11% Calc posteriors
00:22 4.0Gb    0.13% Calc posteriors
00:23 4.0Gb    0.16% Calc posteriors
00:24 4.0Gb    0.18% Calc posteriors
00:25 4.0Gb    0.21% Calc posteriors
00:26 4.0Gb    0.24% Calc posteriors
00:27 4.0Gb    0.26% Calc posteriors
00:28 4.0Gb    0.29% Calc posteriors
00:29 4.0Gb    0.31% Calc posteriors
00:30 4.0Gb    0.34% Calc posteriors
00:31 4.1Gb    0.37% Calc posteriors
00:32 4.1Gb    0.39% Calc posteriors
00:33 4.1Gb    0.42% Calc posteriors
00:34 4.1Gb    0.44% Calc posteriors
00:35 4.1Gb    0.47% Calc posteriors
00:36 4.1Gb     0.5% Calc posteriors
00:37 4.1Gb    0.52% Calc posteriors
00:38 4.1Gb    0.55% Calc posteriors
00:39 4.1Gb    0.57% Calc posteriors
00:40 4.1Gb     0.6% Calc posteriors
00:41 4.1Gb    0.63% Calc posteriors
00:42 4.1Gb    0.65% Calc posteriors
00:43 4.1Gb    0.68% Calc posteriors
00:44 4.1Gb     0.7% Calc posteriors
00:45 4.1Gb    0.73% Calc posteriors
00:46 4.1Gb    0.76% Calc posteriors
00:47 4.1Gb    0.78% Calc posteriors
00:48 4.1Gb    0.81% Calc posteriors
00:49 4.1Gb    0.83% Calc posteriors
00:50 4.1Gb    0.86% Calc posteriors
00:51 4.1Gb    0.89% Calc posteriors
00:52 4.3Gb    0.91% Calc posteriors
00:53 4.4Gb    0.94% Calc posteriors
00:54 4.7Gb    0.96% Calc posteriors
00:55 5.0Gb    0.99% Calc posteriors
00:56 5.1Gb     1.0% Calc posteriors
00:57 5.2Gb     1.0% Calc posteriors
00:58 5.3Gb     1.1% Calc posteriors
00:59 5.4Gb     1.1% Calc posteriors
01:00 5.4Gb     1.1% Calc posteriors
01:01 5.4Gb     1.1% Calc posteriors
01:02 5.4Gb     1.2% Calc posteriors
01:03 5.4Gb     1.2% Calc posteriors
01:04 5.4Gb     1.2% Calc posteriors
01:05 5.4Gb     1.2% Calc posteriors
01:06 5.4Gb     1.3% Calc posteriors
01:07 5.4Gb     1.3% Calc posteriors
01:08 5.4Gb     1.3% Calc posteriors
01:09 5.4Gb     1.4% Calc posteriors
01:10 5.4Gb     1.4% Calc posteriors
01:11 5.4Gb     1.4% Calc posteriors
01:12 5.4Gb     1.4% Calc posteriors
01:13 5.4Gb     1.5% Calc posteriors
01:14 5.4Gb     1.5% Calc posteriors
01:15 5.4Gb     1.5% Calc posteriors
01:16 5.4Gb     1.5% Calc posteriors
01:17 5.4Gb     1.6% Calc posteriors
01:18 5.4Gb     1.6% Calc posteriors
01:19 5.4Gb     1.6% Calc posteriors
01:20 5.4Gb     1.6% Calc posteriors
01:21 5.4Gb     1.7% Calc posteriors
01:22 5.4Gb     1.7% Calc posteriors
01:23 5.4Gb     1.7% Calc posteriors
01:24 5.4Gb     1.7% Calc posteriors
01:25 5.4Gb     1.8% Calc posteriors
01:26 5.5Gb     1.8% Calc posteriors
01:27 5.6Gb     1.8% Calc posteriors
01:28 5.7Gb     1.8% Calc posteriors
01:29 5.8Gb     1.9% Calc posteriors
01:30 5.8Gb     1.9% Calc posteriors
01:31 6.0Gb     1.9% Calc posteriors
01:32 6.0Gb     1.9% Calc posteriors
01:33 6.1Gb     2.0% Calc posteriors
01:34 6.3Gb     2.0% Calc posteriors
01:35 6.4Gb     2.0% Calc posteriors
01:36 6.5Gb     2.0% Calc posteriors
01:37 6.6Gb     2.1% Calc posteriors
01:38 6.6Gb     2.1% Calc posteriors
01:39 6.7Gb     2.1% Calc posteriors
01:40 6.7Gb     2.2% Calc posteriors
01:41 6.7Gb     2.2% Calc posteriors
01:42 6.7Gb     2.2% Calc posteriors
01:43 6.7Gb     2.2% Calc posteriors
01:44 6.7Gb     2.3% Calc posteriors
01:45 6.7Gb     2.3% Calc posteriors
01:46 6.7Gb     2.3% Calc posteriors
01:47 6.7Gb     2.3% Calc posteriors
01:48 6.7Gb     2.4% Calc posteriors
01:49 6.7Gb     2.4% Calc posteriors
01:50 6.7Gb     2.4% Calc posteriors
01:51 6.7Gb     2.4% Calc posteriors
01:52 6.7Gb     2.5% Calc posteriors
01:53 6.7Gb     2.5% Calc posteriors
01:54 6.7Gb     2.5% Calc posteriors
01:55 6.7Gb     2.5% Calc posteriors
01:56 6.7Gb     2.6% Calc posteriors
01:57 6.7Gb     2.6% Calc posteriors
01:58 6.7Gb     2.6% Calc posteriors
01:59 6.7Gb     2.6% Calc posteriors
02:00 6.8Gb     2.7% Calc posteriors
02:01 6.8Gb     2.7% Calc posteriors
02:02 6.9Gb     2.7% Calc posteriors
02:03 7.0Gb     2.7% Calc posteriors
02:04 7.0Gb     2.8% Calc posteriors
02:05 7.1Gb     2.8% Calc posteriors
02:06 7.2Gb     2.8% Calc posteriors
02:07 7.2Gb     2.8% Calc posteriors
02:08 7.3Gb     2.9% Calc posteriors
02:09 7.4Gb     2.9% Calc posteriors
02:10 7.4Gb     2.9% Calc posteriors
02:11 7.4Gb     2.9% Calc posteriors
02:12 7.4Gb     3.0% Calc posteriors
02:13 7.6Gb     3.0% Calc posteriors
02:14 7.6Gb     3.0% Calc posteriors
02:15 7.8Gb     3.0% Calc posteriors
02:16 7.8Gb     3.1% Calc posteriors
02:17 7.8Gb     3.1% Calc posteriors
02:18 7.8Gb     3.1% Calc posteriors
02:19 7.9Gb     3.1% Calc posteriors
02:20 8.0Gb     3.2% Calc posteriors
02:21 8.0Gb     3.2% Calc posteriors
02:22 8.0Gb     3.2% Calc posteriors
02:23 8.0Gb     3.2% Calc posteriors
02:24 8.0Gb     3.3% Calc posteriors
02:25 8.1Gb     3.3% Calc posteriors
02:26 8.1Gb     3.3% Calc posteriors
02:27 8.1Gb     3.3% Calc posteriors
02:28 8.1Gb     3.4% Calc posteriors
02:29 8.1Gb     3.4% Calc posteriors
02:30 8.1Gb     3.4% Calc posteriors
02:31 8.1Gb     3.4% Calc posteriors
02:32 8.1Gb     3.5% Calc posteriors
02:33 8.1Gb     3.5% Calc posteriors
02:34 8.1Gb     3.5% Calc posteriors
02:35 8.1Gb     3.5% Calc posteriors
02:36 8.1Gb     3.6% Calc posteriors
02:37 8.1Gb     3.6% Calc posteriors
02:38 8.1Gb     3.6% Calc posteriors
02:39 8.3Gb     3.6% Calc posteriors
02:40 8.3Gb     3.7% Calc posteriors
02:41 8.3Gb     3.7% Calc posteriors
02:42 8.4Gb     3.7% Calc posteriors
02:43 8.4Gb     3.7% Calc posteriors
02:44 8.5Gb     3.8% Calc posteriors
02:45 8.5Gb     3.8% Calc posteriors
02:46 8.5Gb     3.8% Calc posteriors
02:47 8.6Gb     3.8% Calc posteriors
02:48 8.6Gb     3.9% Calc posteriors
02:49 8.7Gb     3.9% Calc posteriors
02:50 8.7Gb     3.9% Calc posteriors
02:51 8.7Gb     3.9% Calc posteriors
02:52 8.8Gb     4.0% Calc posteriors
02:53 8.9Gb     4.0% Calc posteriors
02:54 9.0Gb     4.0% Calc posteriors
02:55 9.1Gb     4.0% Calc posteriors
02:56 9.2Gb     4.1% Calc posteriors
02:57 9.2Gb     4.1% Calc posteriors
02:58 9.2Gb     4.1% Calc posteriors
02:59 9.2Gb     4.1% Calc posteriors
03:00 9.2Gb     4.2% Calc posteriors
03:01 9.2Gb     4.2% Calc posteriors
03:02 9.3Gb     4.2% Calc posteriors
03:03 9.3Gb     4.2% Calc posteriors
03:04 9.3Gb     4.3% Calc posteriors
03:05 9.3Gb     4.3% Calc posteriors
03:06 9.4Gb     4.3% Calc posteriors
03:07 9.4Gb     4.3% Calc posteriors
03:08 9.4Gb     4.4% Calc posteriors
03:09 9.4Gb     4.4% Calc posteriors
03:10 9.5Gb     4.4% Calc posteriors
03:11 9.5Gb     4.4% Calc posteriors
03:12 9.5Gb     4.5% Calc posteriors
03:13 9.5Gb     4.5% Calc posteriors
03:14 9.5Gb     4.5% Calc posteriors
03:15 9.5Gb     4.5% Calc posteriors
03:16 9.5Gb     4.6% Calc posteriors
03:17 9.7Gb     4.6% Calc posteriors
03:18 9.7Gb     4.6% Calc posteriors
03:19 9.7Gb     4.6% Calc posteriors
03:20 9.7Gb     4.7% Calc posteriors
03:21 9.7Gb     4.7% Calc posteriors
03:22 9.8Gb     4.7% Calc posteriors
03:23 9.8Gb     4.7% Calc posteriors
03:24 9.8Gb     4.8% Calc posteriors
03:25 9.9Gb     4.8% Calc posteriors
03:26 10.0Gb    4.8% Calc posteriors
03:27 10.0Gb    4.8% Calc posteriors
03:28 10.0Gb    4.9% Calc posteriors
03:29 10.0Gb    4.9% Calc posteriors
03:30 10.0Gb    4.9% Calc posteriors
03:31 10.2Gb    4.9% Calc posteriors
03:32 10.2Gb    5.0% Calc posteriors
03:33 10.2Gb    5.0% Calc posteriors
03:34 10.3Gb    5.0% Calc posteriors
03:35 10.4Gb    5.0% Calc posteriors
03:36 10.4Gb    5.1% Calc posteriors
03:37 10.5Gb    5.1% Calc posteriors
03:38 10.5Gb    5.1% Calc posteriors
03:39 10.5Gb    5.2% Calc posteriors
03:40 10.5Gb    5.2% Calc posteriors
03:41 10.5Gb    5.2% Calc posteriors
03:42 10.6Gb    5.2% Calc posteriors
03:43 10.6Gb    5.3% Calc posteriors
03:44 10.7Gb    5.3% Calc posteriors
03:45 10.7Gb    5.3% Calc posteriors
03:46 10.7Gb    5.3% Calc posteriors
03:47 10.7Gb    5.4% Calc posteriors
03:48 10.7Gb    5.4% Calc posteriors
03:49 10.8Gb    5.4% Calc posteriors
03:50 10.8Gb    5.4% Calc posteriors
03:51 11.0Gb    5.5% Calc posteriors
03:52 11.0Gb    5.5% Calc posteriors
03:53 11.0Gb    5.5% Calc posteriors
03:54 11.0Gb    5.5% Calc posteriors
03:55 11.1Gb    5.6% Calc posteriors
03:56 11.1Gb    5.6% Calc posteriors
03:57 11.1Gb    5.6% Calc posteriors
03:58 11.1Gb    5.6% Calc posteriors
03:59 11.1Gb    5.7% Calc posteriors
04:00 11.1Gb    5.7% Calc posteriors
04:01 11.1Gb    5.7% Calc posteriors
04:02 11.1Gb    5.7% Calc posteriors
04:03 11.2Gb    5.8% Calc posteriors
04:04 11.3Gb    5.8% Calc posteriors
04:05 11.3Gb    5.8% Calc posteriors
04:06 11.3Gb    5.8% Calc posteriors
04:07 11.4Gb    5.9% Calc posteriors
04:08 11.4Gb    5.9% Calc posteriors
04:09 11.4Gb    5.9% Calc posteriors
04:10 11.4Gb    5.9% Calc posteriors
04:11 11.5Gb    6.0% Calc posteriors
04:12 11.5Gb    6.0% Calc posteriors
04:13 11.6Gb    6.0% Calc posteriors
04:14 11.7Gb    6.0% Calc posteriors
04:15 11.7Gb    6.1% Calc posteriors
04:16 11.7Gb    6.1% Calc posteriors
04:17 11.8Gb    6.1% Calc posteriors
04:18 11.8Gb    6.1% Calc posteriors
04:19 11.8Gb    6.2% Calc posteriors
04:20 11.9Gb    6.2% Calc posteriors
04:21 11.9Gb    6.2% Calc posteriors
04:22 11.9Gb    6.2% Calc posteriors
04:23 11.9Gb    6.2% Calc posteriors
04:24 12.0Gb    6.3% Calc posteriors
04:25 12.0Gb    6.3% Calc posteriors
04:26 12.1Gb    6.3% Calc posteriors
04:27 12.2Gb    6.3% Calc posteriors
04:28 12.3Gb    6.4% Calc posteriors
04:29 12.3Gb    6.4% Calc posteriors
04:30 12.3Gb    6.4% Calc posteriors
04:31 12.3Gb    6.4% Calc posteriors
04:32 12.3Gb    6.5% Calc posteriors
04:33 12.4Gb    6.5% Calc posteriors
04:34 12.5Gb    6.5% Calc posteriors
04:35 12.5Gb    6.5% Calc posteriors
04:36 12.5Gb    6.6% Calc posteriors
04:37 12.5Gb    6.6% Calc posteriors
04:38 12.5Gb    6.6% Calc posteriors
04:39 12.5Gb    6.6% Calc posteriors
04:40 12.5Gb    6.7% Calc posteriors
04:41 12.5Gb    6.7% Calc posteriors
04:42 12.6Gb    6.7% Calc posteriors
04:43 12.6Gb    6.7% Calc posteriors
04:44 12.6Gb    6.8% Calc posteriors
04:45 12.6Gb    6.8% Calc posteriors
04:46 12.7Gb    6.8% Calc posteriors
04:47 12.7Gb    6.8% Calc posteriors
04:48 12.7Gb    6.9% Calc posteriors
04:49 12.8Gb    6.9% Calc posteriors
04:50 12.8Gb    6.9% Calc posteriors
04:51 12.8Gb    6.9% Calc posteriors
04:52 12.8Gb    7.0% Calc posteriors
04:53 12.9Gb    7.0% Calc posteriors
04:54 13.1Gb    7.0% Calc posteriors
04:55 13.1Gb    7.0% Calc posteriors
04:56 13.1Gb    7.1% Calc posteriors
04:57 13.1Gb    7.1% Calc posteriors
04:58 13.1Gb    7.1% Calc posteriors
04:59 13.2Gb    7.1% Calc posteriors
05:00 13.2Gb    7.2% Calc posteriors
05:01 13.3Gb    7.2% Calc posteriors
05:02 13.3Gb    7.2% Calc posteriors
05:03 13.4Gb    7.2% Calc posteriors
05:04 13.4Gb    7.3% Calc posteriors
05:05 13.5Gb    7.3% Calc posteriors
05:06 13.5Gb    7.3% Calc posteriors
05:07 13.5Gb    7.3% Calc posteriors
05:08 13.5Gb    7.4% Calc posteriors
05:09 13.6Gb    7.4% Calc posteriors
05:10 13.6Gb    7.4% Calc posteriors
05:11 13.7Gb    7.4% Calc posteriors
05:12 13.7Gb    7.5% Calc posteriors
05:13 13.7Gb    7.5% Calc posteriors
05:14 13.8Gb    7.5% Calc posteriors
05:15 13.8Gb    7.5% Calc posteriors
05:16 13.8Gb    7.6% Calc posteriors
05:17 13.8Gb    7.6% Calc posteriors
05:18 13.9Gb    7.6% Calc posteriors
05:19 13.9Gb    7.6% Calc posteriors
05:20 13.9Gb    7.7% Calc posteriors
05:21 14.0Gb    7.7% Calc posteriors
05:22 14.0Gb    7.7% Calc posteriors
05:23 14.0Gb    7.7% Calc posteriors
05:24 14.0Gb    7.8% Calc posteriors
05:25 14.0Gb    7.8% Calc posteriors
05:26 14.1Gb    7.8% Calc posteriors
05:27 14.1Gb    7.8% Calc posteriors
05:28 14.1Gb    7.9% Calc posteriors
05:29 14.1Gb    7.9% Calc posteriors
05:30 14.2Gb    7.9% Calc posteriors
05:31 14.2Gb    7.9% Calc posteriors
05:32 14.3Gb    8.0% Calc posteriors
05:33 14.3Gb    8.0% Calc posteriors
05:34 14.4Gb    8.0% Calc posteriors
05:35 14.4Gb    8.0% Calc posteriors
05:36 14.4Gb    8.1% Calc posteriors
05:37 14.4Gb    8.1% Calc posteriors
05:38 14.4Gb    8.1% Calc posteriors
05:39 14.6Gb    8.1% Calc posteriors
05:40 14.7Gb    8.2% Calc posteriors
05:41 14.7Gb    8.2% Calc posteriors
05:42 14.7Gb    8.2% Calc posteriors
05:43 14.7Gb    8.2% Calc posteriors
05:44 14.8Gb    8.3% Calc posteriors
05:45 14.8Gb    8.3% Calc posteriors
05:46 14.9Gb    8.3% Calc posteriors
05:47 14.9Gb    8.3% Calc posteriors
05:48 14.9Gb    8.4% Calc posteriors
05:49 14.9Gb    8.4% Calc posteriors
05:50 15.0Gb    8.4% Calc posteriors
05:51 15.1Gb    8.4% Calc posteriors
05:52 15.1Gb    8.5% Calc posteriors
05:53 15.1Gb    8.5% Calc posteriors
05:54 15.1Gb    8.5% Calc posteriors
05:55 15.1Gb    8.5% Calc posteriors
05:56 15.1Gb    8.6% Calc posteriors
05:57 15.2Gb    8.6% Calc posteriors
05:58 15.3Gb    8.6% Calc posteriors
05:59 15.3Gb    8.6% Calc posteriors
06:00 15.3Gb    8.7% Calc posteriors
06:01 15.3Gb    8.7% Calc posteriors
06:02 15.3Gb    8.7% Calc posteriors
06:03 15.4Gb    8.7% Calc posteriors
06:04 15.4Gb    8.8% Calc posteriors
06:05 15.4Gb    8.8% Calc posteriors
06:06 15.4Gb    8.8% Calc posteriors
06:07 15.4Gb    8.9% Calc posteriors
06:08 15.5Gb    8.9% Calc posteriors
06:09 15.6Gb    8.9% Calc posteriors
06:10 15.6Gb    8.9% Calc posteriors
06:11 15.6Gb    9.0% Calc posteriors
06:12 15.6Gb    9.0% Calc posteriors
06:13 15.7Gb    9.0% Calc posteriors
06:14 15.7Gb    9.0% Calc posteriors
06:15 15.9Gb    9.1% Calc posteriors
06:16 15.9Gb    9.1% Calc posteriors
06:17 15.9Gb    9.1% Calc posteriors
06:18 15.9Gb    9.1% Calc posteriors
06:19 16.0Gb    9.2% Calc posteriors
06:20 16.1Gb    9.2% Calc posteriors
06:21 16.1Gb    9.2% Calc posteriors
06:22 16.1Gb    9.2% Calc posteriors
06:23 16.1Gb    9.3% Calc posteriors
06:24 16.1Gb    9.3% Calc posteriors
06:25 16.1Gb    9.3% Calc posteriors
06:26 16.1Gb    9.3% Calc posteriors
06:27 16.2Gb    9.4% Calc posteriors
06:28 16.3Gb    9.4% Calc posteriors
06:29 16.3Gb    9.4% Calc posteriors
06:30 16.3Gb    9.4% Calc posteriors
06:31 16.4Gb    9.5% Calc posteriors
06:32 16.4Gb    9.5% Calc posteriors
06:33 16.4Gb    9.5% Calc posteriors
06:34 16.5Gb    9.5% Calc posteriors
06:35 16.5Gb    9.6% Calc posteriors
06:36 16.5Gb    9.6% Calc posteriors
06:37 16.5Gb    9.6% Calc posteriors
06:38 16.6Gb    9.6% Calc posteriors
06:39 16.6Gb    9.7% Calc posteriors
06:40 16.7Gb    9.7% Calc posteriors
06:41 16.7Gb    9.7% Calc posteriors
06:42 16.8Gb    9.8% Calc posteriors
06:43 16.8Gb    9.8% Calc posteriors
06:44 16.8Gb    9.8% Calc posteriors
06:45 16.8Gb    9.8% Calc posteriors
06:46 16.9Gb    9.9% Calc posteriors
06:47 16.9Gb    9.9% Calc posteriors
06:48 16.9Gb    9.9% Calc posteriors
06:49 17.0Gb    9.9% Calc posteriors
06:50 17.0Gb   10.0% Calc posteriors
06:51 17.0Gb   10.0% Calc posteriors
06:52 17.2Gb   10.0% Calc posteriors
06:53 17.2Gb   10.0% Calc posteriors
06:54 17.2Gb   10.1% Calc posteriors
06:55 17.2Gb   10.1% Calc posteriors
06:56 17.3Gb   10.1% Calc posteriors
06:57 17.3Gb   10.1% Calc posteriors
06:58 17.3Gb   10.2% Calc posteriors
06:59 17.3Gb   10.2% Calc posteriors
07:00 17.3Gb   10.2% Calc posteriors
07:01 17.3Gb   10.2% Calc posteriors
07:02 17.5Gb   10.3% Calc posteriors
07:03 17.5Gb   10.3% Calc posteriors
07:04 17.5Gb   10.3% Calc posteriors
07:05 17.5Gb   10.3% Calc posteriors
07:06 17.6Gb   10.4% Calc posteriors
07:07 17.6Gb   10.4% Calc posteriors
07:08 17.6Gb   10.4% Calc posteriors
07:09 17.7Gb   10.4% Calc posteriors
07:10 17.7Gb   10.5% Calc posteriors
07:11 17.8Gb   10.5% Calc posteriors
07:12 17.8Gb   10.5% Calc posteriors
07:13 17.8Gb   10.5% Calc posteriors
07:14 17.8Gb   10.6% Calc posteriors
07:15 17.8Gb   10.6% Calc posteriors
07:16 17.9Gb   10.6% Calc posteriors
07:17 18.0Gb   10.6% Calc posteriors
07:18 18.0Gb   10.7% Calc posteriors
07:19 18.0Gb   10.7% Calc posteriors
07:20 18.0Gb   10.7% Calc posteriors
07:21 18.2Gb   10.7% Calc posteriors
07:22 18.2Gb   10.8% Calc posteriors
07:23 18.2Gb   10.8% Calc posteriors
07:24 18.2Gb   10.8% Calc posteriors
07:25 18.2Gb   10.8% Calc posteriors
07:26 18.3Gb   10.9% Calc posteriors
07:27 18.3Gb   10.9% Calc posteriors
07:28 18.3Gb   10.9% Calc posteriors
07:29 18.3Gb   10.9% Calc posteriors
07:30 18.4Gb   11.0% Calc posteriors
07:31 18.6Gb   11.0% Calc posteriors
07:32 18.6Gb   11.0% Calc posteriors
07:33 18.6Gb   11.0% Calc posteriors
07:34 18.7Gb   11.1% Calc posteriors
07:35 18.7Gb   11.1% Calc posteriors
07:36 18.7Gb   11.1% Calc posteriors
07:37 18.7Gb   11.1% Calc posteriors
07:38 18.7Gb   11.2% Calc posteriors
07:39 18.7Gb   11.2% Calc posteriors
07:40 18.7Gb   11.2% Calc posteriors
07:41 18.7Gb   11.2% Calc posteriors
07:42 18.7Gb   11.3% Calc posteriors
07:43 18.9Gb   11.3% Calc posteriors
07:44 18.9Gb   11.3% Calc posteriors
07:45 18.9Gb   11.3% Calc posteriors
07:46 18.9Gb   11.4% Calc posteriors
07:47 19.0Gb   11.4% Calc posteriors
07:48 19.0Gb   11.4% Calc posteriors
07:49 19.0Gb   11.4% Calc posteriors
07:50 19.0Gb   11.5% Calc posteriors
07:51 19.1Gb   11.5% Calc posteriors
07:52 19.1Gb   11.5% Calc posteriors
07:53 19.1Gb   11.6% Calc posteriors
07:54 19.2Gb   11.6% Calc posteriors
07:55 19.3Gb   11.6% Calc posteriors
07:56 19.4Gb   11.6% Calc posteriors
07:57 19.4Gb   11.7% Calc posteriors
07:58 19.4Gb   11.7% Calc posteriors
07:59 19.5Gb   11.7% Calc posteriors
08:00 19.5Gb   11.7% Calc posteriors
08:01 19.5Gb   11.8% Calc posteriors
08:02 19.6Gb   11.8% Calc posteriors
08:03 19.6Gb   11.8% Calc posteriors
08:04 19.6Gb   11.8% Calc posteriors
08:05 19.7Gb   11.9% Calc posteriors
08:06 19.7Gb   11.9% Calc posteriors
08:07 19.7Gb   11.9% Calc posteriors
08:08 19.8Gb   11.9% Calc posteriors
08:09 19.8Gb   12.0% Calc posteriors
08:10 19.9Gb   12.0% Calc posteriors
08:11 19.9Gb   12.0% Calc posteriors
08:12 20.0Gb   12.0% Calc posteriors
08:13 20.0Gb   12.1% Calc posteriors
08:14 20.0Gb   12.1% Calc posteriors
08:15 20.0Gb   12.1% Calc posteriors
08:16 20.0Gb   12.1% Calc posteriors
08:17 20.0Gb   12.2% Calc posteriors
08:18 20.0Gb   12.2% Calc posteriors
08:19 20.0Gb   12.2% Calc posteriors
08:20 20.1Gb   12.2% Calc posteriors
08:21 20.1Gb   12.3% Calc posteriors
08:22 20.1Gb   12.3% Calc posteriors
08:23 20.1Gb   12.3% Calc posteriors
08:24 20.3Gb   12.3% Calc posteriors
08:25 20.3Gb   12.4% Calc posteriors
08:26 20.3Gb   12.4% Calc posteriors
08:27 20.3Gb   12.4% Calc posteriors
08:28 20.3Gb   12.4% Calc posteriors
08:29 20.3Gb   12.5% Calc posteriors
08:30 20.3Gb   12.5% Calc posteriors
08:31 20.4Gb   12.5% Calc posteriors
08:32 20.5Gb   12.6% Calc posteriors
08:33 20.6Gb   12.6% Calc posteriors
08:34 20.8Gb   12.6% Calc posteriors
08:35 20.8Gb   12.6% Calc posteriors
08:36 20.8Gb   12.7% Calc posteriors
08:37 20.8Gb   12.7% Calc posteriors
08:38 20.8Gb   12.7% Calc posteriors
08:39 20.8Gb   12.7% Calc posteriors
08:40 20.8Gb   12.8% Calc posteriors
08:41 21.0Gb   12.8% Calc posteriors
08:42 21.0Gb   12.8% Calc posteriors
08:43 21.0Gb   12.8% Calc posteriors
08:44 21.0Gb   12.9% Calc posteriors
08:45 21.0Gb   12.9% Calc posteriors
08:46 21.1Gb   12.9% Calc posteriors
08:47 21.1Gb   12.9% Calc posteriors
08:48 21.2Gb   13.0% Calc posteriors
08:49 21.2Gb   13.0% Calc posteriors
08:50 21.2Gb   13.0% Calc posteriors
08:51 21.3Gb   13.0% Calc posteriors
08:52 21.3Gb   13.1% Calc posteriors
08:53 21.3Gb   13.1% Calc posteriors
08:54 21.3Gb   13.1% Calc posteriors
08:55 21.3Gb   13.1% Calc posteriors
08:56 21.3Gb   13.2% Calc posteriors
08:57 21.4Gb   13.2% Calc posteriors
08:58 21.5Gb   13.2% Calc posteriors
08:59 21.5Gb   13.2% Calc posteriors
09:00 21.5Gb   13.3% Calc posteriors
09:01 21.5Gb   13.3% Calc posteriors
09:02 21.5Gb   13.3% Calc posteriors
09:03 21.5Gb   13.3% Calc posteriors
09:04 21.6Gb   13.4% Calc posteriors
09:05 21.7Gb   13.4% Calc posteriors
09:06 21.7Gb   13.4% Calc posteriors
09:07 21.7Gb   13.4% Calc posteriors
09:08 21.7Gb   13.5% Calc posteriors
09:09 21.7Gb   13.5% Calc posteriors
09:10 21.7Gb   13.5% Calc posteriors
09:11 21.8Gb   13.5% Calc posteriors
09:12 21.8Gb   13.6% Calc posteriors
09:13 22.0Gb   13.6% Calc posteriors
09:14 22.1Gb   13.6% Calc posteriors
09:15 22.1Gb   13.7% Calc posteriors
09:16 22.2Gb   13.7% Calc posteriors
09:17 22.2Gb   13.7% Calc posteriors
09:18 22.2Gb   13.7% Calc posteriors
09:19 22.2Gb   13.7% Calc posteriors
09:20 22.3Gb   13.8% Calc posteriors
09:21 22.4Gb   13.8% Calc posteriors
09:22 22.4Gb   13.8% Calc posteriors
09:23 22.4Gb   13.9% Calc posteriors
09:24 22.4Gb   13.9% Calc posteriors
09:25 22.4Gb   13.9% Calc posteriors
09:26 22.4Gb   13.9% Calc posteriors
09:27 22.4Gb   14.0% Calc posteriors
09:28 22.6Gb   14.0% Calc posteriors
09:29 22.6Gb   14.0% Calc posteriors
09:30 22.6Gb   14.0% Calc posteriors
09:31 22.6Gb   14.1% Calc posteriors
09:32 22.7Gb   14.1% Calc posteriors
09:33 22.8Gb   14.1% Calc posteriors
09:34 22.8Gb   14.1% Calc posteriors
09:35 22.9Gb   14.2% Calc posteriors
09:36 22.9Gb   14.2% Calc posteriors
09:37 22.9Gb   14.2% Calc posteriors
09:38 22.9Gb   14.2% Calc posteriors
09:39 22.9Gb   14.3% Calc posteriors
09:40 22.9Gb   14.3% Calc posteriors
09:41 22.9Gb   14.3% Calc posteriors
09:42 22.9Gb   14.3% Calc posteriors
09:43 22.9Gb   14.4% Calc posteriors
09:44 22.9Gb   14.4% Calc posteriors
09:45 23.0Gb   14.4% Calc posteriors
09:46 23.1Gb   14.4% Calc posteriors
09:47 23.1Gb   14.5% Calc posteriors
09:48 23.1Gb   14.5% Calc posteriors
09:49 23.2Gb   14.5% Calc posteriors
09:50 23.3Gb   14.6% Calc posteriors
09:51 23.4Gb   14.6% Calc posteriors
09:52 23.4Gb   14.6% Calc posteriors
09:53 23.4Gb   14.6% Calc posteriors
09:54 23.4Gb   14.7% Calc posteriors
09:55 23.5Gb   14.7% Calc posteriors
09:56 23.6Gb   14.7% Calc posteriors
09:57 23.6Gb   14.7% Calc posteriors
09:58 23.6Gb   14.8% Calc posteriors
09:59 23.7Gb   14.8% Calc posteriors
10:00 23.7Gb   14.8% Calc posteriors
10:01 23.7Gb   14.8% Calc posteriors
10:02 23.7Gb   14.9% Calc posteriors
10:03 23.7Gb   14.9% Calc posteriors
10:04 23.7Gb   14.9% Calc posteriors
10:05 23.7Gb   14.9% Calc posteriors
10:06 23.8Gb   15.0% Calc posteriors
10:07 23.9Gb   15.0% Calc posteriors
10:08 23.9Gb   15.0% Calc posteriors
10:09 23.9Gb   15.0% Calc posteriors
10:10 24.1Gb   15.1% Calc posteriors
10:11 24.2Gb   15.1% Calc posteriors
10:12 24.2Gb   15.1% Calc posteriors
10:13 24.3Gb   15.1% Calc posteriors
10:14 24.3Gb   15.2% Calc posteriors
10:15 24.3Gb   15.2% Calc posteriors
10:16 24.3Gb   15.2% Calc posteriors
10:17 24.3Gb   15.2% Calc posteriors
10:18 24.3Gb   15.3% Calc posteriors
10:19 24.3Gb   15.3% Calc posteriors
10:20 24.3Gb   15.3% Calc posteriors
10:21 24.3Gb   15.3% Calc posteriors
10:22 24.3Gb   15.4% Calc posteriors
10:23 24.3Gb   15.4% Calc posteriors
10:24 24.4Gb   15.4% Calc posteriors
10:25 24.4Gb   15.4% Calc posteriors
10:26 24.6Gb   15.5% Calc posteriors
10:27 24.6Gb   15.5% Calc posteriors
10:28 24.7Gb   15.5% Calc posteriors
10:29 24.8Gb   15.5% Calc posteriors
10:30 24.8Gb   15.6% Calc posteriors
10:31 24.8Gb   15.6% Calc posteriors
10:32 24.8Gb   15.6% Calc posteriors
10:33 24.8Gb   15.6% Calc posteriors
10:34 24.8Gb   15.7% Calc posteriors
10:35 24.8Gb   15.7% Calc posteriors
10:36 24.8Gb   15.7% Calc posteriors
10:37 24.9Gb   15.7% Calc posteriors
10:38 25.0Gb   15.8% Calc posteriors
10:39 25.0Gb   15.8% Calc posteriors
10:40 25.0Gb   15.8% Calc posteriors
10:41 25.0Gb   15.8% Calc posteriors
10:42 25.0Gb   15.9% Calc posteriors
10:43 25.0Gb   15.9% Calc posteriors
10:44 25.1Gb   15.9% Calc posteriors
10:45 25.1Gb   15.9% Calc posteriors
10:46 25.1Gb   16.0% Calc posteriors
10:47 25.3Gb   16.0% Calc posteriors
10:48 25.3Gb   16.0% Calc posteriors
10:49 25.5Gb   16.0% Calc posteriors
10:50 25.5Gb   16.1% Calc posteriors
10:51 25.5Gb   16.1% Calc posteriors
10:52 25.5Gb   16.1% Calc posteriors
10:53 25.5Gb   16.1% Calc posteriors
10:54 25.6Gb   16.2% Calc posteriors
10:55 25.7Gb   16.2% Calc posteriors
10:56 25.7Gb   16.2% Calc posteriors
10:57 25.7Gb   16.2% Calc posteriors
10:58 25.7Gb   16.3% Calc posteriors
10:59 25.7Gb   16.3% Calc posteriors
11:00 25.7Gb   16.3% Calc posteriors
11:01 25.7Gb   16.3% Calc posteriors
11:02 25.7Gb   16.4% Calc posteriors
11:03 25.8Gb   16.4% Calc posteriors
11:04 25.8Gb   16.4% Calc posteriors
11:05 25.8Gb   16.4% Calc posteriors
11:06 26.0Gb   16.5% Calc posteriors
11:07 26.0Gb   16.5% Calc posteriors
11:08 26.0Gb   16.5% Calc posteriors
11:09 26.1Gb   16.5% Calc posteriors
11:10 26.2Gb   16.6% Calc posteriors
11:11 26.2Gb   16.6% Calc posteriors
11:12 26.2Gb   16.6% Calc posteriors
11:13 26.2Gb   16.6% Calc posteriors
11:14 26.2Gb   16.7% Calc posteriors
11:15 26.2Gb   16.7% Calc posteriors
11:16 26.2Gb   16.7% Calc posteriors
11:17 26.2Gb   16.7% Calc posteriors
11:18 26.2Gb   16.8% Calc posteriors
11:19 26.3Gb   16.8% Calc posteriors
11:20 26.4Gb   16.8% Calc posteriors
11:21 26.4Gb   16.8% Calc posteriors
11:22 26.4Gb   16.9% Calc posteriors
11:23 26.5Gb   16.9% Calc posteriors
11:24 26.5Gb   16.9% Calc posteriors
11:25 26.6Gb   16.9% Calc posteriors
11:26 26.7Gb   17.0% Calc posteriors
11:27 26.7Gb   17.0% Calc posteriors
11:28 26.8Gb   17.0% Calc posteriors
11:29 26.8Gb   17.0% Calc posteriors
11:30 26.9Gb   17.1% Calc posteriors
11:31 26.9Gb   17.1% Calc posteriors
11:32 26.9Gb   17.1% Calc posteriors
11:33 26.9Gb   17.1% Calc posteriors
11:34 26.9Gb   17.2% Calc posteriors
11:35 26.9Gb   17.2% Calc posteriors
11:36 26.9Gb   17.2% Calc posteriors
11:37 27.0Gb   17.2% Calc posteriors
11:38 27.0Gb   17.3% Calc posteriors
11:39 27.1Gb   17.3% Calc posteriors
11:40 27.1Gb   17.3% Calc posteriors
11:41 27.1Gb   17.3% Calc posteriors
11:42 27.2Gb   17.4% Calc posteriors
11:43 27.2Gb   17.4% Calc posteriors
11:44 27.2Gb   17.4% Calc posteriors
11:45 27.2Gb   17.4% Calc posteriors
11:46 27.4Gb   17.5% Calc posteriors
11:47 27.4Gb   17.5% Calc posteriors
11:48 27.4Gb   17.5% Calc posteriors
11:49 27.4Gb   17.5% Calc posteriors
11:50 27.5Gb   17.6% Calc posteriors
11:51 27.5Gb   17.6% Calc posteriors
11:52 27.5Gb   17.6% Calc posteriors
11:53 27.5Gb   17.7% Calc posteriors
11:54 27.5Gb   17.7% Calc posteriors
11:55 27.6Gb   17.7% Calc posteriors
11:56 27.6Gb   17.7% Calc posteriors
11:57 27.6Gb   17.8% Calc posteriors
11:58 27.6Gb   17.8% Calc posteriors
11:59 27.7Gb   17.8% Calc posteriors
12:00 27.7Gb   17.8% Calc posteriors
12:01 27.9Gb   17.9% Calc posteriors
12:02 27.9Gb   17.9% Calc posteriors
12:03 28.0Gb   17.9% Calc posteriors
12:04 28.0Gb   17.9% Calc posteriors
12:05 28.0Gb   18.0% Calc posteriors
12:06 28.1Gb   18.0% Calc posteriors
12:07 28.2Gb   18.0% Calc posteriors
12:08 28.2Gb   18.0% Calc posteriors
12:09 28.3Gb   18.1% Calc posteriors
12:10 28.3Gb   18.1% Calc posteriors
12:11 28.3Gb   18.1% Calc posteriors
12:12 28.3Gb   18.1% Calc posteriors
12:13 28.3Gb   18.2% Calc posteriors
12:14 28.3Gb   18.2% Calc posteriors
12:15 28.3Gb   18.2% Calc posteriors
12:16 28.3Gb   18.2% Calc posteriors
12:17 28.3Gb   18.3% Calc posteriors
12:18 28.3Gb   18.3% Calc posteriors
12:19 28.4Gb   18.3% Calc posteriors
12:20 28.5Gb   18.3% Calc posteriors
12:21 28.6Gb   18.4% Calc posteriors
12:22 28.6Gb   18.4% Calc posteriors
12:23 28.6Gb   18.4% Calc posteriors
12:24 28.6Gb   18.4% Calc posteriors
12:25 28.6Gb   18.5% Calc posteriors
12:26 28.7Gb   18.5% Calc posteriors
12:27 28.7Gb   18.5% Calc posteriors
12:28 28.8Gb   18.5% Calc posteriors
12:29 28.8Gb   18.6% Calc posteriors
12:30 28.8Gb   18.6% Calc posteriors
12:31 28.8Gb   18.6% Calc posteriors
12:32 28.9Gb   18.6% Calc posteriors
12:33 28.9Gb   18.7% Calc posteriors
12:34 29.0Gb   18.7% Calc posteriors
12:35 29.0Gb   18.7% Calc posteriors
12:36 29.0Gb   18.8% Calc posteriors
12:37 29.1Gb   18.8% Calc posteriors
12:38 29.1Gb   18.8% Calc posteriors
12:39 29.2Gb   18.8% Calc posteriors
12:40 29.2Gb   18.9% Calc posteriors
12:41 29.3Gb   18.9% Calc posteriors
12:42 29.3Gb   18.9% Calc posteriors
12:43 29.3Gb   18.9% Calc posteriors
12:44 29.5Gb   19.0% Calc posteriors
12:45 29.5Gb   19.0% Calc posteriors
12:46 29.5Gb   19.0% Calc posteriors
12:47 29.5Gb   19.0% Calc posteriors
12:48 29.5Gb   19.0% Calc posteriors
12:49 29.5Gb   19.1% Calc posteriors
12:50 29.6Gb   19.1% Calc posteriors
12:51 29.7Gb   19.1% Calc posteriors
12:52 29.7Gb   19.1% Calc posteriors
12:53 29.7Gb   19.2% Calc posteriors
12:54 29.7Gb   19.2% Calc posteriors
12:55 29.7Gb   19.2% Calc posteriors
12:56 29.7Gb   19.3% Calc posteriors
12:57 29.7Gb   19.3% Calc posteriors
12:58 29.8Gb   19.3% Calc posteriors
12:59 29.8Gb   19.3% Calc posteriors
13:00 29.9Gb   19.4% Calc posteriors
13:01 30.0Gb   19.4% Calc posteriors
13:02 30.0Gb   19.4% Calc posteriors
13:03 30.0Gb   19.4% Calc posteriors
13:04 30.0Gb   19.5% Calc posteriors
13:05 30.0Gb   19.5% Calc posteriors
13:06 30.0Gb   19.5% Calc posteriors
13:07 30.1Gb   19.5% Calc posteriors
13:08 30.2Gb   19.6% Calc posteriors
13:09 30.2Gb   19.6% Calc posteriors
13:10 30.2Gb   19.6% Calc posteriors
13:11 30.2Gb   19.6% Calc posteriors
13:12 30.4Gb   19.7% Calc posteriors
13:13 30.4Gb   19.7% Calc posteriors
13:14 30.4Gb   19.7% Calc posteriors
13:15 30.4Gb   19.7% Calc posteriors
13:16 30.4Gb   19.8% Calc posteriors
13:17 30.5Gb   19.8% Calc posteriors
13:18 30.6Gb   19.8% Calc posteriors
13:19 30.6Gb   19.8% Calc posteriors
13:20 30.6Gb   19.9% Calc posteriors
13:21 30.6Gb   19.9% Calc posteriors
13:22 30.6Gb   19.9% Calc posteriors
13:23 30.7Gb   19.9% Calc posteriors
13:24 30.8Gb   20.0% Calc posteriors
13:25 30.9Gb   20.0% Calc posteriors
13:26 30.9Gb   20.0% Calc posteriors
13:27 30.9Gb   20.0% Calc posteriors
13:28 30.9Gb   20.1% Calc posteriors
13:29 30.9Gb   20.1% Calc posteriors
13:30 30.9Gb   20.1% Calc posteriors
13:31 30.9Gb   20.1% Calc posteriors
13:32 31.1Gb   20.2% Calc posteriors
13:33 31.1Gb   20.2% Calc posteriors
13:34 31.1Gb   20.2% Calc posteriors
13:35 31.1Gb   20.2% Calc posteriors
13:36 31.1Gb   20.3% Calc posteriors
13:37 31.1Gb   20.3% Calc posteriors
13:38 31.2Gb   20.3% Calc posteriors
13:39 31.2Gb   20.3% Calc posteriors
13:40 31.2Gb   20.4% Calc posteriors
13:41 31.2Gb   20.4% Calc posteriors
13:42 31.2Gb   20.4% Calc posteriors
13:43 31.3Gb   20.4% Calc posteriors
13:44 31.4Gb   20.5% Calc posteriors
13:45 31.5Gb   20.5% Calc posteriors
13:46 31.5Gb   20.5% Calc posteriors
13:47 31.6Gb   20.5% Calc posteriors
13:48 31.6Gb   20.6% Calc posteriors
13:49 31.6Gb   20.6% Calc posteriors
13:50 31.6Gb   20.6% Calc posteriors
13:51 31.8Gb   20.6% Calc posteriors
13:52 31.8Gb   20.7% Calc posteriors
13:53 31.9Gb   20.7% Calc posteriors
13:54 31.9Gb   20.7% Calc posteriors
13:55 31.9Gb   20.7% Calc posteriors
13:56 31.9Gb   20.8% Calc posteriors
13:57 31.9Gb   20.8% Calc posteriors
13:58 31.9Gb   20.8% Calc posteriors
13:59 31.9Gb   20.8% Calc posteriors
14:00 31.9Gb   20.9% Calc posteriors
14:01 32.0Gb   20.9% Calc posteriors
14:02 32.1Gb   20.9% Calc posteriors
14:03 32.1Gb   20.9% Calc posteriors
14:04 32.1Gb   21.0% Calc posteriors
14:05 32.1Gb   21.0% Calc posteriors
14:06 32.2Gb   21.0% Calc posteriors
14:07 32.3Gb   21.0% Calc posteriors
14:08 32.3Gb   21.1% Calc posteriors
14:09 32.3Gb   21.1% Calc posteriors
14:10 32.3Gb   21.1% Calc posteriors
14:11 32.3Gb   21.1% Calc posteriors
14:12 32.3Gb   21.2% Calc posteriors
14:13 32.4Gb   21.2% Calc posteriors
14:14 32.4Gb   21.2% Calc posteriors
14:15 32.4Gb   21.2% Calc posteriors
14:16 32.6Gb   21.3% Calc posteriors
14:17 32.6Gb   21.3% Calc posteriors
14:18 32.6Gb   21.3% Calc posteriors
14:19 32.6Gb   21.3% Calc posteriors
14:20 32.6Gb   21.4% Calc posteriors
14:21 32.6Gb   21.4% Calc posteriors
14:22 32.6Gb   21.4% Calc posteriors
14:23 32.6Gb   21.4% Calc posteriors
14:24 32.7Gb   21.5% Calc posteriors
14:25 32.9Gb   21.5% Calc posteriors
14:26 32.9Gb   21.5% Calc posteriors
14:27 33.0Gb   21.5% Calc posteriors
14:28 33.0Gb   21.6% Calc posteriors
14:29 33.0Gb   21.6% Calc posteriors
14:30 33.0Gb   21.6% Calc posteriors
14:31 33.3Gb   21.6% Calc posteriors
14:32 33.3Gb   21.7% Calc posteriors
14:33 33.3Gb   21.7% Calc posteriors
14:34 33.3Gb   21.7% Calc posteriors
14:35 33.3Gb   21.7% Calc posteriors
14:36 33.3Gb   21.8% Calc posteriors
14:37 33.3Gb   21.8% Calc posteriors
14:38 33.3Gb   21.8% Calc posteriors
14:39 33.3Gb   21.8% Calc posteriors
14:40 33.4Gb   21.9% Calc posteriors
14:41 33.4Gb   21.9% Calc posteriors
14:42 33.4Gb   21.9% Calc posteriors
14:43 33.5Gb   21.9% Calc posteriors
14:44 33.5Gb   22.0% Calc posteriors
14:45 33.5Gb   22.0% Calc posteriors
14:46 33.5Gb   22.0% Calc posteriors
14:47 33.6Gb   22.0% Calc posteriors
14:48 33.6Gb   22.1% Calc posteriors
14:49 33.7Gb   22.1% Calc posteriors
14:50 33.7Gb   22.1% Calc posteriors
14:51 33.7Gb   22.1% Calc posteriors
14:52 33.8Gb   22.2% Calc posteriors
14:53 33.9Gb   22.2% Calc posteriors
14:54 33.9Gb   22.2% Calc posteriors
14:55 33.9Gb   22.2% Calc posteriors
14:56 33.9Gb   22.3% Calc posteriors
14:57 33.9Gb   22.3% Calc posteriors
14:58 34.0Gb   22.3% Calc posteriors
14:59 34.0Gb   22.4% Calc posteriors
15:00 34.1Gb   22.4% Calc posteriors
15:01 34.1Gb   22.4% Calc posteriors
15:02 34.1Gb   22.4% Calc posteriors
15:03 34.1Gb   22.5% Calc posteriors
15:04 34.1Gb   22.5% Calc posteriors
15:05 34.3Gb   22.5% Calc posteriors
15:06 34.4Gb   22.5% Calc posteriors
15:07 34.4Gb   22.6% Calc posteriors
15:08 34.4Gb   22.6% Calc posteriors
15:09 34.5Gb   22.6% Calc posteriors
15:10 34.5Gb   22.6% Calc posteriors
15:11 34.5Gb   22.7% Calc posteriors
15:12 34.6Gb   22.7% Calc posteriors
15:13 34.6Gb   22.7% Calc posteriors
15:14 34.7Gb   22.7% Calc posteriors
15:15 34.7Gb   22.8% Calc posteriors
15:16 34.7Gb   22.8% Calc posteriors
15:17 34.7Gb   22.8% Calc posteriors
15:18 34.7Gb   22.8% Calc posteriors
15:19 34.7Gb   22.9% Calc posteriors
15:20 34.8Gb   22.9% Calc posteriors
15:21 34.8Gb   22.9% Calc posteriors
15:22 34.8Gb   22.9% Calc posteriors
15:23 34.8Gb   23.0% Calc posteriors
15:24 34.9Gb   23.0% Calc posteriors
15:25 34.9Gb   23.0% Calc posteriors
15:26 34.9Gb   23.0% Calc posteriors
15:27 34.9Gb   23.1% Calc posteriors
15:28 35.0Gb   23.1% Calc posteriors
15:29 35.1Gb   23.1% Calc posteriors
15:30 35.2Gb   23.1% Calc posteriors
15:31 35.2Gb   23.2% Calc posteriors
15:32 35.2Gb   23.2% Calc posteriors
15:33 35.2Gb   23.2% Calc posteriors
15:34 35.3Gb   23.2% Calc posteriors
15:35 35.3Gb   23.3% Calc posteriors
15:36 35.4Gb   23.3% Calc posteriors

