INFO: Pandarallel will run on 20 workers.
INFO: Pandarallel will use Memory file system to transfer data between the main process and workers.
HHFilter find_closest_cov
HHFilter main:  /home/adaddi/scratch/muscle_resampling/Sampling_stratified_BRD4__mmseqs2_uniref_env/startcov_60-BRD4__mmseqs2_uniref_env.a3m 2299.5
HHFilter A
Diff:  0.25  /  2292.5
Diff:  0.5  /  1336.5
Diff:  0.7  /  578.0
HHFilter B
Diff:  400  /  286.5
HHFilter C
QSC Diff:  0.25  /  284.0
QSC Diff:  0.5  /  204.5
QSC Diff:  0.7  /  246.5
HHFilter D
Diff QSC:  0.25  /  285.0
Diff QSC:  0.5  /  60.5
Diff QSC:  0.7  /  1.0
Start MUSCLE5 MSA
MUSCLE encountered an error:

muscle 5.2.linux64 [6c6011]  396Gb RAM, 48 cores
Built Apr 20 2023 20:14:12
(C) Copyright 2004-2021 Robert C. Edgar.
https://drive5.com

Input: 4599 seqs, avg length 110, max 127


WARNING: >1k sequences, may be slow or use excessive memory, consider using -super5

Replicate 1/16, none.0
00:06 1.1Gb  CPU has 48 cores, defaulting to 20 threads
00:06 1.1Gb   9.5e-06% Calc posteriors
00:07 2.4Gb   0.024% Calc posteriors  
00:08 2.4Gb   0.091% Calc posteriors
00:09 2.4Gb    0.15% Calc posteriors
00:10 2.4Gb    0.22% Calc posteriors
00:11 2.4Gb    0.28% Calc posteriors
00:12 2.4Gb    0.34% Calc posteriors
00:13 2.4Gb     0.4% Calc posteriors
00:14 2.4Gb    0.47% Calc posteriors
00:15 2.4Gb    0.53% Calc posteriors
00:16 2.4Gb    0.59% Calc posteriors
00:17 2.4Gb    0.65% Calc posteriors
00:18 2.4Gb    0.71% Calc posteriors
00:19 2.4Gb    0.78% Calc posteriors
00:20 2.4Gb    0.84% Calc posteriors
00:21 2.4Gb     0.9% Calc posteriors
00:22 2.4Gb    0.96% Calc posteriors
00:23 2.4Gb     1.0% Calc posteriors
00:24 2.4Gb     1.1% Calc posteriors
00:25 2.4Gb     1.1% Calc posteriors
00:26 2.4Gb     1.2% Calc posteriors
00:27 2.4Gb     1.3% Calc posteriors
00:28 2.4Gb     1.3% Calc posteriors
00:29 2.4Gb     1.4% Calc posteriors
00:30 2.4Gb     1.5% Calc posteriors
00:31 2.4Gb     1.5% Calc posteriors
00:32 2.4Gb     1.6% Calc posteriors
00:33 2.4Gb     1.6% Calc posteriors
00:34 2.4Gb     1.7% Calc posteriors
00:35 2.4Gb     1.8% Calc posteriors
00:36 2.4Gb     1.8% Calc posteriors
00:37 2.4Gb     1.9% Calc posteriors
00:38 2.4Gb     2.0% Calc posteriors
00:39 2.4Gb     2.0% Calc posteriors
00:40 2.4Gb     2.1% Calc posteriors
00:41 2.4Gb     2.1% Calc posteriors
00:42 2.4Gb     2.2% Calc posteriors
00:43 2.5Gb     2.3% Calc posteriors
00:44 2.6Gb     2.3% Calc posteriors
00:45 2.7Gb     2.4% Calc posteriors
00:46 2.8Gb     2.5% Calc posteriors
00:47 3.2Gb     2.5% Calc posteriors
00:48 3.3Gb     2.6% Calc posteriors
00:49 3.4Gb     2.6% Calc posteriors
00:50 3.5Gb     2.7% Calc posteriors
00:51 3.6Gb     2.8% Calc posteriors
00:52 3.7Gb     2.8% Calc posteriors
00:53 3.7Gb     2.9% Calc posteriors
00:54 3.7Gb     3.0% Calc posteriors
00:55 3.7Gb     3.0% Calc posteriors
00:56 3.7Gb     3.1% Calc posteriors
00:57 3.7Gb     3.1% Calc posteriors
00:58 3.7Gb     3.2% Calc posteriors
00:59 3.7Gb     3.3% Calc posteriors
01:00 3.7Gb     3.3% Calc posteriors
01:01 3.7Gb     3.4% Calc posteriors
01:02 3.7Gb     3.5% Calc posteriors
01:03 3.7Gb     3.5% Calc posteriors
01:04 3.7Gb     3.6% Calc posteriors
01:05 3.7Gb     3.7% Calc posteriors
01:06 3.8Gb     3.7% Calc posteriors
01:07 3.8Gb     3.8% Calc posteriors
01:08 3.8Gb     3.8% Calc posteriors
01:09 3.8Gb     3.9% Calc posteriors
01:10 3.8Gb     4.0% Calc posteriors
01:11 3.8Gb     4.0% Calc posteriors
01:12 3.8Gb     4.1% Calc posteriors
01:13 3.8Gb     4.2% Calc posteriors
01:14 3.8Gb     4.2% Calc posteriors
01:15 3.8Gb     4.3% Calc posteriors
01:16 3.8Gb     4.3% Calc posteriors
01:17 3.8Gb     4.4% Calc posteriors
01:18 3.8Gb     4.5% Calc posteriors
01:19 3.8Gb     4.5% Calc posteriors
01:20 3.9Gb     4.6% Calc posteriors
01:21 3.9Gb     4.7% Calc posteriors
01:22 4.0Gb     4.7% Calc posteriors
01:23 4.0Gb     4.8% Calc posteriors
01:24 4.1Gb     4.9% Calc posteriors
01:25 4.2Gb     4.9% Calc posteriors
01:26 4.3Gb     5.0% Calc posteriors
01:27 4.4Gb     5.0% Calc posteriors
01:28 4.5Gb     5.1% Calc posteriors
01:29 4.6Gb     5.2% Calc posteriors
01:30 4.6Gb     5.2% Calc posteriors
01:31 4.7Gb     5.3% Calc posteriors
01:32 4.7Gb     5.4% Calc posteriors
01:33 4.8Gb     5.4% Calc posteriors
01:34 4.8Gb     5.5% Calc posteriors
01:35 4.9Gb     5.6% Calc posteriors
01:36 5.0Gb     5.6% Calc posteriors
01:37 5.0Gb     5.7% Calc posteriors
01:38 5.1Gb     5.7% Calc posteriors
01:39 5.1Gb     5.8% Calc posteriors
01:40 5.1Gb     5.9% Calc posteriors
01:41 5.1Gb     5.9% Calc posteriors
01:42 5.1Gb     6.0% Calc posteriors
01:43 5.1Gb     6.1% Calc posteriors
01:44 5.1Gb     6.1% Calc posteriors
01:45 5.1Gb     6.2% Calc posteriors
01:46 5.1Gb     6.2% Calc posteriors
01:47 5.1Gb     6.3% Calc posteriors
01:48 5.1Gb     6.4% Calc posteriors
01:49 5.1Gb     6.4% Calc posteriors
01:50 5.1Gb     6.5% Calc posteriors
01:51 5.1Gb     6.5% Calc posteriors
01:52 5.1Gb     6.6% Calc posteriors
01:53 5.1Gb     6.7% Calc posteriors
01:54 5.1Gb     6.7% Calc posteriors
01:55 5.1Gb     6.8% Calc posteriors
01:56 5.2Gb     6.8% Calc posteriors
01:57 5.2Gb     6.9% Calc posteriors
01:58 5.3Gb     7.0% Calc posteriors
01:59 5.3Gb     7.0% Calc posteriors
02:00 5.4Gb     7.1% Calc posteriors
02:01 5.4Gb     7.2% Calc posteriors
02:02 5.4Gb     7.2% Calc posteriors
02:03 5.4Gb     7.3% Calc posteriors
02:04 5.4Gb     7.3% Calc posteriors
02:05 5.5Gb     7.4% Calc posteriors
02:06 5.5Gb     7.5% Calc posteriors
02:07 5.6Gb     7.5% Calc posteriors
02:08 5.7Gb     7.6% Calc posteriors
02:09 5.8Gb     7.7% Calc posteriors
02:10 5.9Gb     7.7% Calc posteriors
02:11 5.9Gb     7.8% Calc posteriors
02:12 5.9Gb     7.8% Calc posteriors
02:13 5.9Gb     7.9% Calc posteriors
02:14 6.1Gb     8.0% Calc posteriors
02:15 6.1Gb     8.0% Calc posteriors
02:16 6.1Gb     8.1% Calc posteriors
02:17 6.1Gb     8.2% Calc posteriors
02:18 6.1Gb     8.2% Calc posteriors
02:19 6.3Gb     8.3% Calc posteriors
02:20 6.3Gb     8.3% Calc posteriors
02:21 6.3Gb     8.4% Calc posteriors
02:22 6.3Gb     8.5% Calc posteriors
02:23 6.3Gb     8.5% Calc posteriors
02:24 6.4Gb     8.6% Calc posteriors
02:25 6.4Gb     8.6% Calc posteriors
02:26 6.4Gb     8.7% Calc posteriors
02:27 6.4Gb     8.8% Calc posteriors
02:28 6.4Gb     8.8% Calc posteriors
02:29 6.4Gb     8.9% Calc posteriors
02:30 6.4Gb     9.0% Calc posteriors
02:31 6.4Gb     9.0% Calc posteriors
02:32 6.5Gb     9.1% Calc posteriors
02:33 6.5Gb     9.1% Calc posteriors
02:34 6.6Gb     9.2% Calc posteriors
02:35 6.6Gb     9.3% Calc posteriors
02:36 6.6Gb     9.3% Calc posteriors
02:37 6.6Gb     9.4% Calc posteriors
02:38 6.6Gb     9.5% Calc posteriors
02:39 6.7Gb     9.5% Calc posteriors
02:40 6.7Gb     9.6% Calc posteriors
02:41 6.7Gb     9.7% Calc posteriors
02:42 6.8Gb     9.7% Calc posteriors
02:43 6.8Gb     9.8% Calc posteriors
02:44 6.8Gb     9.8% Calc posteriors
02:45 6.8Gb     9.9% Calc posteriors
02:46 6.8Gb    10.0% Calc posteriors
02:47 7.0Gb    10.0% Calc posteriors
02:48 7.0Gb    10.1% Calc posteriors
02:49 7.1Gb    10.2% Calc posteriors
02:50 7.1Gb    10.2% Calc posteriors
02:51 7.1Gb    10.3% Calc posteriors
02:52 7.2Gb    10.3% Calc posteriors
02:53 7.3Gb    10.4% Calc posteriors
02:54 7.3Gb    10.5% Calc posteriors
02:55 7.3Gb    10.5% Calc posteriors
02:56 7.3Gb    10.6% Calc posteriors
02:57 7.4Gb    10.6% Calc posteriors
02:58 7.4Gb    10.7% Calc posteriors
02:59 7.4Gb    10.8% Calc posteriors
03:00 7.5Gb    10.8% Calc posteriors
03:01 7.5Gb    10.9% Calc posteriors
03:02 7.5Gb    10.9% Calc posteriors
03:03 7.6Gb    11.0% Calc posteriors
03:04 7.6Gb    11.1% Calc posteriors
03:05 7.6Gb    11.1% Calc posteriors
03:06 7.7Gb    11.2% Calc posteriors
03:07 7.7Gb    11.3% Calc posteriors
03:08 7.7Gb    11.3% Calc posteriors
03:09 7.7Gb    11.4% Calc posteriors
03:10 7.8Gb    11.5% Calc posteriors
03:11 7.9Gb    11.5% Calc posteriors
03:12 8.0Gb    11.6% Calc posteriors
03:13 8.0Gb    11.6% Calc posteriors
03:14 8.0Gb    11.7% Calc posteriors
03:15 8.0Gb    11.8% Calc posteriors
03:16 8.0Gb    11.8% Calc posteriors
03:17 8.0Gb    11.9% Calc posteriors
03:18 8.0Gb    12.0% Calc posteriors
03:19 8.1Gb    12.0% Calc posteriors
03:20 8.1Gb    12.1% Calc posteriors
03:21 8.1Gb    12.1% Calc posteriors
03:22 8.1Gb    12.2% Calc posteriors
03:23 8.1Gb    12.3% Calc posteriors
03:24 8.2Gb    12.3% Calc posteriors
03:25 8.2Gb    12.4% Calc posteriors
03:26 8.2Gb    12.4% Calc posteriors
03:27 8.2Gb    12.5% Calc posteriors
03:28 8.4Gb    12.6% Calc posteriors
03:29 8.4Gb    12.6% Calc posteriors
03:30 8.4Gb    12.7% Calc posteriors
03:31 8.5Gb    12.8% Calc posteriors
03:32 8.5Gb    12.8% Calc posteriors
03:33 8.5Gb    12.9% Calc posteriors
03:34 8.6Gb    12.9% Calc posteriors
03:35 8.6Gb    13.0% Calc posteriors
03:36 8.6Gb    13.1% Calc posteriors
03:37 8.6Gb    13.1% Calc posteriors
03:38 8.6Gb    13.2% Calc posteriors
03:39 8.6Gb    13.3% Calc posteriors
03:40 8.7Gb    13.3% Calc posteriors
03:41 8.7Gb    13.4% Calc posteriors
03:42 8.7Gb    13.5% Calc posteriors
03:43 8.8Gb    13.5% Calc posteriors
03:44 8.8Gb    13.6% Calc posteriors
03:45 8.9Gb    13.6% Calc posteriors
03:46 8.9Gb    13.7% Calc posteriors
03:47 8.9Gb    13.8% Calc posteriors
03:48 9.1Gb    13.8% Calc posteriors
03:49 9.1Gb    13.9% Calc posteriors
03:50 9.1Gb    14.0% Calc posteriors
03:51 9.2Gb    14.0% Calc posteriors
03:52 9.2Gb    14.1% Calc posteriors
03:53 9.2Gb    14.1% Calc posteriors
03:54 9.2Gb    14.2% Calc posteriors
03:55 9.3Gb    14.3% Calc posteriors
03:56 9.4Gb    14.3% Calc posteriors
03:57 9.4Gb    14.4% Calc posteriors
03:58 9.4Gb    14.4% Calc posteriors
03:59 9.4Gb    14.5% Calc posteriors
04:00 9.4Gb    14.6% Calc posteriors
04:01 9.4Gb    14.6% Calc posteriors
04:02 9.4Gb    14.7% Calc posteriors
04:03 9.5Gb    14.8% Calc posteriors
04:04 9.5Gb    14.8% Calc posteriors
04:05 9.5Gb    14.9% Calc posteriors
04:06 9.5Gb    14.9% Calc posteriors
04:07 9.6Gb    15.0% Calc posteriors
04:08 9.6Gb    15.1% Calc posteriors
04:09 9.6Gb    15.1% Calc posteriors
04:10 9.8Gb    15.2% Calc posteriors
04:11 9.8Gb    15.2% Calc posteriors
04:12 9.8Gb    15.3% Calc posteriors
04:13 9.8Gb    15.4% Calc posteriors
04:14 9.9Gb    15.4% Calc posteriors
04:15 9.9Gb    15.5% Calc posteriors
04:16 9.9Gb    15.6% Calc posteriors
04:17 9.9Gb    15.6% Calc posteriors
04:18 9.9Gb    15.7% Calc posteriors
04:19 9.9Gb    15.7% Calc posteriors
04:20 9.9Gb    15.8% Calc posteriors
04:21 10.0Gb   15.9% Calc posteriors
04:22 10.0Gb   15.9% Calc posteriors
04:23 10.1Gb   16.0% Calc posteriors
04:24 10.1Gb   16.1% Calc posteriors
04:25 10.3Gb   16.1% Calc posteriors
04:26 10.3Gb   16.2% Calc posteriors
04:27 10.3Gb   16.2% Calc posteriors
04:28 10.3Gb   16.3% Calc posteriors
04:29 10.4Gb   16.4% Calc posteriors
04:30 10.4Gb   16.4% Calc posteriors
04:31 10.4Gb   16.5% Calc posteriors
04:32 10.5Gb   16.6% Calc posteriors
04:33 10.5Gb   16.6% Calc posteriors
04:34 10.5Gb   16.7% Calc posteriors
04:35 10.6Gb   16.7% Calc posteriors
04:36 10.6Gb   16.8% Calc posteriors
04:37 10.6Gb   16.9% Calc posteriors
04:38 10.7Gb   16.9% Calc posteriors
04:39 10.7Gb   17.0% Calc posteriors
04:40 10.7Gb   17.1% Calc posteriors
04:41 10.7Gb   17.1% Calc posteriors
04:42 10.8Gb   17.2% Calc posteriors
04:43 10.8Gb   17.3% Calc posteriors
04:44 10.8Gb   17.3% Calc posteriors
04:45 10.8Gb   17.4% Calc posteriors
04:46 10.8Gb   17.4% Calc posteriors
04:47 10.9Gb   17.5% Calc posteriors
04:48 10.9Gb   17.6% Calc posteriors
04:49 10.9Gb   17.6% Calc posteriors
04:50 11.0Gb   17.7% Calc posteriors
04:51 11.1Gb   17.8% Calc posteriors
04:52 11.1Gb   17.8% Calc posteriors
04:53 11.1Gb   17.9% Calc posteriors
04:54 11.1Gb   17.9% Calc posteriors
04:55 11.2Gb   18.0% Calc posteriors
04:56 11.3Gb   18.1% Calc posteriors
04:57 11.3Gb   18.1% Calc posteriors
04:58 11.3Gb   18.2% Calc posteriors
04:59 11.3Gb   18.3% Calc posteriors
05:00 11.3Gb   18.3% Calc posteriors
05:01 11.3Gb   18.4% Calc posteriors
05:02 11.4Gb   18.4% Calc posteriors
05:03 11.4Gb   18.5% Calc posteriors
05:04 11.4Gb   18.6% Calc posteriors
05:05 11.5Gb   18.6% Calc posteriors
05:06 11.5Gb   18.7% Calc posteriors
05:07 11.6Gb   18.8% Calc posteriors
05:08 11.6Gb   18.8% Calc posteriors
05:09 11.7Gb   18.9% Calc posteriors
05:10 11.7Gb   18.9% Calc posteriors
05:11 11.7Gb   19.0% Calc posteriors
05:12 11.7Gb   19.1% Calc posteriors
05:13 11.8Gb   19.1% Calc posteriors
05:14 11.8Gb   19.2% Calc posteriors
05:15 11.8Gb   19.3% Calc posteriors
05:16 11.9Gb   19.3% Calc posteriors
05:17 12.0Gb   19.4% Calc posteriors
05:18 12.0Gb   19.4% Calc posteriors
05:19 12.0Gb   19.5% Calc posteriors
05:20 12.0Gb   19.6% Calc posteriors
05:21 12.0Gb   19.6% Calc posteriors
05:22 12.1Gb   19.7% Calc posteriors
05:23 12.1Gb   19.8% Calc posteriors
05:24 12.1Gb   19.8% Calc posteriors
05:25 12.1Gb   19.9% Calc posteriors
05:26 12.2Gb   19.9% Calc posteriors
05:27 12.2Gb   20.0% Calc posteriors
05:28 12.2Gb   20.1% Calc posteriors
05:29 12.2Gb   20.1% Calc posteriors
05:30 12.2Gb   20.2% Calc posteriors
05:31 12.2Gb   20.2% Calc posteriors
05:32 12.4Gb   20.3% Calc posteriors
05:33 12.5Gb   20.4% Calc posteriors
05:34 12.5Gb   20.4% Calc posteriors
05:35 12.5Gb   20.5% Calc posteriors
05:36 12.5Gb   20.5% Calc posteriors
05:37 12.5Gb   20.6% Calc posteriors
05:38 12.7Gb   20.7% Calc posteriors
05:39 12.7Gb   20.7% Calc posteriors
05:40 12.7Gb   20.8% Calc posteriors
05:41 12.7Gb   20.9% Calc posteriors
05:42 12.7Gb   20.9% Calc posteriors
05:43 12.7Gb   21.0% Calc posteriors
05:44 12.8Gb   21.0% Calc posteriors
05:45 12.8Gb   21.1% Calc posteriors
05:46 12.9Gb   21.2% Calc posteriors
05:47 12.9Gb   21.2% Calc posteriors
05:48 12.9Gb   21.3% Calc posteriors
05:49 12.9Gb   21.3% Calc posteriors
05:50 12.9Gb   21.4% Calc posteriors
05:51 13.0Gb   21.5% Calc posteriors
05:52 13.1Gb   21.5% Calc posteriors
05:53 13.1Gb   21.6% Calc posteriors
05:54 13.1Gb   21.7% Calc posteriors
05:55 13.1Gb   21.7% Calc posteriors
05:56 13.1Gb   21.8% Calc posteriors
05:57 13.2Gb   21.8% Calc posteriors
05:58 13.2Gb   21.9% Calc posteriors
05:59 13.2Gb   22.0% Calc posteriors
06:00 13.3Gb   22.0% Calc posteriors
06:01 13.3Gb   22.1% Calc posteriors
06:02 13.4Gb   22.1% Calc posteriors
06:03 13.4Gb   22.2% Calc posteriors
06:04 13.4Gb   22.3% Calc posteriors
06:05 13.4Gb   22.3% Calc posteriors
06:06 13.4Gb   22.4% Calc posteriors
06:07 13.5Gb   22.4% Calc posteriors
06:08 13.5Gb   22.5% Calc posteriors
06:09 13.6Gb   22.6% Calc posteriors
06:10 13.6Gb   22.6% Calc posteriors
06:11 13.6Gb   22.7% Calc posteriors
06:12 13.6Gb   22.7% Calc posteriors
06:13 13.6Gb   22.8% Calc posteriors
06:14 13.8Gb   22.9% Calc posteriors
06:15 13.8Gb   22.9% Calc posteriors
06:16 13.8Gb   23.0% Calc posteriors
06:17 13.9Gb   23.1% Calc posteriors
06:18 13.9Gb   23.1% Calc posteriors
06:19 13.9Gb   23.2% Calc posteriors
06:20 13.9Gb   23.2% Calc posteriors
06:21 14.1Gb   23.3% Calc posteriors
06:22 14.1Gb   23.4% Calc posteriors
06:23 14.1Gb   23.4% Calc posteriors
06:24 14.1Gb   23.5% Calc posteriors
06:25 14.1Gb   23.6% Calc posteriors
06:26 14.1Gb   23.6% Calc posteriors
06:27 14.2Gb   23.7% Calc posteriors
06:28 14.2Gb   23.8% Calc posteriors
06:29 14.2Gb   23.8% Calc posteriors
06:30 14.3Gb   23.9% Calc posteriors
06:31 14.3Gb   24.0% Calc posteriors
06:32 14.3Gb   24.0% Calc posteriors
06:33 14.3Gb   24.1% Calc posteriors
06:34 14.3Gb   24.1% Calc posteriors
06:35 14.5Gb   24.2% Calc posteriors
06:36 14.5Gb   24.3% Calc posteriors
06:37 14.5Gb   24.3% Calc posteriors
06:38 14.5Gb   24.4% Calc posteriors
06:39 14.5Gb   24.5% Calc posteriors
06:40 14.5Gb   24.5% Calc posteriors
06:41 14.6Gb   24.6% Calc posteriors
06:42 14.6Gb   24.6% Calc posteriors
06:43 14.6Gb   24.7% Calc posteriors
06:44 14.7Gb   24.8% Calc posteriors
06:45 14.8Gb   24.8% Calc posteriors
06:46 14.8Gb   24.9% Calc posteriors
06:47 14.8Gb   24.9% Calc posteriors
06:48 14.8Gb   25.0% Calc posteriors
06:49 14.8Gb   25.1% Calc posteriors
06:50 14.8Gb   25.1% Calc posteriors
06:51 14.8Gb   25.2% Calc posteriors
06:52 14.8Gb   25.3% Calc posteriors
06:53 15.0Gb   25.3% Calc posteriors
06:54 15.1Gb   25.4% Calc posteriors
06:55 15.1Gb   25.4% Calc posteriors
06:56 15.2Gb   25.5% Calc posteriors
06:57 15.2Gb   25.6% Calc posteriors
06:58 15.2Gb   25.6% Calc posteriors
06:59 15.2Gb   25.7% Calc posteriors
07:00 15.3Gb   25.8% Calc posteriors
07:01 15.3Gb   25.8% Calc posteriors
07:02 15.4Gb   25.9% Calc posteriors
07:03 15.5Gb   26.0% Calc posteriors
07:04 15.5Gb   26.0% Calc posteriors
07:05 15.5Gb   26.1% Calc posteriors
07:06 15.5Gb   26.2% Calc posteriors
07:07 15.5Gb   26.2% Calc posteriors
07:08 15.5Gb   26.3% Calc posteriors
07:09 15.6Gb   26.4% Calc posteriors
07:10 15.6Gb   26.4% Calc posteriors
07:11 15.7Gb   26.5% Calc posteriors
07:12 15.7Gb   26.6% Calc posteriors
07:13 15.7Gb   26.6% Calc posteriors
07:14 15.7Gb   26.7% Calc posteriors
07:15 15.7Gb   26.7% Calc posteriors
07:16 15.7Gb   26.8% Calc posteriors
07:17 15.8Gb   26.9% Calc posteriors
07:18 15.9Gb   26.9% Calc posteriors
07:19 15.9Gb   27.0% Calc posteriors
07:20 15.9Gb   27.1% Calc posteriors
07:21 15.9Gb   27.1% Calc posteriors
07:22 16.0Gb   27.2% Calc posteriors
07:23 16.0Gb   27.3% Calc posteriors
07:24 16.1Gb   27.3% Calc posteriors
07:25 16.1Gb   27.4% Calc posteriors
07:26 16.1Gb   27.5% Calc posteriors
07:27 16.1Gb   27.5% Calc posteriors
07:28 16.2Gb   27.6% Calc posteriors
07:29 16.2Gb   27.7% Calc posteriors
07:30 16.2Gb   27.7% Calc posteriors
07:31 16.3Gb   27.8% Calc posteriors
07:32 16.4Gb   27.9% Calc posteriors
07:33 16.4Gb   27.9% Calc posteriors
07:34 16.4Gb   28.0% Calc posteriors
07:35 16.5Gb   28.1% Calc posteriors
07:36 16.6Gb   28.1% Calc posteriors
07:37 16.6Gb   28.2% Calc posteriors
07:38 16.6Gb   28.3% Calc posteriors
07:39 16.6Gb   28.3% Calc posteriors
07:40 16.6Gb   28.4% Calc posteriors
07:41 16.7Gb   28.5% Calc posteriors
07:42 16.7Gb   28.5% Calc posteriors
07:43 16.7Gb   28.6% Calc posteriors
07:44 16.8Gb   28.7% Calc posteriors
07:45 16.9Gb   28.7% Calc posteriors
07:46 16.9Gb   28.8% Calc posteriors
07:47 16.9Gb   28.9% Calc posteriors
07:48 16.9Gb   28.9% Calc posteriors
07:49 16.9Gb   29.0% Calc posteriors
07:50 16.9Gb   29.1% Calc posteriors
07:51 17.0Gb   29.1% Calc posteriors
07:52 17.0Gb   29.2% Calc posteriors
07:53 17.0Gb   29.3% Calc posteriors
07:54 17.1Gb   29.3% Calc posteriors
07:55 17.1Gb   29.4% Calc posteriors
07:56 17.2Gb   29.5% Calc posteriors
07:57 17.2Gb   29.5% Calc posteriors
07:58 17.3Gb   29.6% Calc posteriors
07:59 17.3Gb   29.7% Calc posteriors
08:00 17.3Gb   29.7% Calc posteriors
08:01 17.4Gb   29.8% Calc posteriors
08:02 17.4Gb   29.9% Calc posteriors
08:03 17.4Gb   29.9% Calc posteriors
08:04 17.4Gb   30.0% Calc posteriors
08:05 17.4Gb   30.0% Calc posteriors
08:06 17.4Gb   30.1% Calc posteriors
08:07 17.5Gb   30.2% Calc posteriors
08:08 17.5Gb   30.2% Calc posteriors
08:09 17.5Gb   30.3% Calc posteriors
08:10 17.6Gb   30.4% Calc posteriors
08:11 17.7Gb   30.4% Calc posteriors
08:12 17.8Gb   30.5% Calc posteriors
08:13 17.8Gb   30.6% Calc posteriors
08:14 17.8Gb   30.6% Calc posteriors
08:15 17.8Gb   30.7% Calc posteriors
08:16 17.8Gb   30.8% Calc posteriors
08:17 17.9Gb   30.8% Calc posteriors
08:18 17.9Gb   30.9% Calc posteriors
08:19 17.9Gb   31.0% Calc posteriors
08:20 17.9Gb   31.0% Calc posteriors
08:21 18.1Gb   31.1% Calc posteriors
08:22 18.1Gb   31.2% Calc posteriors
08:23 18.1Gb   31.2% Calc posteriors
08:24 18.1Gb   31.3% Calc posteriors
08:25 18.2Gb   31.4% Calc posteriors
08:26 18.2Gb   31.4% Calc posteriors
08:27 18.2Gb   31.5% Calc posteriors
08:28 18.3Gb   31.5% Calc posteriors
08:29 18.3Gb   31.6% Calc posteriors
08:30 18.3Gb   31.7% Calc posteriors
08:31 18.4Gb   31.7% Calc posteriors
08:32 18.5Gb   31.8% Calc posteriors
08:33 18.5Gb   31.9% Calc posteriors
08:34 18.5Gb   31.9% Calc posteriors
08:35 18.5Gb   32.0% Calc posteriors
08:36 18.6Gb   32.1% Calc posteriors
08:37 18.6Gb   32.1% Calc posteriors
08:38 18.6Gb   32.2% Calc posteriors
08:39 18.6Gb   32.3% Calc posteriors
08:40 18.7Gb   32.3% Calc posteriors
08:41 18.7Gb   32.4% Calc posteriors
08:42 18.8Gb   32.4% Calc posteriors
08:43 18.8Gb   32.5% Calc posteriors
08:44 18.8Gb   32.6% Calc posteriors
08:45 18.8Gb   32.6% Calc posteriors
08:46 18.9Gb   32.7% Calc posteriors
08:47 18.9Gb   32.8% Calc posteriors
08:48 18.9Gb   32.8% Calc posteriors
08:49 19.0Gb   32.9% Calc posteriors
08:50 19.0Gb   32.9% Calc posteriors
08:51 19.1Gb   33.0% Calc posteriors
08:52 19.1Gb   33.1% Calc posteriors
08:53 19.1Gb   33.1% Calc posteriors
08:54 19.2Gb   33.2% Calc posteriors
08:55 19.2Gb   33.3% Calc posteriors
08:56 19.2Gb   33.3% Calc posteriors
08:57 19.2Gb   33.4% Calc posteriors
08:58 19.2Gb   33.4% Calc posteriors
08:59 19.3Gb   33.5% Calc posteriors
09:00 19.3Gb   33.6% Calc posteriors
09:01 19.3Gb   33.6% Calc posteriors
09:02 19.4Gb   33.7% Calc posteriors
09:03 19.5Gb   33.8% Calc posteriors
09:04 19.5Gb   33.8% Calc posteriors
09:05 19.5Gb   33.9% Calc posteriors
09:06 19.6Gb   34.0% Calc posteriors
09:07 19.6Gb   34.0% Calc posteriors
09:08 19.6Gb   34.1% Calc posteriors
09:09 19.6Gb   34.1% Calc posteriors
09:10 19.6Gb   34.2% Calc posteriors
09:11 19.6Gb   34.3% Calc posteriors
09:12 19.7Gb   34.3% Calc posteriors
09:13 19.7Gb   34.4% Calc posteriors
09:14 19.8Gb   34.4% Calc posteriors
09:15 19.8Gb   34.5% Calc posteriors
09:16 19.9Gb   34.6% Calc posteriors
09:17 19.9Gb   34.6% Calc posteriors
09:18 20.0Gb   34.7% Calc posteriors
09:19 20.0Gb   34.8% Calc posteriors
09:20 20.1Gb   34.8% Calc posteriors
09:21 20.1Gb   34.9% Calc posteriors
09:22 20.1Gb   34.9% Calc posteriors
09:23 20.1Gb   35.0% Calc posteriors
09:24 20.1Gb   35.1% Calc posteriors
09:25 20.1Gb   35.1% Calc posteriors
09:26 20.2Gb   35.2% Calc posteriors
09:27 20.2Gb   35.3% Calc posteriors
09:28 20.2Gb   35.3% Calc posteriors
09:29 20.2Gb   35.4% Calc posteriors
09:30 20.2Gb   35.5% Calc posteriors
09:31 20.3Gb   35.5% Calc posteriors
09:32 20.4Gb   35.6% Calc posteriors
09:33 20.4Gb   35.7% Calc posteriors
09:34 20.4Gb   35.7% Calc posteriors
09:35 20.4Gb   35.8% Calc posteriors
09:36 20.4Gb   35.8% Calc posteriors
09:37 20.6Gb   35.9% Calc posteriors
09:38 20.6Gb   36.0% Calc posteriors
09:39 20.6Gb   36.0% Calc posteriors
09:40 20.6Gb   36.1% Calc posteriors
09:41 20.7Gb   36.2% Calc posteriors
09:42 20.7Gb   36.2% Calc posteriors
09:43 20.8Gb   36.3% Calc posteriors
09:44 20.9Gb   36.3% Calc posteriors
09:45 20.9Gb   36.4% Calc posteriors
09:46 20.9Gb   36.5% Calc posteriors
09:47 20.9Gb   36.5% Calc posteriors
09:48 20.9Gb   36.6% Calc posteriors
09:49 20.9Gb   36.7% Calc posteriors
09:50 20.9Gb   36.7% Calc posteriors
09:51 20.9Gb   36.8% Calc posteriors
09:52 20.9Gb   36.8% Calc posteriors
09:53 21.0Gb   36.9% Calc posteriors
09:54 21.1Gb   37.0% Calc posteriors
09:55 21.1Gb   37.0% Calc posteriors
09:56 21.1Gb   37.1% Calc posteriors
09:57 21.1Gb   37.1% Calc posteriors
09:58 21.1Gb   37.2% Calc posteriors
09:59 21.2Gb   37.3% Calc posteriors
10:00 21.4Gb   37.3% Calc posteriors
10:01 21.4Gb   37.4% Calc posteriors
10:02 21.4Gb   37.4% Calc posteriors
10:03 21.5Gb   37.5% Calc posteriors
10:04 21.5Gb   37.6% Calc posteriors
10:05 21.5Gb   37.6% Calc posteriors
10:06 21.5Gb   37.7% Calc posteriors
10:07 21.5Gb   37.7% Calc posteriors
10:08 21.5Gb   37.8% Calc posteriors
10:09 21.6Gb   37.9% Calc posteriors
10:10 21.6Gb   37.9% Calc posteriors
10:11 21.6Gb   38.0% Calc posteriors
10:12 21.6Gb   38.0% Calc posteriors
10:13 21.6Gb   38.1% Calc posteriors
10:14 21.7Gb   38.2% Calc posteriors
10:15 21.8Gb   38.2% Calc posteriors
10:16 21.8Gb   38.3% Calc posteriors
10:17 21.8Gb   38.3% Calc posteriors
10:18 21.9Gb   38.4% Calc posteriors
10:19 21.9Gb   38.5% Calc posteriors
10:20 21.9Gb   38.5% Calc posteriors
10:21 22.1Gb   38.6% Calc posteriors
10:22 22.1Gb   38.7% Calc posteriors
10:23 22.1Gb   38.7% Calc posteriors
10:24 22.1Gb   38.8% Calc posteriors
10:25 22.1Gb   38.8% Calc posteriors
10:26 22.1Gb   38.9% Calc posteriors
10:27 22.2Gb   39.0% Calc posteriors
10:28 22.2Gb   39.0% Calc posteriors
10:29 22.2Gb   39.1% Calc posteriors
10:30 22.2Gb   39.1% Calc posteriors
10:31 22.3Gb   39.2% Calc posteriors
10:32 22.3Gb   39.3% Calc posteriors
10:33 22.4Gb   39.3% Calc posteriors
10:34 22.4Gb   39.4% Calc posteriors
10:35 22.4Gb   39.4% Calc posteriors
10:36 22.5Gb   39.5% Calc posteriors
10:37 22.5Gb   39.6% Calc posteriors
10:38 22.5Gb   39.6% Calc posteriors
10:39 22.5Gb   39.7% Calc posteriors
10:40 22.6Gb   39.7% Calc posteriors
10:41 22.6Gb   39.8% Calc posteriors
10:42 22.6Gb   39.9% Calc posteriors
10:43 22.7Gb   39.9% Calc posteriors
10:44 22.7Gb   40.0% Calc posteriors
10:45 22.7Gb   40.1% Calc posteriors
10:46 22.8Gb   40.1% Calc posteriors
10:47 22.8Gb   40.2% Calc posteriors
10:48 22.8Gb   40.2% Calc posteriors
10:49 22.8Gb   40.3% Calc posteriors
10:50 22.9Gb   40.4% Calc posteriors
10:51 22.9Gb   40.4% Calc posteriors
10:52 22.9Gb   40.5% Calc posteriors
10:53 22.9Gb   40.5% Calc posteriors
10:54 23.0Gb   40.6% Calc posteriors
10:55 23.0Gb   40.7% Calc posteriors
10:56 23.2Gb   40.7% Calc posteriors
10:57 23.2Gb   40.8% Calc posteriors
10:58 23.2Gb   40.8% Calc posteriors
10:59 23.2Gb   40.9% Calc posteriors
11:00 23.3Gb   41.0% Calc posteriors
11:01 23.3Gb   41.0% Calc posteriors
11:02 23.3Gb   41.1% Calc posteriors
11:03 23.3Gb   41.1% Calc posteriors
11:04 23.3Gb   41.2% Calc posteriors
11:05 23.4Gb   41.3% Calc posteriors
11:06 23.4Gb   41.3% Calc posteriors
11:07 23.4Gb   41.4% Calc posteriors
11:08 23.5Gb   41.5% Calc posteriors
11:09 23.5Gb   41.5% Calc posteriors
11:10 23.5Gb   41.6% Calc posteriors
11:11 23.6Gb   41.6% Calc posteriors
11:12 23.7Gb   41.7% Calc posteriors
11:13 23.7Gb   41.8% Calc posteriors
11:14 23.7Gb   41.8% Calc posteriors
11:15 23.7Gb   41.9% Calc posteriors
11:16 23.7Gb   41.9% Calc posteriors
11:17 23.7Gb   42.0% Calc posteriors
11:18 23.8Gb   42.1% Calc posteriors
11:19 23.8Gb   42.1% Calc posteriors
11:20 23.8Gb   42.2% Calc posteriors
11:21 23.8Gb   42.2% Calc posteriors
11:22 24.0Gb   42.3% Calc posteriors
11:23 24.0Gb   42.4% Calc posteriors
11:24 24.0Gb   42.4% Calc posteriors
11:25 24.0Gb   42.5% Calc posteriors
11:26 24.0Gb   42.5% Calc posteriors
11:27 24.0Gb   42.6% Calc posteriors
11:28 24.0Gb   42.7% Calc posteriors
11:29 24.1Gb   42.7% Calc posteriors
11:30 24.2Gb   42.8% Calc posteriors
11:31 24.2Gb   42.9% Calc posteriors
11:32 24.3Gb   42.9% Calc posteriors
11:33 24.4Gb   43.0% Calc posteriors
11:34 24.4Gb   43.0% Calc posteriors
11:35 24.4Gb   43.1% Calc posteriors
11:36 24.4Gb   43.2% Calc posteriors
11:37 24.5Gb   43.2% Calc posteriors
11:38 24.5Gb   43.3% Calc posteriors
11:39 24.5Gb   43.4% Calc posteriors
11:40 24.5Gb   43.4% Calc posteriors
11:41 24.6Gb   43.5% Calc posteriors
11:42 24.6Gb   43.5% Calc posteriors
11:43 24.7Gb   43.6% Calc posteriors
11:44 24.7Gb   43.7% Calc posteriors
11:45 24.7Gb   43.7% Calc posteriors
11:46 24.7Gb   43.8% Calc posteriors
11:47 24.7Gb   43.9% Calc posteriors
11:48 24.7Gb   43.9% Calc posteriors
11:49 24.9Gb   44.0% Calc posteriors
11:50 24.9Gb   44.0% Calc posteriors
11:51 24.9Gb   44.1% Calc posteriors
11:52 25.0Gb   44.2% Calc posteriors
11:53 25.0Gb   44.2% Calc posteriors
11:54 25.0Gb   44.3% Calc posteriors
11:55 25.0Gb   44.4% Calc posteriors
11:56 25.0Gb   44.4% Calc posteriors
11:57 25.0Gb   44.5% Calc posteriors
11:58 25.0Gb   44.5% Calc posteriors
11:59 25.0Gb   44.6% Calc posteriors
12:00 25.1Gb   44.7% Calc posteriors
12:01 25.1Gb   44.7% Calc posteriors
12:02 25.1Gb   44.8% Calc posteriors
12:03 25.3Gb   44.9% Calc posteriors
12:04 25.3Gb   44.9% Calc posteriors
12:05 25.3Gb   45.0% Calc posteriors
12:06 25.3Gb   45.0% Calc posteriors
12:07 25.3Gb   45.1% Calc posteriors
12:08 25.4Gb   45.2% Calc posteriors
12:09 25.4Gb   45.2% Calc posteriors
12:10 25.5Gb   45.3% Calc posteriors
12:11 25.6Gb   45.3% Calc posteriors
12:12 25.6Gb   45.4% Calc posteriors
12:13 25.6Gb   45.5% Calc posteriors
12:14 25.6Gb   45.5% Calc posteriors
12:15 25.6Gb   45.6% Calc posteriors
12:16 25.6Gb   45.7% Calc posteriors
12:17 25.7Gb   45.7% Calc posteriors
12:18 25.8Gb   45.8% Calc posteriors
12:19 25.8Gb   45.8% Calc posteriors
12:20 25.8Gb   45.9% Calc posteriors
12:21 25.9Gb   46.0% Calc posteriors
12:22 25.9Gb   46.0% Calc posteriors
12:23 26.0Gb   46.1% Calc posteriors
12:24 26.0Gb   46.1% Calc posteriors
12:25 26.0Gb   46.2% Calc posteriors
12:26 26.0Gb   46.3% Calc posteriors
12:27 26.1Gb   46.3% Calc posteriors
12:28 26.1Gb   46.4% Calc posteriors
12:29 26.1Gb   46.4% Calc posteriors
12:30 26.1Gb   46.5% Calc posteriors
12:31 26.2Gb   46.6% Calc posteriors
12:32 26.3Gb   46.6% Calc posteriors
12:33 26.3Gb   46.7% Calc posteriors
12:34 26.3Gb   46.8% Calc posteriors
12:35 26.3Gb   46.8% Calc posteriors
12:36 26.3Gb   46.9% Calc posteriors
12:37 26.3Gb   46.9% Calc posteriors
12:38 26.4Gb   47.0% Calc posteriors
12:39 26.4Gb   47.1% Calc posteriors
12:40 26.4Gb   47.1% Calc posteriors
12:41 26.4Gb   47.2% Calc posteriors
12:42 26.4Gb   47.2% Calc posteriors
12:43 26.4Gb   47.3% Calc posteriors
12:44 26.6Gb   47.4% Calc posteriors
12:45 26.6Gb   47.4% Calc posteriors
12:46 26.6Gb   47.5% Calc posteriors
12:47 26.6Gb   47.5% Calc posteriors
12:48 26.7Gb   47.6% Calc posteriors
12:49 26.8Gb   47.7% Calc posteriors
12:50 26.8Gb   47.7% Calc posteriors
12:51 26.8Gb   47.8% Calc posteriors
12:52 26.9Gb   47.9% Calc posteriors
12:53 26.9Gb   47.9% Calc posteriors
12:54 26.9Gb   48.0% Calc posteriors
12:55 26.9Gb   48.0% Calc posteriors
12:56 26.9Gb   48.1% Calc posteriors
12:57 26.9Gb   48.2% Calc posteriors
12:58 27.0Gb   48.2% Calc posteriors
12:59 27.0Gb   48.3% Calc posteriors
13:00 27.1Gb   48.4% Calc posteriors
13:01 27.2Gb   48.4% Calc posteriors
13:02 27.2Gb   48.5% Calc posteriors
13:03 27.2Gb   48.5% Calc posteriors
13:04 27.3Gb   48.6% Calc posteriors
13:05 27.3Gb   48.7% Calc posteriors
13:06 27.3Gb   48.7% Calc posteriors
13:07 27.3Gb   48.8% Calc posteriors
13:08 27.3Gb   48.9% Calc posteriors
13:09 27.3Gb   48.9% Calc posteriors
13:10 27.4Gb   49.0% Calc posteriors
13:11 27.5Gb   49.0% Calc posteriors
13:12 27.5Gb   49.1% Calc posteriors
13:13 27.5Gb   49.2% Calc posteriors
13:14 27.5Gb   49.2% Calc posteriors
13:15 27.6Gb   49.3% Calc posteriors
13:16 27.7Gb   49.3% Calc posteriors
13:17 27.7Gb   49.4% Calc posteriors
13:18 27.7Gb   49.5% Calc posteriors
13:19 27.8Gb   49.5% Calc posteriors
13:20 27.8Gb   49.6% Calc posteriors
13:21 27.8Gb   49.7% Calc posteriors
13:22 27.8Gb   49.7% Calc posteriors
13:23 27.8Gb   49.8% Calc posteriors
13:24 27.9Gb   49.8% Calc posteriors
13:25 27.9Gb   49.9% Calc posteriors
13:26 27.9Gb   49.9% Calc posteriors
13:27 27.9Gb   50.0% Calc posteriors
13:28 28.0Gb   50.1% Calc posteriors
13:29 28.0Gb   50.1% Calc posteriors
13:30 28.1Gb   50.2% Calc posteriors
13:31 28.1Gb   50.2% Calc posteriors
13:32 28.1Gb   50.3% Calc posteriors
13:33 28.1Gb   50.4% Calc posteriors
13:34 28.2Gb   50.4% Calc posteriors
13:35 28.2Gb   50.5% Calc posteriors
13:36 28.2Gb   50.6% Calc posteriors
13:37 28.2Gb   50.6% Calc posteriors
13:38 28.3Gb   50.7% Calc posteriors
13:39 28.4Gb   50.7% Calc posteriors
13:40 28.4Gb   50.8% Calc posteriors
13:41 28.4Gb   50.9% Calc posteriors
13:42 28.5Gb   50.9% Calc posteriors
13:43 28.6Gb   51.0% Calc posteriors
13:44 28.6Gb   51.1% Calc posteriors
13:45 28.6Gb   51.1% Calc posteriors
13:46 28.6Gb   51.2% Calc posteriors
13:47 28.6Gb   51.3% Calc posteriors
13:48 28.6Gb   51.3% Calc posteriors
13:49 28.6Gb   51.4% Calc posteriors
13:50 28.7Gb   51.4% Calc posteriors
13:51 28.7Gb   51.5% Calc posteriors
13:52 28.7Gb   51.6% Calc posteriors
13:53 28.8Gb   51.6% Calc posteriors
13:54 28.9Gb   51.7% Calc posteriors
13:55 28.9Gb   51.8% Calc posteriors
13:56 29.0Gb   51.8% Calc posteriors
13:57 29.0Gb   51.9% Calc posteriors
13:58 29.1Gb   51.9% Calc posteriors
13:59 29.1Gb   52.0% Calc posteriors
14:00 29.1Gb   52.1% Calc posteriors
14:01 29.1Gb   52.1% Calc posteriors
14:02 29.1Gb   52.2% Calc posteriors
14:03 29.1Gb   52.3% Calc posteriors
14:04 29.2Gb   52.3% Calc posteriors
14:05 29.2Gb   52.4% Calc posteriors
14:06 29.2Gb   52.4% Calc posteriors
14:07 29.3Gb   52.5% Calc posteriors
14:08 29.3Gb   52.6% Calc posteriors
14:09 29.4Gb   52.6% Calc posteriors
14:10 29.4Gb   52.7% Calc posteriors
14:11 29.4Gb   52.8% Calc posteriors
14:12 29.4Gb   52.8% Calc posteriors
14:13 29.4Gb   52.9% Calc posteriors
14:14 29.5Gb   53.0% Calc posteriors
14:15 29.5Gb   53.0% Calc posteriors
14:16 29.5Gb   53.1% Calc posteriors
14:17 29.6Gb   53.1% Calc posteriors
14:18 29.6Gb   53.2% Calc posteriors
14:19 29.7Gb   53.3% Calc posteriors
14:20 29.7Gb   53.3% Calc posteriors
14:21 29.7Gb   53.4% Calc posteriors
14:22 29.8Gb   53.4% Calc posteriors
14:23 29.8Gb   53.5% Calc posteriors
14:24 29.8Gb   53.6% Calc posteriors
14:25 29.9Gb   53.6% Calc posteriors
14:26 29.9Gb   53.7% Calc posteriors
14:27 29.9Gb   53.8% Calc posteriors
14:28 29.9Gb   53.8% Calc posteriors
14:29 30.0Gb   53.9% Calc posteriors
14:30 30.0Gb   54.0% Calc posteriors
14:31 30.1Gb   54.0% Calc posteriors
14:32 30.1Gb   54.1% Calc posteriors
14:33 30.1Gb   54.1% Calc posteriors
14:34 30.2Gb   54.2% Calc posteriors
14:35 30.2Gb   54.3% Calc posteriors
14:36 30.2Gb   54.3% Calc posteriors
14:37 30.3Gb   54.4% Calc posteriors
14:38 30.3Gb   54.4% Calc posteriors
14:39 30.4Gb   54.5% Calc posteriors
14:40 30.4Gb   54.6% Calc posteriors
14:41 30.4Gb   54.6% Calc posteriors
14:42 30.4Gb   54.7% Calc posteriors
14:43 30.4Gb   54.8% Calc posteriors
14:44 30.5Gb   54.8% Calc posteriors
14:45 30.6Gb   54.9% Calc posteriors
14:46 30.6Gb   54.9% Calc posteriors
14:47 30.6Gb   55.0% Calc posteriors
14:48 30.6Gb   55.1% Calc posteriors
14:49 30.6Gb   55.1% Calc posteriors
14:50 30.6Gb   55.2% Calc posteriors
14:51 30.7Gb   55.2% Calc posteriors
14:52 30.7Gb   55.3% Calc posteriors
14:53 30.8Gb   55.4% Calc posteriors
14:54 30.8Gb   55.4% Calc posteriors
14:55 30.8Gb   55.5% Calc posteriors
14:56 30.8Gb   55.6% Calc posteriors
14:57 30.9Gb   55.6% Calc posteriors
14:58 30.9Gb   55.7% Calc posteriors
14:59 30.9Gb   55.7% Calc posteriors
15:00 30.9Gb   55.8% Calc posteriors
15:01 31.0Gb   55.9% Calc posteriors
15:02 31.0Gb   55.9% Calc posteriors
15:03 31.0Gb   56.0% Calc posteriors
15:04 31.1Gb   56.1% Calc posteriors
15:05 31.1Gb   56.1% Calc posteriors
15:06 31.2Gb   56.2% Calc posteriors
15:07 31.3Gb   56.2% Calc posteriors
15:08 31.3Gb   56.3% Calc posteriors
15:09 31.3Gb   56.4% Calc posteriors
15:10 31.4Gb   56.4% Calc posteriors
15:11 31.5Gb   56.5% Calc posteriors
15:12 31.5Gb   56.5% Calc posteriors
15:13 31.5Gb   56.6% Calc posteriors
15:14 31.5Gb   56.7% Calc posteriors
15:15 31.5Gb   56.7% Calc posteriors
15:16 31.5Gb   56.8% Calc posteriors
15:17 31.5Gb   56.9% Calc posteriors
15:18 31.5Gb   56.9% Calc posteriors
15:19 31.5Gb   57.0% Calc posteriors
15:20 31.6Gb   57.0% Calc posteriors
15:21 31.7Gb   57.1% Calc posteriors
15:22 31.7Gb   57.2% Calc posteriors
15:23 31.8Gb   57.2% Calc posteriors
15:24 31.8Gb   57.3% Calc posteriors
15:25 31.8Gb   57.3% Calc posteriors
15:26 31.9Gb   57.4% Calc posteriors
15:27 31.9Gb   57.5% Calc posteriors
15:28 31.9Gb   57.5% Calc posteriors
15:29 32.0Gb   57.6% Calc posteriors
15:30 32.0Gb   57.6% Calc posteriors
15:31 32.1Gb   57.7% Calc posteriors
15:32 32.1Gb   57.8% Calc posteriors
15:33 32.1Gb   57.8% Calc posteriors
15:34 32.1Gb   57.9% Calc posteriors
15:35 32.2Gb   58.0% Calc posteriors
15:36 32.2Gb   58.0% Calc posteriors
15:37 32.2Gb   58.1% Calc posteriors
15:38 32.2Gb   58.1% Calc posteriors
15:39 32.2Gb   58.2% Calc posteriors
15:40 32.2Gb   58.3% Calc posteriors
15:41 32.2Gb   58.3% Calc posteriors
15:42 32.2Gb   58.4% Calc posteriors
15:43 32.4Gb   58.4% Calc posteriors
15:44 32.4Gb   58.5% Calc posteriors
15:45 32.4Gb   58.6% Calc posteriors
15:46 32.4Gb   58.6% Calc posteriors
15:47 32.5Gb   58.7% Calc posteriors
15:48 32.5Gb   58.8% Calc posteriors
15:49 32.7Gb   58.8% Calc posteriors
15:50 32.7Gb   58.9% Calc posteriors
15:51 32.7Gb   58.9% Calc posteriors
15:52 32.7Gb   59.0% Calc posteriors
15:53 32.8Gb   59.1% Calc posteriors
15:54 32.8Gb   59.1% Calc posteriors
15:55 32.8Gb   59.2% Calc posteriors
15:56 32.8Gb   59.3% Calc posteriors
15:57 32.9Gb   59.3% Calc posteriors
15:58 32.9Gb   59.4% Calc posteriors
15:59 32.9Gb   59.4% Calc posteriors
16:00 32.9Gb   59.5% Calc posteriors
16:01 32.9Gb   59.6% Calc posteriors
16:02 32.9Gb   59.6% Calc posteriors
16:03 33.0Gb   59.7% Calc posteriors
16:04 33.0Gb   59.7% Calc posteriors
16:05 33.0Gb   59.8% Calc posteriors
16:06 33.1Gb   59.9% Calc posteriors
16:07 33.2Gb   59.9% Calc posteriors
16:08 33.2Gb   60.0% Calc posteriors
16:09 33.3Gb   60.0% Calc posteriors
16:10 33.3Gb   60.1% Calc posteriors
16:11 33.3Gb   60.2% Calc posteriors
16:12 33.4Gb   60.2% Calc posteriors
16:13 33.4Gb   60.3% Calc posteriors
16:14 33.4Gb   60.3% Calc posteriors
16:15 33.5Gb   60.4% Calc posteriors
16:16 33.5Gb   60.5% Calc posteriors
16:17 33.6Gb   60.5% Calc posteriors
16:18 33.6Gb   60.6% Calc posteriors
16:19 33.6Gb   60.6% Calc posteriors
16:20 33.6Gb   60.7% Calc posteriors
16:21 33.6Gb   60.8% Calc posteriors
16:22 33.6Gb   60.8% Calc posteriors
16:23 33.6Gb   60.9% Calc posteriors
16:24 33.6Gb   60.9% Calc posteriors
16:25 33.6Gb   61.0% Calc posteriors
16:26 33.7Gb   61.1% Calc posteriors
16:27 33.7Gb   61.1% Calc posteriors
16:28 33.7Gb   61.2% Calc posteriors
16:29 33.9Gb   61.2% Calc posteriors
16:30 34.0Gb   61.3% Calc posteriors
16:31 34.0Gb   61.4% Calc posteriors
16:32 34.0Gb   61.4% Calc posteriors
16:33 34.0Gb   61.5% Calc posteriors
16:34 34.0Gb   61.5% Calc posteriors
16:35 34.1Gb   61.6% Calc posteriors
16:36 34.1Gb   61.7% Calc posteriors
16:37 34.1Gb   61.7% Calc posteriors
16:38 34.3Gb   61.8% Calc posteriors
16:39 34.3Gb   61.8% Calc posteriors
16:40 34.3Gb   61.9% Calc posteriors
16:41 34.3Gb   62.0% Calc posteriors
16:42 34.3Gb   62.0% Calc posteriors
16:43 34.3Gb   62.1% Calc posteriors
16:44 34.3Gb   62.2% Calc posteriors
16:45 34.4Gb   62.2% Calc posteriors
16:46 34.4Gb   62.3% Calc posteriors
16:47 34.4Gb   62.3% Calc posteriors
16:48 34.5Gb   62.4% Calc posteriors
16:49 34.5Gb   62.5% Calc posteriors
16:50 34.5Gb   62.5% Calc posteriors
16:51 34.5Gb   62.6% Calc posteriors
16:52 34.6Gb   62.6% Calc posteriors
16:53 34.7Gb   62.7% Calc posteriors
16:54 34.8Gb   62.8% Calc posteriors
16:55 34.8Gb   62.8% Calc posteriors
16:56 34.8Gb   62.9% Calc posteriors
16:57 34.8Gb   62.9% Calc posteriors
16:58 34.9Gb   63.0% Calc posteriors
16:59 35.0Gb   63.1% Calc posteriors
17:00 35.0Gb   63.1% Calc posteriors
17:01 35.0Gb   63.2% Calc posteriors
17:02 35.0Gb   63.3% Calc posteriors
17:03 35.0Gb   63.3% Calc posteriors
17:04 35.0Gb   63.4% Calc posteriors
17:05 35.0Gb   63.5% Calc posteriors
17:06 35.0Gb   63.5% Calc posteriors
17:07 35.0Gb   63.6% Calc posteriors
17:08 35.1Gb   63.6% Calc posteriors
17:09 35.1Gb   63.7% Calc posteriors
17:10 35.2Gb   63.8% Calc posteriors
17:11 35.3Gb   63.8% Calc posteriors
17:12 35.3Gb   63.9% Calc posteriors
17:13 35.3Gb   64.0% Calc posteriors
17:14 35.3Gb   64.0% Calc posteriors
17:15 35.3Gb   64.1% Calc posteriors
17:16 35.4Gb   64.1% Calc posteriors
17:17 35.4Gb   64.2% Calc posteriors
17:18 35.4Gb   64.3% Calc posteriors
17:19 35.5Gb   64.3% Calc posteriors
17:20 35.5Gb   64.4% Calc posteriors
17:21 35.6Gb   64.5% Calc posteriors
17:22 35.7Gb   64.5% Calc posteriors
17:23 35.7Gb   64.6% Calc posteriors
17:24 35.7Gb   64.6% Calc posteriors
17:25 35.7Gb   64.7% Calc posteriors
17:26 35.7Gb   64.8% Calc posteriors
17:27 35.8Gb   64.8% Calc posteriors
17:28 35.9Gb   64.9% Calc posteriors
17:29 35.9Gb   65.0% Calc posteriors
17:30 35.9Gb   65.0% Calc posteriors
17:31 35.9Gb   65.1% Calc posteriors
17:32 36.0Gb   65.1% Calc posteriors
17:33 36.0Gb   65.2% Calc posteriors
17:34 36.0Gb   65.3% Calc posteriors
17:35 36.0Gb   65.3% Calc posteriors
17:36 36.0Gb   65.4% Calc posteriors
17:37 36.1Gb   65.5% Calc posteriors
17:38 36.1Gb   65.5% Calc posteriors
17:39 36.1Gb   65.6% Calc posteriors
17:40 36.1Gb   65.7% Calc posteriors
17:41 36.2Gb   65.7% Calc posteriors
17:42 36.2Gb   65.8% Calc posteriors
17:43 36.4Gb   65.8% Calc posteriors
17:44 36.4Gb   65.9% Calc posteriors
17:45 36.4Gb   66.0% Calc posteriors
17:46 36.4Gb   66.0% Calc posteriors
17:47 36.4Gb   66.1% Calc posteriors
17:48 36.4Gb   66.2% Calc posteriors
17:49 36.5Gb   66.2% Calc posteriors
17:50 36.5Gb   66.3% Calc posteriors
17:51 36.5Gb   66.3% Calc posteriors
17:52 36.5Gb   66.4% Calc posteriors
17:53 36.6Gb   66.5% Calc posteriors
17:54 36.7Gb   66.5% Calc posteriors
17:55 36.7Gb   66.6% Calc posteriors
17:56 36.7Gb   66.7% Calc posteriors
17:57 36.7Gb   66.7% Calc posteriors
17:58 36.8Gb   66.8% Calc posteriors
17:59 36.8Gb   66.9% Calc posteriors
18:00 36.9Gb   66.9% Calc posteriors
18:01 36.9Gb   67.0% Calc posteriors
18:02 37.0Gb   67.1% Calc posteriors
18:03 37.0Gb   67.1% Calc posteriors
18:04 37.0Gb   67.2% Calc posteriors
18:05 37.0Gb   67.2% Calc posteriors
18:06 37.0Gb   67.3% Calc posteriors
18:07 37.1Gb   67.4% Calc posteriors
18:08 37.2Gb   67.4% Calc posteriors
18:09 37.2Gb   67.5% Calc posteriors
18:10 37.3Gb   67.6% Calc posteriors
18:11 37.3Gb   67.6% Calc posteriors
18:12 37.3Gb   67.7% Calc posteriors
18:13 37.4Gb   67.7% Calc posteriors
18:14 37.4Gb   67.8% Calc posteriors
18:15 37.4Gb   67.9% Calc posteriors
18:16 37.4Gb   67.9% Calc posteriors
18:17 37.4Gb   68.0% Calc posteriors
18:18 37.4Gb   68.1% Calc posteriors
18:19 37.4Gb   68.1% Calc posteriors
18:20 37.4Gb   68.2% Calc posteriors
18:21 37.5Gb   68.2% Calc posteriors
18:22 37.5Gb   68.3% Calc posteriors
18:23 37.6Gb   68.4% Calc posteriors
18:24 37.6Gb   68.4% Calc posteriors
18:25 37.6Gb   68.5% Calc posteriors
18:26 37.7Gb   68.6% Calc posteriors
18:27 37.8Gb   68.6% Calc posteriors
18:28 37.8Gb   68.7% Calc posteriors
18:29 37.8Gb   68.8% Calc posteriors
18:30 37.8Gb   68.8% Calc posteriors
18:31 37.8Gb   68.9% Calc posteriors
18:32 37.9Gb   68.9% Calc posteriors
18:33 37.9Gb   69.0% Calc posteriors
18:34 37.9Gb   69.1% Calc posteriors
18:35 38.0Gb   69.1% Calc posteriors
18:36 38.1Gb   69.2% Calc posteriors
18:37 38.2Gb   69.3% Calc posteriors
18:38 38.2Gb   69.3% Calc posteriors
18:39 38.3Gb   69.4% Calc posteriors
18:40 38.3Gb   69.4% Calc posteriors
18:41 38.3Gb   69.5% Calc posteriors
18:42 38.3Gb   69.6% Calc posteriors
18:43 38.3Gb   69.6% Calc posteriors
18:44 38.3Gb   69.7% Calc posteriors
18:45 38.3Gb   69.8% Calc posteriors
18:46 38.4Gb   69.8% Calc posteriors
18:47 38.4Gb   69.9% Calc posteriors
18:48 38.5Gb   70.0% Calc posteriors
18:49 38.5Gb   70.0% Calc posteriors
18:50 38.6Gb   70.1% Calc posteriors
18:51 38.6Gb   70.1% Calc posteriors
18:52 38.6Gb   70.2% Calc posteriors
18:53 38.7Gb   70.3% Calc posteriors
18:54 38.7Gb   70.3% Calc posteriors
18:55 38.7Gb   70.4% Calc posteriors
18:56 38.7Gb   70.4% Calc posteriors
18:57 38.7Gb   70.5% Calc posteriors
18:58 38.7Gb   70.6% Calc posteriors
18:59 38.8Gb   70.6% Calc posteriors
19:00 38.8Gb   70.7% Calc posteriors
19:01 38.8Gb   70.8% Calc posteriors
19:02 38.8Gb   70.8% Calc posteriors
19:03 38.8Gb   70.9% Calc posteriors
19:04 38.9Gb   70.9% Calc posteriors
19:05 39.0Gb   71.0% Calc posteriors
19:06 39.0Gb   71.1% Calc posteriors
19:07 39.0Gb   71.1% Calc posteriors
19:08 39.0Gb   71.2% Calc posteriors
19:09 39.1Gb   71.3% Calc posteriors
19:10 39.2Gb   71.3% Calc posteriors
19:11 39.2Gb   71.4% Calc posteriors
19:12 39.3Gb   71.5% Calc posteriors
19:13 39.4Gb   71.5% Calc posteriors
19:14 39.4Gb   71.6% Calc posteriors
19:15 39.4Gb   71.6% Calc posteriors
19:16 39.4Gb   71.7% Calc posteriors
19:17 39.5Gb   71.8% Calc posteriors
19:18 39.5Gb   71.8% Calc posteriors
19:19 39.5Gb   71.9% Calc posteriors
19:20 39.6Gb   72.0% Calc posteriors
19:21 39.6Gb   72.0% Calc posteriors
19:22 39.6Gb   72.1% Calc posteriors
19:23 39.6Gb   72.2% Calc posteriors
19:24 39.6Gb   72.2% Calc posteriors
19:25 39.7Gb   72.3% Calc posteriors
19:26 39.7Gb   72.4% Calc posteriors
19:27 39.7Gb   72.4% Calc posteriors
19:28 39.8Gb   72.5% Calc posteriors
19:29 39.8Gb   72.5% Calc posteriors
19:30 39.9Gb   72.6% Calc posteriors
19:31 39.9Gb   72.7% Calc posteriors
19:32 40.0Gb   72.7% Calc posteriors
19:33 40.0Gb   72.8% Calc posteriors
19:34 40.0Gb   72.9% Calc posteriors
19:35 40.1Gb   72.9% Calc posteriors
19:36 40.1Gb   73.0% Calc posteriors
19:37 40.1Gb   73.1% Calc posteriors
19:38 40.1Gb   73.1% Calc posteriors
19:39 40.1Gb   73.2% Calc posteriors
19:40 40.1Gb   73.3% Calc posteriors
19:41 40.1Gb   73.3% Calc posteriors
19:42 40.1Gb   73.4% Calc posteriors
19:43 40.2Gb   73.5% Calc posteriors
19:44 40.2Gb   73.5% Calc posteriors
19:45 40.3Gb   73.6% Calc posteriors
19:46 40.4Gb   73.7% Calc posteriors
19:47 40.5Gb   73.7% Calc posteriors
19:48 40.5Gb   73.8% Calc posteriors
19:49 40.5Gb   73.8% Calc posteriors
19:50 40.5Gb   73.9% Calc posteriors
19:51 40.5Gb   74.0% Calc posteriors
19:52 40.7Gb   74.0% Calc posteriors
19:53 40.7Gb   74.1% Calc posteriors
19:54 40.7Gb   74.2% Calc posteriors
19:55 40.7Gb   74.2% Calc posteriors
19:56 40.7Gb   74.3% Calc posteriors
19:57 40.9Gb   74.4% Calc posteriors
19:58 40.9Gb   74.4% Calc posteriors
19:59 40.9Gb   74.5% Calc posteriors
20:00 40.9Gb   74.5% Calc posteriors
20:01 40.9Gb   74.6% Calc posteriors
20:02 40.9Gb   74.7% Calc posteriors
20:03 40.9Gb   74.7% Calc posteriors
20:04 41.1Gb   74.8% Calc posteriors
20:05 41.1Gb   74.9% Calc posteriors
20:06 41.1Gb   74.9% Calc posteriors
20:07 41.1Gb   75.0% Calc posteriors
20:08 41.1Gb   75.1% Calc posteriors
20:09 41.2Gb   75.1% Calc posteriors
20:10 41.2Gb   75.2% Calc posteriors
20:11 41.2Gb   75.3% Calc posteriors
20:12 41.4Gb   75.3% Calc posteriors
20:13 41.4Gb   75.4% Calc posteriors
20:14 41.4Gb   75.5% Calc posteriors
20:15 41.4Gb   75.5% Calc posteriors
20:16 41.4Gb   75.6% Calc posteriors
20:17 41.4Gb   75.7% Calc posteriors
20:18 41.4Gb   75.7% Calc posteriors
20:19 41.6Gb   75.8% Calc posteriors
20:20 41.6Gb   75.8% Calc posteriors
20:21 41.6Gb   75.9% Calc posteriors
20:22 41.6Gb   76.0% Calc posteriors
20:23 41.6Gb   76.0% Calc posteriors
20:24 41.7Gb   76.1% Calc posteriors
20:25 41.7Gb   76.2% Calc posteriors
20:26 41.8Gb   76.2% Calc posteriors
20:27 41.9Gb   76.3% Calc posteriors
20:28 41.9Gb   76.4% Calc posteriors
20:29 41.9Gb   76.4% Calc posteriors
20:30 41.9Gb   76.5% Calc posteriors
20:31 41.9Gb   76.6% Calc posteriors
20:32 41.9Gb   76.6% Calc posteriors
20:33 41.9Gb   76.7% Calc posteriors
20:34 42.0Gb   76.8% Calc posteriors
20:35 42.0Gb   76.8% Calc posteriors
20:36 42.0Gb   76.9% Calc posteriors
20:37 42.1Gb   76.9% Calc posteriors
20:38 42.1Gb   77.0% Calc posteriors
20:39 42.1Gb   77.1% Calc posteriors
20:40 42.2Gb   77.1% Calc posteriors
20:41 42.3Gb   77.2% Calc posteriors
20:42 42.3Gb   77.3% Calc posteriors
20:43 42.4Gb   77.3% Calc posteriors
20:44 42.4Gb   77.4% Calc posteriors
20:45 42.4Gb   77.5% Calc posteriors
20:46 42.4Gb   77.5% Calc posteriors
20:47 42.4Gb   77.6% Calc posteriors
20:48 42.5Gb   77.7% Calc posteriors
20:49 42.7Gb   77.7% Calc posteriors
20:50 42.8Gb   77.8% Calc posteriors
20:51 42.8Gb   77.9% Calc posteriors
20:52 42.8Gb   77.9% Calc posteriors
20:53 42.8Gb   78.0% Calc posteriors
20:54 42.8Gb   78.1% Calc posteriors
20:55 42.8Gb   78.1% Calc posteriors
20:56 42.8Gb   78.2% Calc posteriors
20:57 42.8Gb   78.3% Calc posteriors
20:58 42.8Gb   78.3% Calc posteriors
20:59 42.9Gb   78.4% Calc posteriors
21:00 42.9Gb   78.5% Calc posteriors
21:01 43.0Gb   78.5% Calc posteriors
21:02 43.0Gb   78.6% Calc posteriors
21:03 43.0Gb   78.7% Calc posteriors
21:04 43.0Gb   78.7% Calc posteriors
21:05 43.0Gb   78.8% Calc posteriors
21:06 43.1Gb   78.9% Calc posteriors
21:07 43.1Gb   78.9% Calc posteriors
21:08 43.1Gb   79.0% Calc posteriors
21:09 43.2Gb   79.1% Calc posteriors
21:10 43.3Gb   79.1% Calc posteriors
21:11 43.3Gb   79.2% Calc posteriors
21:12 43.3Gb   79.3% Calc posteriors
21:13 43.3Gb   79.3% Calc posteriors
21:14 43.3Gb   79.4% Calc posteriors
21:15 43.3Gb   79.5% Calc posteriors
21:16 43.4Gb   79.5% Calc posteriors
21:17 43.4Gb   79.5% Calc posteriors
21:18 43.4Gb   79.6% Calc posteriors
21:19 43.4Gb   79.6% Calc posteriors
21:20 43.4Gb   79.6% Calc posteriors
21:21 43.5Gb   79.7% Calc posteriors
21:22 43.6Gb   79.7% Calc posteriors
21:23 43.7Gb   79.8% Calc posteriors
21:24 43.7Gb   79.9% Calc posteriors
21:25 43.7Gb   79.9% Calc posteriors
21:26 43.7Gb   80.0% Calc posteriors
21:27 43.9Gb   80.1% Calc posteriors
21:28 43.9Gb   80.1% Calc posteriors
21:29 43.9Gb   80.2% Calc posteriors
21:30 43.9Gb   80.3% Calc posteriors
21:31 43.9Gb   80.3% Calc posteriors
21:32 44.0Gb   80.4% Calc posteriors
21:33 44.2Gb   80.5% Calc posteriors

