INFO: Pandarallel will run on 20 workers.
INFO: Pandarallel will use Memory file system to transfer data between the main process and workers.
Start MUSCLE5 MSA
MUSCLE encountered an error:

muscle 5.2.linux64 [6c6011]  396Gb RAM, 48 cores
Built Apr 20 2023 20:14:12
(C) Copyright 2004-2021 Robert C. Edgar.
https://drive5.com

Input: 3491 seqs, avg length 169, max 209


WARNING: >1k sequences, may be slow or use excessive memory, consider using -super5

Replicate 1/100, none.0
00:03 614Mb  CPU has 48 cores, defaulting to 20 threads
00:03 721Mb   1.6e-05% Calc posteriors
00:04 1.9Gb   0.022% Calc posteriors  
00:05 1.9Gb   0.074% Calc posteriors
00:06 1.9Gb    0.13% Calc posteriors
00:07 1.9Gb    0.18% Calc posteriors
00:08 1.9Gb    0.23% Calc posteriors
00:09 1.9Gb    0.28% Calc posteriors
00:10 1.9Gb    0.33% Calc posteriors
00:11 1.9Gb    0.38% Calc posteriors
00:12 1.9Gb    0.43% Calc posteriors
00:13 1.9Gb    0.47% Calc posteriors
00:14 1.9Gb    0.52% Calc posteriors
00:15 1.9Gb    0.57% Calc posteriors
00:16 1.9Gb    0.62% Calc posteriors
00:17 1.9Gb    0.67% Calc posteriors
00:18 1.9Gb    0.72% Calc posteriors
00:19 1.9Gb    0.77% Calc posteriors
00:20 1.9Gb    0.82% Calc posteriors
00:21 1.9Gb    0.87% Calc posteriors
00:22 1.9Gb    0.92% Calc posteriors
00:23 1.9Gb    0.96% Calc posteriors
00:24 1.9Gb     1.0% Calc posteriors
00:25 1.9Gb     1.1% Calc posteriors
00:26 1.9Gb     1.1% Calc posteriors
00:27 1.9Gb     1.2% Calc posteriors
00:28 1.9Gb     1.2% Calc posteriors
00:29 1.9Gb     1.2% Calc posteriors
00:30 1.9Gb     1.3% Calc posteriors
00:31 1.9Gb     1.3% Calc posteriors
00:32 2.0Gb     1.4% Calc posteriors
00:33 2.0Gb     1.4% Calc posteriors
00:34 2.0Gb     1.5% Calc posteriors
00:35 2.0Gb     1.5% Calc posteriors
00:36 2.0Gb     1.6% Calc posteriors
00:37 2.0Gb     1.6% Calc posteriors
00:38 2.0Gb     1.7% Calc posteriors
00:39 2.0Gb     1.7% Calc posteriors
00:40 2.0Gb     1.8% Calc posteriors
00:41 2.0Gb     1.8% Calc posteriors
00:42 2.0Gb     1.9% Calc posteriors
00:43 2.0Gb     1.9% Calc posteriors
00:44 2.0Gb     2.0% Calc posteriors
00:45 2.0Gb     2.0% Calc posteriors
00:46 2.0Gb     2.1% Calc posteriors
00:47 2.0Gb     2.1% Calc posteriors
00:48 2.0Gb     2.2% Calc posteriors
00:49 2.0Gb     2.2% Calc posteriors
00:50 2.0Gb     2.3% Calc posteriors
00:51 2.0Gb     2.3% Calc posteriors
00:52 2.0Gb     2.4% Calc posteriors
00:53 2.0Gb     2.4% Calc posteriors
00:54 2.0Gb     2.5% Calc posteriors
00:55 2.0Gb     2.5% Calc posteriors
00:56 2.0Gb     2.6% Calc posteriors
00:57 2.0Gb     2.6% Calc posteriors
00:58 2.0Gb     2.7% Calc posteriors
00:59 2.0Gb     2.7% Calc posteriors
01:00 2.0Gb     2.8% Calc posteriors
01:01 2.0Gb     2.8% Calc posteriors
01:02 2.0Gb     2.9% Calc posteriors
01:03 2.0Gb     2.9% Calc posteriors
01:04 2.0Gb     3.0% Calc posteriors
01:05 2.0Gb     3.0% Calc posteriors
01:06 2.0Gb     3.1% Calc posteriors
01:07 2.0Gb     3.1% Calc posteriors
01:08 2.0Gb     3.2% Calc posteriors
01:09 2.0Gb     3.2% Calc posteriors
01:10 2.1Gb     3.3% Calc posteriors
01:11 2.1Gb     3.3% Calc posteriors
01:12 2.1Gb     3.4% Calc posteriors
01:13 2.1Gb     3.4% Calc posteriors
01:14 2.1Gb     3.5% Calc posteriors
01:15 2.3Gb     3.5% Calc posteriors
01:16 2.4Gb     3.6% Calc posteriors
01:17 2.5Gb     3.6% Calc posteriors
01:18 2.5Gb     3.7% Calc posteriors
01:19 2.7Gb     3.7% Calc posteriors
01:20 2.7Gb     3.8% Calc posteriors
01:21 2.9Gb     3.8% Calc posteriors
01:22 2.9Gb     3.8% Calc posteriors
01:23 2.9Gb     3.9% Calc posteriors
01:24 2.9Gb     3.9% Calc posteriors
01:25 2.9Gb     4.0% Calc posteriors
01:26 3.1Gb     4.0% Calc posteriors
01:27 3.1Gb     4.1% Calc posteriors
01:28 3.1Gb     4.1% Calc posteriors
01:29 3.2Gb     4.2% Calc posteriors
01:30 3.2Gb     4.2% Calc posteriors
01:31 3.2Gb     4.3% Calc posteriors
01:32 3.3Gb     4.3% Calc posteriors
01:33 3.3Gb     4.4% Calc posteriors
01:34 3.3Gb     4.4% Calc posteriors
01:35 3.3Gb     4.5% Calc posteriors
01:36 3.3Gb     4.5% Calc posteriors
01:37 3.3Gb     4.6% Calc posteriors
01:38 3.3Gb     4.6% Calc posteriors
01:39 3.3Gb     4.7% Calc posteriors
01:40 3.3Gb     4.7% Calc posteriors
01:41 3.3Gb     4.8% Calc posteriors
01:42 3.3Gb     4.8% Calc posteriors
01:43 3.3Gb     4.9% Calc posteriors
01:44 3.3Gb     4.9% Calc posteriors
01:45 3.3Gb     5.0% Calc posteriors
01:46 3.3Gb     5.0% Calc posteriors
01:47 3.3Gb     5.1% Calc posteriors
01:48 3.3Gb     5.1% Calc posteriors
01:49 3.3Gb     5.2% Calc posteriors
01:50 3.3Gb     5.2% Calc posteriors
01:51 3.3Gb     5.3% Calc posteriors
01:52 3.3Gb     5.3% Calc posteriors
01:53 3.3Gb     5.4% Calc posteriors
01:54 3.3Gb     5.4% Calc posteriors
01:55 3.3Gb     5.4% Calc posteriors
01:56 3.3Gb     5.5% Calc posteriors
01:57 3.3Gb     5.5% Calc posteriors
01:58 3.3Gb     5.6% Calc posteriors
01:59 3.3Gb     5.6% Calc posteriors
02:00 3.3Gb     5.7% Calc posteriors
02:01 3.3Gb     5.7% Calc posteriors
02:02 3.3Gb     5.8% Calc posteriors
02:03 3.3Gb     5.8% Calc posteriors
02:04 3.3Gb     5.9% Calc posteriors
02:05 3.3Gb     5.9% Calc posteriors
02:06 3.3Gb     6.0% Calc posteriors
02:07 3.3Gb     6.0% Calc posteriors
02:08 3.3Gb     6.1% Calc posteriors
02:09 3.3Gb     6.1% Calc posteriors
02:10 3.3Gb     6.2% Calc posteriors
02:11 3.3Gb     6.2% Calc posteriors
02:12 3.3Gb     6.3% Calc posteriors
02:13 3.3Gb     6.3% Calc posteriors
02:14 3.3Gb     6.4% Calc posteriors
02:15 3.3Gb     6.4% Calc posteriors
02:16 3.3Gb     6.5% Calc posteriors
02:17 3.4Gb     6.5% Calc posteriors
02:18 3.4Gb     6.6% Calc posteriors
02:19 3.4Gb     6.6% Calc posteriors
02:20 3.4Gb     6.7% Calc posteriors
02:21 3.4Gb     6.7% Calc posteriors
02:22 3.4Gb     6.8% Calc posteriors
02:23 3.4Gb     6.8% Calc posteriors
02:24 3.4Gb     6.9% Calc posteriors
02:25 3.4Gb     6.9% Calc posteriors
02:26 3.5Gb     6.9% Calc posteriors
02:27 3.6Gb     7.0% Calc posteriors
02:28 3.6Gb     7.0% Calc posteriors
02:29 3.6Gb     7.1% Calc posteriors
02:30 3.6Gb     7.1% Calc posteriors
02:31 3.6Gb     7.2% Calc posteriors
02:32 3.7Gb     7.2% Calc posteriors
02:33 3.7Gb     7.3% Calc posteriors
02:34 3.8Gb     7.3% Calc posteriors
02:35 3.9Gb     7.4% Calc posteriors
02:36 3.9Gb     7.4% Calc posteriors
02:37 4.0Gb     7.5% Calc posteriors
02:38 4.0Gb     7.5% Calc posteriors
02:39 4.1Gb     7.6% Calc posteriors
02:40 4.1Gb     7.6% Calc posteriors
02:41 4.1Gb     7.7% Calc posteriors
02:42 4.1Gb     7.7% Calc posteriors
02:43 4.3Gb     7.8% Calc posteriors
02:44 4.3Gb     7.8% Calc posteriors
02:45 4.3Gb     7.9% Calc posteriors
02:46 4.3Gb     7.9% Calc posteriors
02:47 4.3Gb     8.0% Calc posteriors
02:48 4.3Gb     8.0% Calc posteriors
02:49 4.3Gb     8.1% Calc posteriors
02:50 4.4Gb     8.1% Calc posteriors
02:51 4.5Gb     8.2% Calc posteriors
02:52 4.5Gb     8.2% Calc posteriors
02:53 4.5Gb     8.3% Calc posteriors
02:54 4.5Gb     8.3% Calc posteriors
02:55 4.5Gb     8.4% Calc posteriors
02:56 4.5Gb     8.4% Calc posteriors
02:57 4.5Gb     8.5% Calc posteriors
02:58 4.5Gb     8.5% Calc posteriors
02:59 4.5Gb     8.6% Calc posteriors
03:00 4.5Gb     8.6% Calc posteriors
03:01 4.5Gb     8.7% Calc posteriors
03:02 4.5Gb     8.7% Calc posteriors
03:03 4.6Gb     8.8% Calc posteriors
03:04 4.6Gb     8.8% Calc posteriors
03:05 4.6Gb     8.9% Calc posteriors
03:06 4.6Gb     8.9% Calc posteriors
03:07 4.6Gb     9.0% Calc posteriors
03:08 4.6Gb     9.0% Calc posteriors
03:09 4.6Gb     9.1% Calc posteriors
03:10 4.6Gb     9.1% Calc posteriors
03:11 4.6Gb     9.2% Calc posteriors
03:12 4.6Gb     9.2% Calc posteriors
03:13 4.6Gb     9.3% Calc posteriors
03:14 4.6Gb     9.3% Calc posteriors
03:15 4.6Gb     9.4% Calc posteriors
03:16 4.6Gb     9.4% Calc posteriors
03:17 4.6Gb     9.5% Calc posteriors
03:18 4.6Gb     9.5% Calc posteriors
03:19 4.6Gb     9.6% Calc posteriors
03:20 4.6Gb     9.6% Calc posteriors
03:21 4.6Gb     9.7% Calc posteriors
03:22 4.6Gb     9.7% Calc posteriors
03:23 4.7Gb     9.8% Calc posteriors
03:24 4.7Gb     9.8% Calc posteriors
03:25 4.7Gb     9.9% Calc posteriors
03:26 4.7Gb     9.9% Calc posteriors
03:27 4.7Gb    10.0% Calc posteriors
03:28 4.7Gb    10.0% Calc posteriors
03:29 4.7Gb    10.1% Calc posteriors
03:30 4.8Gb    10.1% Calc posteriors
03:31 4.8Gb    10.2% Calc posteriors
03:32 4.8Gb    10.2% Calc posteriors
03:33 4.8Gb    10.3% Calc posteriors
03:34 4.8Gb    10.3% Calc posteriors
03:35 4.8Gb    10.4% Calc posteriors
03:36 4.8Gb    10.4% Calc posteriors
03:37 4.8Gb    10.5% Calc posteriors
03:38 4.8Gb    10.5% Calc posteriors
03:39 4.9Gb    10.6% Calc posteriors
03:40 4.9Gb    10.6% Calc posteriors
03:41 4.9Gb    10.7% Calc posteriors
03:42 4.9Gb    10.7% Calc posteriors
03:43 4.9Gb    10.7% Calc posteriors
03:44 4.9Gb    10.8% Calc posteriors
03:45 4.9Gb    10.8% Calc posteriors
03:46 5.0Gb    10.9% Calc posteriors
03:47 5.0Gb    10.9% Calc posteriors
03:48 5.0Gb    11.0% Calc posteriors
03:49 5.0Gb    11.0% Calc posteriors
03:50 5.1Gb    11.1% Calc posteriors
03:51 5.1Gb    11.1% Calc posteriors
03:52 5.1Gb    11.2% Calc posteriors
03:53 5.2Gb    11.2% Calc posteriors
03:54 5.3Gb    11.3% Calc posteriors
03:55 5.3Gb    11.3% Calc posteriors
03:56 5.3Gb    11.4% Calc posteriors
03:57 5.3Gb    11.4% Calc posteriors
03:58 5.3Gb    11.4% Calc posteriors
03:59 5.4Gb    11.5% Calc posteriors
04:00 5.5Gb    11.5% Calc posteriors
04:01 5.5Gb    11.6% Calc posteriors
04:02 5.5Gb    11.6% Calc posteriors
04:03 5.5Gb    11.7% Calc posteriors
04:04 5.5Gb    11.7% Calc posteriors
04:05 5.5Gb    11.8% Calc posteriors
04:06 5.6Gb    11.8% Calc posteriors
04:07 5.6Gb    11.9% Calc posteriors
04:08 5.6Gb    11.9% Calc posteriors
04:09 5.6Gb    12.0% Calc posteriors
04:10 5.6Gb    12.0% Calc posteriors
04:11 5.6Gb    12.1% Calc posteriors
04:12 5.6Gb    12.1% Calc posteriors
04:13 5.6Gb    12.2% Calc posteriors
04:14 5.7Gb    12.2% Calc posteriors
04:15 5.8Gb    12.3% Calc posteriors
04:16 5.8Gb    12.3% Calc posteriors
04:17 5.8Gb    12.4% Calc posteriors
04:18 5.8Gb    12.4% Calc posteriors
04:19 5.8Gb    12.5% Calc posteriors
04:20 5.8Gb    12.5% Calc posteriors
04:21 5.8Gb    12.6% Calc posteriors
04:22 5.8Gb    12.6% Calc posteriors
04:23 5.8Gb    12.7% Calc posteriors
04:24 5.8Gb    12.7% Calc posteriors
04:25 5.8Gb    12.8% Calc posteriors
04:26 5.8Gb    12.8% Calc posteriors
04:27 5.8Gb    12.8% Calc posteriors
04:28 5.9Gb    12.9% Calc posteriors
04:29 5.9Gb    12.9% Calc posteriors
04:30 5.9Gb    13.0% Calc posteriors
04:31 5.9Gb    13.0% Calc posteriors
04:32 5.9Gb    13.1% Calc posteriors
04:33 5.9Gb    13.1% Calc posteriors
04:34 6.0Gb    13.2% Calc posteriors
04:35 6.0Gb    13.2% Calc posteriors
04:36 6.0Gb    13.3% Calc posteriors
04:37 6.0Gb    13.3% Calc posteriors
04:38 6.0Gb    13.4% Calc posteriors
04:39 6.0Gb    13.4% Calc posteriors
04:40 6.1Gb    13.5% Calc posteriors
04:41 6.1Gb    13.5% Calc posteriors
04:42 6.1Gb    13.6% Calc posteriors
04:43 6.1Gb    13.6% Calc posteriors
04:44 6.1Gb    13.7% Calc posteriors
04:45 6.1Gb    13.7% Calc posteriors
04:46 6.1Gb    13.8% Calc posteriors
04:47 6.1Gb    13.8% Calc posteriors
04:48 6.1Gb    13.9% Calc posteriors
04:49 6.1Gb    13.9% Calc posteriors
04:50 6.2Gb    14.0% Calc posteriors
04:51 6.2Gb    14.0% Calc posteriors
04:52 6.2Gb    14.1% Calc posteriors
04:53 6.2Gb    14.1% Calc posteriors
04:54 6.2Gb    14.2% Calc posteriors
04:55 6.2Gb    14.2% Calc posteriors
04:56 6.2Gb    14.3% Calc posteriors
04:57 6.2Gb    14.3% Calc posteriors
04:58 6.2Gb    14.4% Calc posteriors
04:59 6.2Gb    14.4% Calc posteriors
05:00 6.2Gb    14.5% Calc posteriors
05:01 6.4Gb    14.5% Calc posteriors
05:02 6.4Gb    14.6% Calc posteriors
05:03 6.4Gb    14.6% Calc posteriors
05:04 6.4Gb    14.7% Calc posteriors
05:05 6.4Gb    14.7% Calc posteriors
05:06 6.4Gb    14.7% Calc posteriors
05:07 6.4Gb    14.8% Calc posteriors
05:08 6.4Gb    14.8% Calc posteriors
05:09 6.4Gb    14.9% Calc posteriors
05:10 6.5Gb    14.9% Calc posteriors
05:11 6.5Gb    15.0% Calc posteriors
05:12 6.6Gb    15.0% Calc posteriors
05:13 6.6Gb    15.1% Calc posteriors
05:14 6.6Gb    15.1% Calc posteriors
05:15 6.6Gb    15.2% Calc posteriors
05:16 6.7Gb    15.2% Calc posteriors
05:17 6.7Gb    15.3% Calc posteriors
05:18 6.7Gb    15.3% Calc posteriors
05:19 6.7Gb    15.4% Calc posteriors
05:20 6.8Gb    15.4% Calc posteriors
05:21 6.9Gb    15.5% Calc posteriors
05:22 6.9Gb    15.5% Calc posteriors
05:23 6.9Gb    15.6% Calc posteriors
05:24 6.9Gb    15.6% Calc posteriors
05:25 6.9Gb    15.7% Calc posteriors
05:26 6.9Gb    15.7% Calc posteriors
05:27 6.9Gb    15.8% Calc posteriors
05:28 6.9Gb    15.8% Calc posteriors
05:29 6.9Gb    15.9% Calc posteriors
05:30 6.9Gb    15.9% Calc posteriors
05:31 7.0Gb    16.0% Calc posteriors
05:32 7.0Gb    16.0% Calc posteriors
05:33 7.1Gb    16.1% Calc posteriors
05:34 7.1Gb    16.1% Calc posteriors
05:35 7.1Gb    16.2% Calc posteriors
05:36 7.1Gb    16.2% Calc posteriors
05:37 7.1Gb    16.3% Calc posteriors
05:38 7.1Gb    16.3% Calc posteriors
05:39 7.2Gb    16.4% Calc posteriors
05:40 7.2Gb    16.4% Calc posteriors
05:41 7.2Gb    16.5% Calc posteriors
05:42 7.2Gb    16.5% Calc posteriors
05:43 7.2Gb    16.6% Calc posteriors
05:44 7.2Gb    16.6% Calc posteriors
05:45 7.2Gb    16.7% Calc posteriors
05:46 7.2Gb    16.7% Calc posteriors
05:47 7.2Gb    16.8% Calc posteriors
05:48 7.3Gb    16.8% Calc posteriors
05:49 7.3Gb    16.9% Calc posteriors
05:50 7.3Gb    16.9% Calc posteriors
05:51 7.3Gb    17.0% Calc posteriors
05:52 7.3Gb    17.0% Calc posteriors
05:53 7.3Gb    17.1% Calc posteriors
05:54 7.3Gb    17.1% Calc posteriors
05:55 7.3Gb    17.2% Calc posteriors
05:56 7.3Gb    17.2% Calc posteriors
05:57 7.3Gb    17.3% Calc posteriors
05:58 7.4Gb    17.3% Calc posteriors
05:59 7.4Gb    17.4% Calc posteriors
06:00 7.4Gb    17.4% Calc posteriors
06:01 7.4Gb    17.5% Calc posteriors
06:02 7.4Gb    17.5% Calc posteriors
06:03 7.4Gb    17.6% Calc posteriors
06:04 7.4Gb    17.6% Calc posteriors
06:05 7.4Gb    17.7% Calc posteriors
06:06 7.5Gb    17.7% Calc posteriors
06:07 7.6Gb    17.8% Calc posteriors
06:08 7.6Gb    17.8% Calc posteriors
06:09 7.6Gb    17.9% Calc posteriors
06:10 7.6Gb    17.9% Calc posteriors
06:11 7.6Gb    18.0% Calc posteriors
06:12 7.6Gb    18.0% Calc posteriors
06:13 7.6Gb    18.1% Calc posteriors
06:14 7.6Gb    18.1% Calc posteriors
06:15 7.6Gb    18.2% Calc posteriors
06:16 7.6Gb    18.2% Calc posteriors
06:17 7.7Gb    18.3% Calc posteriors
06:18 7.7Gb    18.3% Calc posteriors
06:19 7.7Gb    18.4% Calc posteriors
06:20 7.7Gb    18.4% Calc posteriors
06:21 7.7Gb    18.5% Calc posteriors
06:22 7.8Gb    18.5% Calc posteriors
06:23 7.8Gb    18.6% Calc posteriors
06:24 7.8Gb    18.6% Calc posteriors
06:25 7.8Gb    18.7% Calc posteriors
06:26 7.8Gb    18.7% Calc posteriors
06:27 7.8Gb    18.8% Calc posteriors
06:28 7.8Gb    18.8% Calc posteriors
06:29 7.9Gb    18.9% Calc posteriors
06:30 8.0Gb    18.9% Calc posteriors
06:31 8.0Gb    19.0% Calc posteriors
06:32 8.0Gb    19.0% Calc posteriors
06:33 8.0Gb    19.1% Calc posteriors
06:34 8.0Gb    19.1% Calc posteriors
06:35 8.0Gb    19.1% Calc posteriors
06:36 8.1Gb    19.2% Calc posteriors
06:37 8.1Gb    19.2% Calc posteriors
06:38 8.2Gb    19.3% Calc posteriors
06:39 8.3Gb    19.3% Calc posteriors
06:40 8.3Gb    19.4% Calc posteriors
06:41 8.3Gb    19.4% Calc posteriors
06:42 8.3Gb    19.5% Calc posteriors
06:43 8.3Gb    19.5% Calc posteriors
06:44 8.3Gb    19.6% Calc posteriors
06:45 8.3Gb    19.6% Calc posteriors
06:46 8.3Gb    19.7% Calc posteriors
06:47 8.3Gb    19.7% Calc posteriors
06:48 8.3Gb    19.8% Calc posteriors
06:49 8.3Gb    19.8% Calc posteriors
06:50 8.3Gb    19.9% Calc posteriors
06:51 8.3Gb    19.9% Calc posteriors
06:52 8.3Gb    20.0% Calc posteriors
06:53 8.3Gb    20.0% Calc posteriors
06:54 8.3Gb    20.1% Calc posteriors
06:55 8.4Gb    20.1% Calc posteriors
06:56 8.4Gb    20.2% Calc posteriors
06:57 8.5Gb    20.2% Calc posteriors
06:58 8.5Gb    20.3% Calc posteriors
06:59 8.5Gb    20.3% Calc posteriors
07:00 8.5Gb    20.4% Calc posteriors
07:01 8.5Gb    20.4% Calc posteriors
07:02 8.5Gb    20.5% Calc posteriors
07:03 8.5Gb    20.5% Calc posteriors
07:04 8.6Gb    20.6% Calc posteriors
07:05 8.6Gb    20.6% Calc posteriors
07:06 8.6Gb    20.7% Calc posteriors
07:07 8.6Gb    20.7% Calc posteriors
07:08 8.6Gb    20.8% Calc posteriors
07:09 8.6Gb    20.8% Calc posteriors
07:10 8.6Gb    20.9% Calc posteriors
07:11 8.6Gb    20.9% Calc posteriors
07:12 8.6Gb    21.0% Calc posteriors
07:13 8.7Gb    21.0% Calc posteriors
07:14 8.7Gb    21.1% Calc posteriors
07:15 8.7Gb    21.1% Calc posteriors
07:16 8.7Gb    21.2% Calc posteriors
07:17 8.7Gb    21.2% Calc posteriors
07:18 8.7Gb    21.3% Calc posteriors
07:19 8.8Gb    21.3% Calc posteriors
07:20 8.8Gb    21.4% Calc posteriors
07:21 8.8Gb    21.4% Calc posteriors
07:22 8.8Gb    21.5% Calc posteriors
07:23 8.8Gb    21.5% Calc posteriors
07:24 8.8Gb    21.6% Calc posteriors
07:25 8.8Gb    21.6% Calc posteriors
07:26 8.8Gb    21.7% Calc posteriors
07:27 8.8Gb    21.7% Calc posteriors
07:28 8.9Gb    21.8% Calc posteriors
07:29 8.9Gb    21.8% Calc posteriors
07:30 8.9Gb    21.8% Calc posteriors
07:31 8.9Gb    21.9% Calc posteriors
07:32 9.0Gb    21.9% Calc posteriors
07:33 9.0Gb    22.0% Calc posteriors
07:34 9.0Gb    22.0% Calc posteriors
07:35 9.0Gb    22.1% Calc posteriors
07:36 9.0Gb    22.1% Calc posteriors
07:37 9.0Gb    22.2% Calc posteriors
07:38 9.1Gb    22.2% Calc posteriors
07:39 9.1Gb    22.3% Calc posteriors
07:40 9.2Gb    22.3% Calc posteriors
07:41 9.2Gb    22.4% Calc posteriors
07:42 9.2Gb    22.4% Calc posteriors
07:43 9.2Gb    22.5% Calc posteriors
07:44 9.2Gb    22.5% Calc posteriors
07:45 9.2Gb    22.6% Calc posteriors
07:46 9.2Gb    22.6% Calc posteriors
07:47 9.3Gb    22.7% Calc posteriors
07:48 9.3Gb    22.7% Calc posteriors
07:49 9.4Gb    22.8% Calc posteriors
07:50 9.4Gb    22.8% Calc posteriors
07:51 9.4Gb    22.9% Calc posteriors
07:52 9.4Gb    22.9% Calc posteriors
07:53 9.4Gb    23.0% Calc posteriors
07:54 9.4Gb    23.0% Calc posteriors
07:55 9.4Gb    23.1% Calc posteriors
07:56 9.5Gb    23.1% Calc posteriors
07:57 9.5Gb    23.2% Calc posteriors
07:58 9.6Gb    23.2% Calc posteriors
07:59 9.6Gb    23.3% Calc posteriors
08:00 9.6Gb    23.3% Calc posteriors
08:01 9.6Gb    23.4% Calc posteriors
08:02 9.6Gb    23.4% Calc posteriors
08:03 9.6Gb    23.5% Calc posteriors
08:04 9.7Gb    23.5% Calc posteriors
08:05 9.7Gb    23.6% Calc posteriors
08:06 9.7Gb    23.6% Calc posteriors
08:07 9.7Gb    23.7% Calc posteriors
08:08 9.7Gb    23.7% Calc posteriors
08:09 9.7Gb    23.8% Calc posteriors
08:10 9.7Gb    23.8% Calc posteriors
08:11 9.7Gb    23.9% Calc posteriors
08:12 9.7Gb    23.9% Calc posteriors
08:13 9.7Gb    24.0% Calc posteriors
08:14 9.7Gb    24.0% Calc posteriors
08:15 9.7Gb    24.0% Calc posteriors
08:16 9.7Gb    24.1% Calc posteriors
08:17 9.7Gb    24.1% Calc posteriors
08:18 9.7Gb    24.2% Calc posteriors
08:19 9.8Gb    24.2% Calc posteriors
08:20 9.8Gb    24.3% Calc posteriors
08:21 9.8Gb    24.3% Calc posteriors
08:22 9.9Gb    24.4% Calc posteriors
08:23 9.9Gb    24.4% Calc posteriors
08:24 9.9Gb    24.5% Calc posteriors
08:25 9.9Gb    24.5% Calc posteriors
08:26 9.9Gb    24.6% Calc posteriors
08:27 9.9Gb    24.6% Calc posteriors
08:28 9.9Gb    24.7% Calc posteriors
08:29 10.0Gb   24.7% Calc posteriors
08:30 10.0Gb   24.8% Calc posteriors
08:31 10.0Gb   24.8% Calc posteriors
08:32 10.1Gb   24.9% Calc posteriors
08:33 10.1Gb   24.9% Calc posteriors
08:34 10.1Gb   25.0% Calc posteriors
08:35 10.1Gb   25.0% Calc posteriors
08:36 10.1Gb   25.1% Calc posteriors
08:37 10.1Gb   25.1% Calc posteriors
08:38 10.1Gb   25.2% Calc posteriors
08:39 10.1Gb   25.2% Calc posteriors
08:40 10.1Gb   25.3% Calc posteriors
08:41 10.1Gb   25.3% Calc posteriors
08:42 10.1Gb   25.4% Calc posteriors
08:43 10.2Gb   25.4% Calc posteriors
08:44 10.2Gb   25.5% Calc posteriors
08:45 10.2Gb   25.5% Calc posteriors
08:46 10.3Gb   25.6% Calc posteriors
08:47 10.3Gb   25.6% Calc posteriors
08:48 10.3Gb   25.7% Calc posteriors
08:49 10.3Gb   25.7% Calc posteriors
08:50 10.4Gb   25.8% Calc posteriors
08:51 10.4Gb   25.8% Calc posteriors
08:52 10.4Gb   25.9% Calc posteriors
08:53 10.4Gb   25.9% Calc posteriors
08:54 10.4Gb   26.0% Calc posteriors
08:55 10.4Gb   26.0% Calc posteriors
08:56 10.4Gb   26.1% Calc posteriors
08:57 10.5Gb   26.1% Calc posteriors
08:58 10.5Gb   26.2% Calc posteriors
08:59 10.5Gb   26.2% Calc posteriors
09:00 10.6Gb   26.3% Calc posteriors
09:01 10.6Gb   26.3% Calc posteriors
09:02 10.6Gb   26.4% Calc posteriors
09:03 10.6Gb   26.4% Calc posteriors
09:04 10.6Gb   26.5% Calc posteriors
09:05 10.6Gb   26.5% Calc posteriors
09:06 10.6Gb   26.6% Calc posteriors
09:07 10.7Gb   26.6% Calc posteriors
09:08 10.7Gb   26.7% Calc posteriors
09:09 10.7Gb   26.7% Calc posteriors
09:10 10.7Gb   26.8% Calc posteriors
09:11 10.8Gb   26.8% Calc posteriors
09:12 10.8Gb   26.9% Calc posteriors
09:13 10.8Gb   26.9% Calc posteriors
09:14 10.8Gb   27.0% Calc posteriors
09:15 10.8Gb   27.0% Calc posteriors
09:16 10.9Gb   27.1% Calc posteriors
09:17 11.0Gb   27.1% Calc posteriors
09:18 11.0Gb   27.2% Calc posteriors
09:19 11.0Gb   27.2% Calc posteriors
09:20 11.0Gb   27.3% Calc posteriors
09:21 11.0Gb   27.3% Calc posteriors
09:22 11.1Gb   27.4% Calc posteriors
09:23 11.1Gb   27.4% Calc posteriors
09:24 11.1Gb   27.5% Calc posteriors
09:25 11.1Gb   27.5% Calc posteriors
09:26 11.1Gb   27.6% Calc posteriors
09:27 11.1Gb   27.6% Calc posteriors
09:28 11.1Gb   27.7% Calc posteriors
09:29 11.1Gb   27.7% Calc posteriors
09:30 11.1Gb   27.8% Calc posteriors
09:31 11.1Gb   27.8% Calc posteriors
09:32 11.1Gb   27.9% Calc posteriors
09:33 11.1Gb   27.9% Calc posteriors
09:34 11.1Gb   28.0% Calc posteriors
09:35 11.1Gb   28.0% Calc posteriors
09:36 11.1Gb   28.1% Calc posteriors
09:37 11.1Gb   28.1% Calc posteriors
09:38 11.1Gb   28.2% Calc posteriors
09:39 11.1Gb   28.2% Calc posteriors
09:40 11.1Gb   28.2% Calc posteriors
09:41 11.2Gb   28.3% Calc posteriors
09:42 11.2Gb   28.3% Calc posteriors
09:43 11.2Gb   28.4% Calc posteriors
09:44 11.3Gb   28.4% Calc posteriors
09:45 11.3Gb   28.5% Calc posteriors
09:46 11.3Gb   28.5% Calc posteriors
09:47 11.4Gb   28.6% Calc posteriors
09:48 11.4Gb   28.6% Calc posteriors
09:49 11.4Gb   28.7% Calc posteriors
09:50 11.4Gb   28.7% Calc posteriors
09:51 11.4Gb   28.8% Calc posteriors
09:52 11.4Gb   28.8% Calc posteriors
09:53 11.4Gb   28.9% Calc posteriors
09:54 11.5Gb   28.9% Calc posteriors
09:55 11.5Gb   29.0% Calc posteriors
09:56 11.6Gb   29.0% Calc posteriors
09:57 11.6Gb   29.1% Calc posteriors
09:58 11.6Gb   29.1% Calc posteriors
09:59 11.6Gb   29.2% Calc posteriors
10:00 11.6Gb   29.2% Calc posteriors
10:01 11.6Gb   29.3% Calc posteriors
10:02 11.6Gb   29.3% Calc posteriors
10:03 11.6Gb   29.4% Calc posteriors
10:04 11.6Gb   29.4% Calc posteriors
10:05 11.6Gb   29.5% Calc posteriors
10:06 11.6Gb   29.5% Calc posteriors
10:07 11.6Gb   29.6% Calc posteriors
10:08 11.7Gb   29.6% Calc posteriors
10:09 11.7Gb   29.7% Calc posteriors
10:10 11.7Gb   29.7% Calc posteriors
10:11 11.7Gb   29.8% Calc posteriors
10:12 11.7Gb   29.8% Calc posteriors
10:13 11.7Gb   29.9% Calc posteriors
10:14 11.7Gb   29.9% Calc posteriors
10:15 11.8Gb   30.0% Calc posteriors
10:16 11.8Gb   30.0% Calc posteriors
10:17 11.8Gb   30.1% Calc posteriors
10:18 11.8Gb   30.1% Calc posteriors
10:19 11.8Gb   30.2% Calc posteriors
10:20 11.8Gb   30.2% Calc posteriors
10:21 11.8Gb   30.3% Calc posteriors
10:22 11.9Gb   30.3% Calc posteriors
10:23 12.1Gb   30.4% Calc posteriors
10:24 12.0Gb   30.4% Calc posteriors
10:25 12.0Gb   30.5% Calc posteriors
10:26 12.0Gb   30.5% Calc posteriors
10:27 12.0Gb   30.6% Calc posteriors
10:28 12.0Gb   30.6% Calc posteriors
10:29 12.0Gb   30.7% Calc posteriors
10:30 12.2Gb   30.7% Calc posteriors
10:31 12.2Gb   30.8% Calc posteriors
10:32 12.2Gb   30.8% Calc posteriors
10:33 12.2Gb   30.9% Calc posteriors
10:34 12.2Gb   30.9% Calc posteriors
10:35 12.2Gb   31.0% Calc posteriors
10:36 12.3Gb   31.0% Calc posteriors
10:37 12.3Gb   31.1% Calc posteriors
10:38 12.4Gb   31.1% Calc posteriors
10:39 12.4Gb   31.2% Calc posteriors
10:40 12.4Gb   31.2% Calc posteriors
10:41 12.4Gb   31.3% Calc posteriors
10:42 12.4Gb   31.3% Calc posteriors
10:43 12.4Gb   31.4% Calc posteriors
10:44 12.4Gb   31.4% Calc posteriors
10:45 12.4Gb   31.5% Calc posteriors
10:46 12.4Gb   31.5% Calc posteriors
10:47 12.4Gb   31.6% Calc posteriors
10:48 12.4Gb   31.6% Calc posteriors
10:49 12.5Gb   31.7% Calc posteriors
10:50 12.5Gb   31.7% Calc posteriors
10:51 12.5Gb   31.8% Calc posteriors
10:52 12.5Gb   31.8% Calc posteriors
10:53 12.5Gb   31.9% Calc posteriors
10:54 12.5Gb   31.9% Calc posteriors
10:55 12.5Gb   32.0% Calc posteriors
10:56 12.5Gb   32.0% Calc posteriors
10:57 12.5Gb   32.1% Calc posteriors
10:58 12.6Gb   32.1% Calc posteriors
10:59 12.6Gb   32.2% Calc posteriors
11:00 12.6Gb   32.2% Calc posteriors
11:01 12.6Gb   32.3% Calc posteriors
11:02 12.7Gb   32.3% Calc posteriors
11:03 12.7Gb   32.4% Calc posteriors
11:04 12.7Gb   32.4% Calc posteriors
11:05 12.7Gb   32.5% Calc posteriors
11:06 12.7Gb   32.5% Calc posteriors
11:07 12.7Gb   32.6% Calc posteriors
11:08 12.7Gb   32.6% Calc posteriors
11:09 12.7Gb   32.7% Calc posteriors
11:10 12.8Gb   32.7% Calc posteriors
11:11 12.8Gb   32.8% Calc posteriors
11:12 12.8Gb   32.8% Calc posteriors
11:13 12.8Gb   32.9% Calc posteriors
11:14 12.8Gb   32.9% Calc posteriors
11:15 12.8Gb   33.0% Calc posteriors
11:16 13.0Gb   33.0% Calc posteriors
11:17 13.0Gb   33.1% Calc posteriors
11:18 13.0Gb   33.1% Calc posteriors
11:19 13.0Gb   33.2% Calc posteriors
11:20 13.0Gb   33.2% Calc posteriors
11:21 13.0Gb   33.3% Calc posteriors
11:22 13.0Gb   33.3% Calc posteriors
11:23 13.0Gb   33.4% Calc posteriors
11:24 13.0Gb   33.4% Calc posteriors
11:25 13.0Gb   33.5% Calc posteriors
11:26 13.0Gb   33.5% Calc posteriors
11:27 13.0Gb   33.6% Calc posteriors
11:28 13.0Gb   33.6% Calc posteriors
11:29 13.0Gb   33.7% Calc posteriors
11:30 13.1Gb   33.7% Calc posteriors
11:31 13.1Gb   33.8% Calc posteriors
11:32 13.2Gb   33.8% Calc posteriors
11:33 13.2Gb   33.9% Calc posteriors
11:34 13.2Gb   33.9% Calc posteriors
11:35 13.2Gb   34.0% Calc posteriors
11:36 13.2Gb   34.0% Calc posteriors
11:37 13.2Gb   34.1% Calc posteriors
11:38 13.2Gb   34.1% Calc posteriors
11:39 13.2Gb   34.2% Calc posteriors
11:40 13.2Gb   34.2% Calc posteriors
11:41 13.3Gb   34.3% Calc posteriors
11:42 13.3Gb   34.3% Calc posteriors
11:43 13.3Gb   34.3% Calc posteriors
11:44 13.3Gb   34.4% Calc posteriors
11:45 13.3Gb   34.4% Calc posteriors
11:46 13.4Gb   34.5% Calc posteriors
11:47 13.4Gb   34.5% Calc posteriors
11:48 13.4Gb   34.6% Calc posteriors
11:49 13.4Gb   34.6% Calc posteriors
11:50 13.5Gb   34.7% Calc posteriors
11:51 13.5Gb   34.7% Calc posteriors
11:52 13.6Gb   34.8% Calc posteriors
11:53 13.6Gb   34.8% Calc posteriors
11:54 13.6Gb   34.9% Calc posteriors
11:55 13.6Gb   34.9% Calc posteriors
11:56 13.6Gb   35.0% Calc posteriors
11:57 13.7Gb   35.0% Calc posteriors
11:58 13.8Gb   35.1% Calc posteriors
11:59 13.8Gb   35.1% Calc posteriors
12:00 13.8Gb   35.2% Calc posteriors
12:01 13.9Gb   35.2% Calc posteriors
12:02 13.9Gb   35.3% Calc posteriors
12:03 13.9Gb   35.3% Calc posteriors
12:04 13.9Gb   35.4% Calc posteriors
12:05 13.9Gb   35.4% Calc posteriors
12:06 13.9Gb   35.5% Calc posteriors
12:07 13.9Gb   35.5% Calc posteriors
12:08 13.9Gb   35.6% Calc posteriors
12:09 13.9Gb   35.6% Calc posteriors
12:10 13.9Gb   35.7% Calc posteriors
12:11 13.9Gb   35.7% Calc posteriors
12:12 13.9Gb   35.8% Calc posteriors
12:13 13.9Gb   35.8% Calc posteriors
12:14 13.9Gb   35.9% Calc posteriors
12:15 13.9Gb   35.9% Calc posteriors
12:16 13.9Gb   36.0% Calc posteriors
12:17 13.9Gb   36.0% Calc posteriors
12:18 13.9Gb   36.1% Calc posteriors
12:19 13.9Gb   36.1% Calc posteriors
12:20 13.9Gb   36.2% Calc posteriors
12:21 14.0Gb   36.2% Calc posteriors
12:22 14.0Gb   36.3% Calc posteriors
12:23 14.0Gb   36.3% Calc posteriors
12:24 14.1Gb   36.4% Calc posteriors
12:25 14.1Gb   36.4% Calc posteriors
12:26 14.1Gb   36.4% Calc posteriors
12:27 14.1Gb   36.5% Calc posteriors
12:28 14.1Gb   36.5% Calc posteriors
12:29 14.1Gb   36.6% Calc posteriors
12:30 14.1Gb   36.6% Calc posteriors
12:31 14.2Gb   36.7% Calc posteriors
12:32 14.2Gb   36.7% Calc posteriors
12:33 14.2Gb   36.8% Calc posteriors
12:34 14.2Gb   36.8% Calc posteriors
12:35 14.2Gb   36.9% Calc posteriors
12:36 14.2Gb   36.9% Calc posteriors
12:37 14.2Gb   37.0% Calc posteriors
12:38 14.3Gb   37.0% Calc posteriors
12:39 14.3Gb   37.1% Calc posteriors
12:40 14.4Gb   37.1% Calc posteriors
12:41 14.4Gb   37.2% Calc posteriors
12:42 14.4Gb   37.2% Calc posteriors
12:43 14.4Gb   37.3% Calc posteriors
12:44 14.5Gb   37.3% Calc posteriors
12:45 14.5Gb   37.4% Calc posteriors
12:46 14.5Gb   37.4% Calc posteriors
12:47 14.5Gb   37.5% Calc posteriors
12:48 14.5Gb   37.5% Calc posteriors
12:49 14.5Gb   37.6% Calc posteriors
12:50 14.5Gb   37.6% Calc posteriors
12:51 14.5Gb   37.7% Calc posteriors
12:52 14.5Gb   37.7% Calc posteriors
12:53 14.5Gb   37.8% Calc posteriors
12:54 14.5Gb   37.8% Calc posteriors
12:55 14.6Gb   37.9% Calc posteriors
12:56 14.6Gb   37.9% Calc posteriors
12:57 14.6Gb   38.0% Calc posteriors
12:58 14.6Gb   38.0% Calc posteriors
12:59 14.6Gb   38.1% Calc posteriors
13:00 14.7Gb   38.1% Calc posteriors
13:01 14.7Gb   38.2% Calc posteriors
13:02 14.7Gb   38.2% Calc posteriors
13:03 14.7Gb   38.3% Calc posteriors
13:04 14.7Gb   38.3% Calc posteriors
13:05 14.7Gb   38.4% Calc posteriors
13:06 14.8Gb   38.4% Calc posteriors
13:07 14.8Gb   38.4% Calc posteriors
13:08 14.8Gb   38.5% Calc posteriors
13:09 14.8Gb   38.5% Calc posteriors
13:10 14.8Gb   38.6% Calc posteriors
13:11 14.8Gb   38.6% Calc posteriors
13:12 14.8Gb   38.7% Calc posteriors
13:13 15.0Gb   38.7% Calc posteriors
13:14 15.0Gb   38.8% Calc posteriors
13:15 15.1Gb   38.8% Calc posteriors
13:16 15.1Gb   38.9% Calc posteriors
13:17 15.1Gb   38.9% Calc posteriors
13:18 15.1Gb   39.0% Calc posteriors
13:19 15.1Gb   39.0% Calc posteriors
13:20 15.1Gb   39.1% Calc posteriors
13:21 15.1Gb   39.1% Calc posteriors
13:22 15.1Gb   39.2% Calc posteriors
13:23 15.1Gb   39.2% Calc posteriors
13:24 15.1Gb   39.3% Calc posteriors
13:25 15.2Gb   39.3% Calc posteriors
13:26 15.2Gb   39.4% Calc posteriors
13:27 15.2Gb   39.4% Calc posteriors
13:28 15.3Gb   39.5% Calc posteriors
13:29 15.3Gb   39.5% Calc posteriors
13:30 15.3Gb   39.6% Calc posteriors
13:31 15.3Gb   39.6% Calc posteriors
13:32 15.3Gb   39.7% Calc posteriors
13:33 15.3Gb   39.7% Calc posteriors
13:34 15.3Gb   39.8% Calc posteriors
13:35 15.3Gb   39.8% Calc posteriors
13:36 15.3Gb   39.9% Calc posteriors
13:37 15.3Gb   39.9% Calc posteriors
13:38 15.3Gb   40.0% Calc posteriors
13:39 15.3Gb   40.0% Calc posteriors
13:40 15.3Gb   40.1% Calc posteriors
13:41 15.3Gb   40.2% Calc posteriors
13:42 15.3Gb   40.2% Calc posteriors
13:43 15.3Gb   40.3% Calc posteriors
13:44 15.4Gb   40.3% Calc posteriors
13:45 15.5Gb   40.4% Calc posteriors
13:46 15.5Gb   40.4% Calc posteriors
13:47 15.5Gb   40.5% Calc posteriors
13:48 15.5Gb   40.5% Calc posteriors
13:49 15.5Gb   40.6% Calc posteriors
13:50 15.5Gb   40.6% Calc posteriors
13:51 15.5Gb   40.7% Calc posteriors
13:52 15.5Gb   40.7% Calc posteriors
13:53 15.5Gb   40.8% Calc posteriors
13:54 15.5Gb   40.8% Calc posteriors
13:55 15.6Gb   40.9% Calc posteriors
13:56 15.7Gb   40.9% Calc posteriors
13:57 15.7Gb   41.0% Calc posteriors
13:58 15.8Gb   41.0% Calc posteriors
13:59 15.8Gb   41.1% Calc posteriors
14:00 15.8Gb   41.1% Calc posteriors
14:01 15.8Gb   41.2% Calc posteriors
14:02 15.9Gb   41.2% Calc posteriors
14:03 15.9Gb   41.3% Calc posteriors
14:04 15.9Gb   41.3% Calc posteriors
14:05 15.9Gb   41.4% Calc posteriors
14:06 15.9Gb   41.4% Calc posteriors
14:07 15.9Gb   41.5% Calc posteriors
14:08 15.9Gb   41.5% Calc posteriors
14:09 15.9Gb   41.6% Calc posteriors
14:10 15.9Gb   41.6% Calc posteriors
14:11 15.9Gb   41.7% Calc posteriors
14:12 15.9Gb   41.7% Calc posteriors
14:13 15.9Gb   41.8% Calc posteriors
14:14 16.0Gb   41.8% Calc posteriors
14:15 16.0Gb   41.8% Calc posteriors
14:16 16.0Gb   41.9% Calc posteriors
14:17 16.0Gb   41.9% Calc posteriors
14:18 16.0Gb   42.0% Calc posteriors
14:19 16.0Gb   42.0% Calc posteriors
14:20 16.0Gb   42.1% Calc posteriors
14:21 16.1Gb   42.1% Calc posteriors
14:22 16.1Gb   42.2% Calc posteriors
14:23 16.1Gb   42.2% Calc posteriors
14:24 16.2Gb   42.3% Calc posteriors
14:25 16.2Gb   42.3% Calc posteriors
14:26 16.2Gb   42.4% Calc posteriors
14:27 16.2Gb   42.4% Calc posteriors
14:28 16.2Gb   42.5% Calc posteriors
14:29 16.2Gb   42.5% Calc posteriors
14:30 16.2Gb   42.6% Calc posteriors
14:31 16.2Gb   42.6% Calc posteriors
14:32 16.3Gb   42.7% Calc posteriors
14:33 16.3Gb   42.7% Calc posteriors
14:34 16.3Gb   42.8% Calc posteriors
14:35 16.4Gb   42.8% Calc posteriors
14:36 16.5Gb   42.9% Calc posteriors
14:37 16.5Gb   42.9% Calc posteriors
14:38 16.5Gb   43.0% Calc posteriors
14:39 16.5Gb   43.0% Calc posteriors
14:40 16.5Gb   43.1% Calc posteriors
14:41 16.5Gb   43.1% Calc posteriors
14:42 16.5Gb   43.2% Calc posteriors
14:43 16.5Gb   43.2% Calc posteriors
14:44 16.5Gb   43.3% Calc posteriors
14:45 16.5Gb   43.3% Calc posteriors
14:46 16.5Gb   43.4% Calc posteriors
14:47 16.5Gb   43.4% Calc posteriors
14:48 16.5Gb   43.5% Calc posteriors
14:49 16.5Gb   43.5% Calc posteriors
14:50 16.5Gb   43.6% Calc posteriors
14:51 16.5Gb   43.6% Calc posteriors
14:52 16.5Gb   43.7% Calc posteriors
14:53 16.5Gb   43.7% Calc posteriors
14:54 16.6Gb   43.8% Calc posteriors
14:55 16.7Gb   43.8% Calc posteriors
14:56 16.7Gb   43.9% Calc posteriors
14:57 16.7Gb   43.9% Calc posteriors
14:58 16.9Gb   44.0% Calc posteriors
14:59 16.9Gb   44.0% Calc posteriors
15:00 16.9Gb   44.1% Calc posteriors
15:01 16.9Gb   44.1% Calc posteriors
15:02 16.9Gb   44.2% Calc posteriors
15:03 16.9Gb   44.2% Calc posteriors
15:04 16.9Gb   44.3% Calc posteriors
15:05 16.9Gb   44.3% Calc posteriors
15:06 16.9Gb   44.4% Calc posteriors
15:07 16.9Gb   44.4% Calc posteriors
15:08 16.9Gb   44.5% Calc posteriors
15:09 16.9Gb   44.5% Calc posteriors
15:10 16.9Gb   44.6% Calc posteriors
15:11 16.9Gb   44.6% Calc posteriors
15:12 16.9Gb   44.7% Calc posteriors
15:13 17.0Gb   44.7% Calc posteriors
15:14 17.0Gb   44.8% Calc posteriors
15:15 17.0Gb   44.8% Calc posteriors
15:16 17.0Gb   44.9% Calc posteriors
15:17 17.0Gb   44.9% Calc posteriors
15:18 17.1Gb   45.0% Calc posteriors
15:19 17.1Gb   45.0% Calc posteriors
15:20 17.1Gb   45.1% Calc posteriors
15:21 17.2Gb   45.1% Calc posteriors
15:22 17.2Gb   45.2% Calc posteriors
15:23 17.2Gb   45.2% Calc posteriors
15:24 17.2Gb   45.3% Calc posteriors
15:25 17.2Gb   45.3% Calc posteriors
15:26 17.2Gb   45.4% Calc posteriors
15:27 17.2Gb   45.4% Calc posteriors
15:28 17.2Gb   45.5% Calc posteriors
15:29 17.3Gb   45.5% Calc posteriors
15:30 17.3Gb   45.6% Calc posteriors
15:31 17.3Gb   45.6% Calc posteriors
15:32 17.3Gb   45.7% Calc posteriors
15:33 17.4Gb   45.7% Calc posteriors
15:34 17.4Gb   45.8% Calc posteriors
15:35 17.4Gb   45.8% Calc posteriors
15:36 17.4Gb   45.9% Calc posteriors
15:37 17.4Gb   45.9% Calc posteriors
15:38 17.4Gb   46.0% Calc posteriors
15:39 17.4Gb   46.0% Calc posteriors
15:40 17.4Gb   46.1% Calc posteriors
15:41 17.5Gb   46.1% Calc posteriors
15:42 17.5Gb   46.1% Calc posteriors
15:43 17.5Gb   46.2% Calc posteriors
15:44 17.5Gb   46.3% Calc posteriors
15:45 17.5Gb   46.3% Calc posteriors
15:46 17.5Gb   46.4% Calc posteriors
15:47 17.5Gb   46.4% Calc posteriors
15:48 17.6Gb   46.5% Calc posteriors
15:49 17.6Gb   46.5% Calc posteriors
15:50 17.6Gb   46.5% Calc posteriors
15:51 17.7Gb   46.6% Calc posteriors
15:52 17.7Gb   46.6% Calc posteriors
15:53 17.7Gb   46.7% Calc posteriors
15:54 17.7Gb   46.7% Calc posteriors
15:55 17.7Gb   46.8% Calc posteriors
15:56 17.8Gb   46.8% Calc posteriors
15:57 17.8Gb   46.9% Calc posteriors
15:58 17.8Gb   46.9% Calc posteriors
15:59 17.9Gb   47.0% Calc posteriors
16:00 17.9Gb   47.0% Calc posteriors
16:01 17.9Gb   47.1% Calc posteriors
16:02 17.9Gb   47.1% Calc posteriors
16:03 18.0Gb   47.2% Calc posteriors
16:04 18.0Gb   47.2% Calc posteriors
16:05 18.0Gb   47.3% Calc posteriors
16:06 18.0Gb   47.3% Calc posteriors
16:07 18.1Gb   47.4% Calc posteriors
16:08 18.1Gb   47.4% Calc posteriors
16:09 18.1Gb   47.5% Calc posteriors
16:10 18.1Gb   47.5% Calc posteriors
16:11 18.1Gb   47.6% Calc posteriors
16:12 18.1Gb   47.6% Calc posteriors
16:13 18.1Gb   47.7% Calc posteriors
16:14 18.1Gb   47.7% Calc posteriors
16:15 18.1Gb   47.8% Calc posteriors
16:16 18.1Gb   47.8% Calc posteriors
16:17 18.1Gb   47.9% Calc posteriors
16:18 18.1Gb   47.9% Calc posteriors
16:19 18.1Gb   48.0% Calc posteriors
16:20 18.1Gb   48.0% Calc posteriors
16:21 18.1Gb   48.1% Calc posteriors
16:22 18.1Gb   48.1% Calc posteriors
16:23 18.1Gb   48.2% Calc posteriors
16:24 18.1Gb   48.2% Calc posteriors
16:25 18.1Gb   48.3% Calc posteriors
16:26 18.1Gb   48.3% Calc posteriors
16:27 18.2Gb   48.4% Calc posteriors
16:28 18.2Gb   48.4% Calc posteriors
16:29 18.3Gb   48.5% Calc posteriors
16:30 18.4Gb   48.5% Calc posteriors
16:31 18.4Gb   48.6% Calc posteriors
16:32 18.4Gb   48.6% Calc posteriors
16:33 18.4Gb   48.7% Calc posteriors
16:34 18.4Gb   48.7% Calc posteriors
16:35 18.4Gb   48.8% Calc posteriors
16:36 18.4Gb   48.8% Calc posteriors
16:37 18.4Gb   48.9% Calc posteriors
16:38 18.4Gb   48.9% Calc posteriors
16:39 18.4Gb   49.0% Calc posteriors
16:40 18.4Gb   49.0% Calc posteriors
16:41 18.4Gb   49.1% Calc posteriors
16:42 18.4Gb   49.1% Calc posteriors
16:43 18.4Gb   49.2% Calc posteriors
16:44 18.6Gb   49.2% Calc posteriors
16:45 18.6Gb   49.3% Calc posteriors
16:46 18.6Gb   49.3% Calc posteriors
16:47 18.6Gb   49.4% Calc posteriors
16:48 18.6Gb   49.4% Calc posteriors
16:49 18.6Gb   49.5% Calc posteriors
16:50 18.6Gb   49.5% Calc posteriors
16:51 18.7Gb   49.6% Calc posteriors
16:52 18.7Gb   49.6% Calc posteriors
16:53 18.7Gb   49.7% Calc posteriors
16:54 18.8Gb   49.7% Calc posteriors
16:55 18.8Gb   49.8% Calc posteriors
16:56 18.8Gb   49.8% Calc posteriors
16:57 18.8Gb   49.9% Calc posteriors
16:58 18.8Gb   49.9% Calc posteriors
16:59 18.8Gb   50.0% Calc posteriors
17:00 18.8Gb   50.0% Calc posteriors
17:01 18.9Gb   50.1% Calc posteriors
17:02 18.9Gb   50.1% Calc posteriors
17:03 19.0Gb   50.2% Calc posteriors
17:04 19.0Gb   50.2% Calc posteriors
17:05 19.0Gb   50.3% Calc posteriors
17:06 19.0Gb   50.3% Calc posteriors
17:07 19.0Gb   50.3% Calc posteriors
17:08 19.1Gb   50.4% Calc posteriors
17:09 19.1Gb   50.4% Calc posteriors
17:10 19.2Gb   50.5% Calc posteriors
17:11 19.2Gb   50.5% Calc posteriors
17:12 19.2Gb   50.6% Calc posteriors
17:13 19.2Gb   50.6% Calc posteriors
17:14 19.2Gb   50.7% Calc posteriors
17:15 19.2Gb   50.7% Calc posteriors
17:16 19.2Gb   50.8% Calc posteriors
17:17 19.3Gb   50.8% Calc posteriors
17:18 19.3Gb   50.9% Calc posteriors
17:19 19.3Gb   50.9% Calc posteriors
17:20 19.3Gb   51.0% Calc posteriors
17:21 19.4Gb   51.0% Calc posteriors
17:22 19.4Gb   51.1% Calc posteriors
17:23 19.4Gb   51.1% Calc posteriors
17:24 19.4Gb   51.2% Calc posteriors
17:25 19.5Gb   51.2% Calc posteriors
17:26 19.5Gb   51.3% Calc posteriors
17:27 19.5Gb   51.3% Calc posteriors
17:28 19.5Gb   51.4% Calc posteriors
17:29 19.5Gb   51.4% Calc posteriors
17:30 19.5Gb   51.5% Calc posteriors
17:31 19.5Gb   51.5% Calc posteriors
17:32 19.5Gb   51.6% Calc posteriors
17:33 19.5Gb   51.6% Calc posteriors
17:34 19.5Gb   51.7% Calc posteriors
17:35 19.5Gb   51.7% Calc posteriors
17:36 19.5Gb   51.8% Calc posteriors
17:37 19.5Gb   51.8% Calc posteriors
17:38 19.5Gb   51.9% Calc posteriors
17:39 19.5Gb   51.9% Calc posteriors
17:40 19.5Gb   52.0% Calc posteriors
17:41 19.5Gb   52.0% Calc posteriors
17:42 19.5Gb   52.1% Calc posteriors
17:43 19.5Gb   52.1% Calc posteriors
17:44 19.5Gb   52.2% Calc posteriors
17:45 19.5Gb   52.2% Calc posteriors
17:46 19.5Gb   52.3% Calc posteriors
17:47 19.5Gb   52.3% Calc posteriors
17:48 19.5Gb   52.4% Calc posteriors
17:49 19.6Gb   52.4% Calc posteriors
17:50 19.6Gb   52.5% Calc posteriors
17:51 19.6Gb   52.5% Calc posteriors
17:52 19.6Gb   52.6% Calc posteriors
17:53 19.7Gb   52.6% Calc posteriors
17:54 19.8Gb   52.7% Calc posteriors
17:55 19.8Gb   52.7% Calc posteriors
17:56 19.8Gb   52.8% Calc posteriors
17:57 19.8Gb   52.8% Calc posteriors
17:58 19.8Gb   52.9% Calc posteriors
17:59 19.9Gb   52.9% Calc posteriors
18:00 19.9Gb   53.0% Calc posteriors
18:01 19.9Gb   53.0% Calc posteriors
18:02 19.9Gb   53.1% Calc posteriors
18:03 20.0Gb   53.1% Calc posteriors
18:04 20.0Gb   53.2% Calc posteriors
18:05 20.0Gb   53.2% Calc posteriors
18:06 20.0Gb   53.3% Calc posteriors
18:07 20.0Gb   53.3% Calc posteriors
18:08 20.0Gb   53.4% Calc posteriors
18:09 20.0Gb   53.4% Calc posteriors
18:10 20.0Gb   53.5% Calc posteriors
18:11 20.0Gb   53.5% Calc posteriors
18:12 20.0Gb   53.6% Calc posteriors
18:13 20.1Gb   53.6% Calc posteriors
18:14 20.2Gb   53.7% Calc posteriors
18:15 20.2Gb   53.7% Calc posteriors
18:16 20.2Gb   53.8% Calc posteriors
18:17 20.3Gb   53.8% Calc posteriors
18:18 20.3Gb   53.9% Calc posteriors
18:19 20.3Gb   53.9% Calc posteriors
18:20 20.3Gb   54.0% Calc posteriors
18:21 20.4Gb   54.0% Calc posteriors
18:22 20.5Gb   54.1% Calc posteriors
18:23 20.4Gb   54.1% Calc posteriors
18:24 20.4Gb   54.2% Calc posteriors
18:25 20.4Gb   54.2% Calc posteriors
18:26 20.4Gb   54.3% Calc posteriors
18:27 20.4Gb   54.3% Calc posteriors
18:28 20.5Gb   54.4% Calc posteriors
18:29 20.5Gb   54.4% Calc posteriors
18:30 20.5Gb   54.5% Calc posteriors
18:31 20.5Gb   54.5% Calc posteriors
18:32 20.5Gb   54.6% Calc posteriors
18:33 20.5Gb   54.6% Calc posteriors
18:34 20.5Gb   54.7% Calc posteriors
18:35 20.5Gb   54.7% Calc posteriors
18:36 20.6Gb   54.8% Calc posteriors
18:37 20.6Gb   54.8% Calc posteriors
18:38 20.7Gb   54.9% Calc posteriors
18:39 20.7Gb   54.9% Calc posteriors
18:40 20.7Gb   55.0% Calc posteriors
18:41 20.7Gb   55.0% Calc posteriors
18:42 20.8Gb   55.1% Calc posteriors
18:43 20.8Gb   55.1% Calc posteriors
18:44 20.8Gb   55.2% Calc posteriors
18:45 20.8Gb   55.2% Calc posteriors
18:46 20.8Gb   55.3% Calc posteriors
18:47 20.8Gb   55.3% Calc posteriors
18:48 20.8Gb   55.4% Calc posteriors
18:49 20.8Gb   55.4% Calc posteriors
18:50 20.8Gb   55.5% Calc posteriors
18:51 20.8Gb   55.5% Calc posteriors
18:52 20.8Gb   55.6% Calc posteriors
18:53 20.8Gb   55.6% Calc posteriors
18:54 20.8Gb   55.7% Calc posteriors
18:55 20.8Gb   55.7% Calc posteriors
18:56 20.9Gb   55.8% Calc posteriors
18:57 20.9Gb   55.8% Calc posteriors
18:58 20.9Gb   55.9% Calc posteriors
18:59 20.9Gb   55.9% Calc posteriors
19:00 20.9Gb   56.0% Calc posteriors
19:01 20.9Gb   56.0% Calc posteriors
19:02 20.9Gb   56.1% Calc posteriors
19:03 20.9Gb   56.1% Calc posteriors
19:04 20.9Gb   56.2% Calc posteriors
19:05 20.9Gb   56.2% Calc posteriors
19:06 20.9Gb   56.3% Calc posteriors
19:07 21.0Gb   56.3% Calc posteriors
19:08 21.0Gb   56.4% Calc posteriors
19:09 21.0Gb   56.4% Calc posteriors
19:10 21.1Gb   56.5% Calc posteriors
19:11 21.2Gb   56.5% Calc posteriors
19:12 21.2Gb   56.5% Calc posteriors
19:13 21.2Gb   56.6% Calc posteriors
19:14 21.2Gb   56.6% Calc posteriors
19:15 21.2Gb   56.7% Calc posteriors
19:16 21.2Gb   56.7% Calc posteriors
19:17 21.2Gb   56.8% Calc posteriors
19:18 21.2Gb   56.8% Calc posteriors
19:19 21.2Gb   56.9% Calc posteriors
19:20 21.2Gb   56.9% Calc posteriors
19:21 21.2Gb   57.0% Calc posteriors
19:22 21.3Gb   57.0% Calc posteriors
19:23 21.3Gb   57.1% Calc posteriors
19:24 21.4Gb   57.1% Calc posteriors
19:25 21.4Gb   57.2% Calc posteriors
19:26 21.4Gb   57.2% Calc posteriors
19:27 21.4Gb   57.3% Calc posteriors
19:28 21.4Gb   57.3% Calc posteriors
19:29 21.5Gb   57.4% Calc posteriors
19:30 21.5Gb   57.4% Calc posteriors
19:31 21.5Gb   57.5% Calc posteriors
19:32 21.5Gb   57.5% Calc posteriors
19:33 21.5Gb   57.6% Calc posteriors
19:34 21.5Gb   57.6% Calc posteriors
19:35 21.6Gb   57.7% Calc posteriors
19:36 21.6Gb   57.7% Calc posteriors
19:37 21.6Gb   57.8% Calc posteriors
19:38 21.6Gb   57.8% Calc posteriors
19:39 21.6Gb   57.9% Calc posteriors
19:40 21.6Gb   57.9% Calc posteriors
19:41 21.6Gb   58.0% Calc posteriors
19:42 21.7Gb   58.0% Calc posteriors
19:43 21.8Gb   58.1% Calc posteriors
19:44 21.8Gb   58.1% Calc posteriors
19:45 21.8Gb   58.2% Calc posteriors
19:46 21.8Gb   58.2% Calc posteriors
19:47 21.8Gb   58.3% Calc posteriors
19:48 21.9Gb   58.3% Calc posteriors
19:49 21.9Gb   58.4% Calc posteriors
19:50 21.9Gb   58.4% Calc posteriors
19:51 21.9Gb   58.5% Calc posteriors
19:52 22.0Gb   58.5% Calc posteriors
19:53 22.0Gb   58.6% Calc posteriors
19:54 22.0Gb   58.6% Calc posteriors
19:55 22.0Gb   58.7% Calc posteriors
19:56 22.1Gb   58.7% Calc posteriors
19:57 22.1Gb   58.8% Calc posteriors
19:58 22.1Gb   58.8% Calc posteriors
19:59 22.1Gb   58.9% Calc posteriors
20:00 22.1Gb   58.9% Calc posteriors
20:01 22.2Gb   59.0% Calc posteriors
20:02 22.2Gb   59.0% Calc posteriors
20:03 22.2Gb   59.1% Calc posteriors
20:04 22.2Gb   59.1% Calc posteriors
20:05 22.2Gb   59.2% Calc posteriors
20:06 22.2Gb   59.2% Calc posteriors
20:07 22.2Gb   59.3% Calc posteriors
20:08 22.2Gb   59.3% Calc posteriors
20:09 22.2Gb   59.4% Calc posteriors
20:10 22.2Gb   59.4% Calc posteriors
20:11 22.2Gb   59.5% Calc posteriors
20:12 22.2Gb   59.5% Calc posteriors
20:13 22.2Gb   59.6% Calc posteriors
20:14 22.2Gb   59.6% Calc posteriors
20:15 22.3Gb   59.7% Calc posteriors
20:16 22.3Gb   59.7% Calc posteriors
20:17 22.3Gb   59.8% Calc posteriors
20:18 22.3Gb   59.8% Calc posteriors
20:19 22.3Gb   59.9% Calc posteriors
20:20 22.3Gb   59.9% Calc posteriors
20:21 22.3Gb   60.0% Calc posteriors
20:22 22.3Gb   60.0% Calc posteriors
20:23 22.3Gb   60.1% Calc posteriors
20:24 22.3Gb   60.1% Calc posteriors
20:25 22.3Gb   60.2% Calc posteriors
20:26 22.3Gb   60.2% Calc posteriors
20:27 22.4Gb   60.3% Calc posteriors
20:28 22.5Gb   60.3% Calc posteriors
20:29 22.6Gb   60.4% Calc posteriors
20:30 22.6Gb   60.4% Calc posteriors
20:31 22.6Gb   60.5% Calc posteriors
20:32 22.6Gb   60.5% Calc posteriors
20:33 22.6Gb   60.6% Calc posteriors
20:34 22.6Gb   60.6% Calc posteriors
20:35 22.6Gb   60.7% Calc posteriors
20:36 22.6Gb   60.7% Calc posteriors
20:37 22.6Gb   60.8% Calc posteriors
20:38 22.6Gb   60.8% Calc posteriors
20:39 22.6Gb   60.9% Calc posteriors
20:40 22.7Gb   60.9% Calc posteriors
20:41 22.7Gb   61.0% Calc posteriors
20:42 22.7Gb   61.0% Calc posteriors
20:43 22.8Gb   61.1% Calc posteriors
20:44 22.8Gb   61.1% Calc posteriors
20:45 22.8Gb   61.2% Calc posteriors
20:46 22.8Gb   61.2% Calc posteriors
20:47 22.8Gb   61.3% Calc posteriors
20:48 22.8Gb   61.3% Calc posteriors
20:49 22.8Gb   61.4% Calc posteriors
20:50 22.8Gb   61.4% Calc posteriors
20:51 22.8Gb   61.5% Calc posteriors
20:52 22.8Gb   61.5% Calc posteriors
20:53 22.8Gb   61.6% Calc posteriors
20:54 22.8Gb   61.6% Calc posteriors
20:55 22.8Gb   61.7% Calc posteriors
20:56 22.8Gb   61.7% Calc posteriors
20:57 22.8Gb   61.8% Calc posteriors
20:58 22.9Gb   61.8% Calc posteriors
20:59 23.0Gb   61.9% Calc posteriors
21:00 23.1Gb   61.9% Calc posteriors
21:01 23.1Gb   62.0% Calc posteriors
21:02 23.1Gb   62.0% Calc posteriors
21:03 23.3Gb   62.1% Calc posteriors
21:04 23.3Gb   62.1% Calc posteriors
21:05 23.3Gb   62.2% Calc posteriors
21:06 23.3Gb   62.2% Calc posteriors
21:07 23.3Gb   62.3% Calc posteriors
21:08 23.4Gb   62.3% Calc posteriors
21:09 23.4Gb   62.4% Calc posteriors
21:10 23.4Gb   62.4% Calc posteriors
21:11 23.4Gb   62.5% Calc posteriors
21:12 23.4Gb   62.5% Calc posteriors
21:13 23.4Gb   62.6% Calc posteriors
21:14 23.4Gb   62.6% Calc posteriors
21:15 23.5Gb   62.7% Calc posteriors
21:16 23.5Gb   62.7% Calc posteriors
21:17 23.5Gb   62.8% Calc posteriors
21:18 23.5Gb   62.8% Calc posteriors
21:19 23.5Gb   62.9% Calc posteriors
21:20 23.5Gb   62.9% Calc posteriors
21:21 23.5Gb   63.0% Calc posteriors
21:22 23.5Gb   63.0% Calc posteriors
21:23 23.5Gb   63.1% Calc posteriors
21:24 23.5Gb   63.1% Calc posteriors
21:25 23.5Gb   63.2% Calc posteriors
21:26 23.5Gb   63.3% Calc posteriors
21:27 23.5Gb   63.3% Calc posteriors
21:28 23.5Gb   63.4% Calc posteriors
21:29 23.7Gb   63.4% Calc posteriors
21:30 23.7Gb   63.5% Calc posteriors
21:31 23.7Gb   63.5% Calc posteriors
21:32 23.7Gb   63.6% Calc posteriors
21:33 23.7Gb   63.6% Calc posteriors
21:34 23.7Gb   63.7% Calc posteriors
21:35 23.7Gb   63.7% Calc posteriors
21:36 23.7Gb   63.8% Calc posteriors
21:37 23.7Gb   63.8% Calc posteriors
21:38 23.7Gb   63.9% Calc posteriors
21:39 23.7Gb   63.9% Calc posteriors
21:40 23.7Gb   64.0% Calc posteriors
21:41 23.7Gb   64.0% Calc posteriors
21:42 23.7Gb   64.1% Calc posteriors
21:43 23.7Gb   64.1% Calc posteriors
21:44 23.7Gb   64.2% Calc posteriors
21:45 23.8Gb   64.2% Calc posteriors
21:46 23.9Gb   64.3% Calc posteriors
21:47 23.9Gb   64.3% Calc posteriors
21:48 23.9Gb   64.4% Calc posteriors
21:49 23.9Gb   64.4% Calc posteriors
21:50 24.0Gb   64.5% Calc posteriors
21:51 24.0Gb   64.5% Calc posteriors
21:52 24.0Gb   64.6% Calc posteriors
21:53 24.0Gb   64.6% Calc posteriors
21:54 24.0Gb   64.7% Calc posteriors
21:55 24.0Gb   64.7% Calc posteriors
21:56 24.0Gb   64.8% Calc posteriors
21:57 24.0Gb   64.8% Calc posteriors
21:58 24.1Gb   64.9% Calc posteriors
21:59 24.2Gb   64.9% Calc posteriors
22:00 24.2Gb   65.0% Calc posteriors
22:01 24.2Gb   65.0% Calc posteriors
22:02 24.2Gb   65.1% Calc posteriors
22:03 24.2Gb   65.1% Calc posteriors
22:04 24.2Gb   65.2% Calc posteriors
22:05 24.2Gb   65.2% Calc posteriors
22:06 24.2Gb   65.3% Calc posteriors
22:07 24.2Gb   65.3% Calc posteriors
22:08 24.2Gb   65.4% Calc posteriors
22:09 24.2Gb   65.4% Calc posteriors
22:10 24.2Gb   65.5% Calc posteriors
22:11 24.2Gb   65.5% Calc posteriors
22:12 24.2Gb   65.6% Calc posteriors
22:13 24.2Gb   65.6% Calc posteriors
22:14 24.2Gb   65.7% Calc posteriors
22:15 24.2Gb   65.7% Calc posteriors
22:16 24.3Gb   65.8% Calc posteriors
22:17 24.3Gb   65.8% Calc posteriors
22:18 24.3Gb   65.9% Calc posteriors
22:19 24.3Gb   65.9% Calc posteriors
22:20 24.3Gb   66.0% Calc posteriors
22:21 24.4Gb   66.0% Calc posteriors
22:22 24.5Gb   66.1% Calc posteriors
22:23 24.5Gb   66.1% Calc posteriors
22:24 24.5Gb   66.2% Calc posteriors
22:25 24.7Gb   66.2% Calc posteriors
22:26 24.7Gb   66.3% Calc posteriors
22:27 24.7Gb   66.3% Calc posteriors
22:28 24.7Gb   66.4% Calc posteriors
22:29 24.7Gb   66.4% Calc posteriors
22:30 24.7Gb   66.5% Calc posteriors
22:31 24.7Gb   66.5% Calc posteriors
22:32 24.7Gb   66.6% Calc posteriors
22:33 24.7Gb   66.6% Calc posteriors
22:34 24.8Gb   66.7% Calc posteriors
22:35 24.8Gb   66.7% Calc posteriors
22:36 24.8Gb   66.8% Calc posteriors
22:37 24.8Gb   66.8% Calc posteriors
22:38 24.8Gb   66.8% Calc posteriors
22:39 24.9Gb   66.9% Calc posteriors
22:40 25.0Gb   66.9% Calc posteriors
22:41 25.0Gb   67.0% Calc posteriors
22:42 25.0Gb   67.0% Calc posteriors
22:43 25.1Gb   67.1% Calc posteriors
22:44 25.1Gb   67.1% Calc posteriors
22:45 25.1Gb   67.2% Calc posteriors
22:46 25.1Gb   67.2% Calc posteriors
22:47 25.1Gb   67.3% Calc posteriors
22:48 25.1Gb   67.3% Calc posteriors
22:49 25.1Gb   67.4% Calc posteriors
22:50 25.1Gb   67.4% Calc posteriors
22:51 25.1Gb   67.5% Calc posteriors
22:52 25.1Gb   67.5% Calc posteriors
22:53 25.1Gb   67.6% Calc posteriors
22:54 25.1Gb   67.6% Calc posteriors
22:55 25.1Gb   67.7% Calc posteriors
22:56 25.1Gb   67.7% Calc posteriors
22:57 25.3Gb   67.8% Calc posteriors
22:58 25.2Gb   67.8% Calc posteriors
22:59 25.2Gb   67.9% Calc posteriors
23:00 25.2Gb   67.9% Calc posteriors
23:01 25.2Gb   68.0% Calc posteriors
23:02 25.2Gb   68.0% Calc posteriors
23:03 25.2Gb   68.1% Calc posteriors
23:04 25.2Gb   68.1% Calc posteriors
23:05 25.2Gb   68.2% Calc posteriors
23:06 25.2Gb   68.2% Calc posteriors
23:07 25.2Gb   68.3% Calc posteriors
23:08 25.3Gb   68.3% Calc posteriors
23:09 25.3Gb   68.4% Calc posteriors
23:10 25.3Gb   68.5% Calc posteriors
23:11 25.4Gb   68.5% Calc posteriors
23:12 25.4Gb   68.6% Calc posteriors
23:13 25.4Gb   68.6% Calc posteriors
23:14 25.4Gb   68.7% Calc posteriors
23:15 25.4Gb   68.7% Calc posteriors
23:16 25.5Gb   68.8% Calc posteriors
23:17 25.5Gb   68.8% Calc posteriors
23:18 25.5Gb   68.9% Calc posteriors
23:19 25.5Gb   68.9% Calc posteriors
23:20 25.5Gb   69.0% Calc posteriors
23:21 25.5Gb   69.0% Calc posteriors
23:22 25.5Gb   69.1% Calc posteriors
23:23 25.5Gb   69.1% Calc posteriors
23:24 25.5Gb   69.2% Calc posteriors
23:25 25.5Gb   69.2% Calc posteriors
23:26 25.6Gb   69.3% Calc posteriors
23:27 25.6Gb   69.3% Calc posteriors
23:28 25.6Gb   69.4% Calc posteriors
23:29 25.6Gb   69.4% Calc posteriors
23:30 25.6Gb   69.5% Calc posteriors
23:31 25.6Gb   69.5% Calc posteriors
23:32 25.6Gb   69.6% Calc posteriors
23:33 25.6Gb   69.6% Calc posteriors
23:34 25.6Gb   69.7% Calc posteriors
23:35 25.8Gb   69.7% Calc posteriors
23:36 25.8Gb   69.8% Calc posteriors
23:37 25.8Gb   69.8% Calc posteriors
23:38 25.8Gb   69.9% Calc posteriors
23:39 25.8Gb   69.9% Calc posteriors
23:40 25.8Gb   70.0% Calc posteriors
23:41 25.8Gb   70.0% Calc posteriors
23:42 25.8Gb   70.1% Calc posteriors
23:43 25.9Gb   70.1% Calc posteriors
23:44 26.1Gb   70.2% Calc posteriors
23:45 26.1Gb   70.2% Calc posteriors
23:46 26.1Gb   70.3% Calc posteriors
23:47 26.1Gb   70.3% Calc posteriors
23:48 26.1Gb   70.4% Calc posteriors
23:49 26.1Gb   70.4% Calc posteriors
23:50 26.1Gb   70.5% Calc posteriors
23:51 26.1Gb   70.5% Calc posteriors
23:52 26.2Gb   70.6% Calc posteriors
23:53 26.2Gb   70.6% Calc posteriors
23:54 26.2Gb   70.7% Calc posteriors
23:55 26.3Gb   70.7% Calc posteriors
23:56 26.4Gb   70.8% Calc posteriors
23:57 26.4Gb   70.8% Calc posteriors
23:58 26.4Gb   70.9% Calc posteriors
23:59 26.4Gb   70.9% Calc posteriors
24:00 26.4Gb   71.0% Calc posteriors
24:01 26.4Gb   71.0% Calc posteriors
24:02 26.4Gb   71.1% Calc posteriors
24:03 26.4Gb   71.1% Calc posteriors
24:04 26.4Gb   71.2% Calc posteriors
24:05 26.4Gb   71.2% Calc posteriors
24:06 26.4Gb   71.3% Calc posteriors
24:07 26.4Gb   71.3% Calc posteriors
24:08 26.4Gb   71.4% Calc posteriors
24:09 26.4Gb   71.4% Calc posteriors
24:10 26.4Gb   71.5% Calc posteriors
24:11 26.4Gb   71.5% Calc posteriors
24:12 26.4Gb   71.6% Calc posteriors
24:13 26.5Gb   71.6% Calc posteriors
24:14 26.5Gb   71.7% Calc posteriors
24:15 26.5Gb   71.7% Calc posteriors
24:16 26.5Gb   71.8% Calc posteriors
24:17 26.5Gb   71.8% Calc posteriors
24:18 26.5Gb   71.9% Calc posteriors
24:19 26.5Gb   71.9% Calc posteriors
24:20 26.5Gb   72.0% Calc posteriors
24:21 26.5Gb   72.0% Calc posteriors
24:22 26.5Gb   72.1% Calc posteriors
24:23 26.7Gb   72.1% Calc posteriors
24:24 26.7Gb   72.2% Calc posteriors
24:25 26.7Gb   72.2% Calc posteriors
24:26 26.7Gb   72.3% Calc posteriors
24:27 26.8Gb   72.3% Calc posteriors
24:28 26.8Gb   72.4% Calc posteriors
24:29 26.8Gb   72.4% Calc posteriors
24:30 26.8Gb   72.5% Calc posteriors
24:31 26.8Gb   72.6% Calc posteriors
24:32 26.8Gb   72.6% Calc posteriors
24:33 26.8Gb   72.7% Calc posteriors
24:34 26.9Gb   72.7% Calc posteriors
24:35 26.9Gb   72.8% Calc posteriors
24:36 26.9Gb   72.8% Calc posteriors
24:37 26.9Gb   72.9% Calc posteriors
24:38 26.9Gb   72.9% Calc posteriors
24:39 26.9Gb   73.0% Calc posteriors
24:40 26.9Gb   73.0% Calc posteriors
24:41 27.0Gb   73.1% Calc posteriors
24:42 27.0Gb   73.1% Calc posteriors
24:43 27.0Gb   73.2% Calc posteriors
24:44 27.0Gb   73.2% Calc posteriors
24:45 27.0Gb   73.3% Calc posteriors
24:46 27.0Gb   73.3% Calc posteriors
24:47 27.0Gb   73.4% Calc posteriors
24:48 27.0Gb   73.4% Calc posteriors
24:49 27.2Gb   73.5% Calc posteriors
24:50 27.1Gb   73.5% Calc posteriors
24:51 27.1Gb   73.6% Calc posteriors
24:52 27.1Gb   73.6% Calc posteriors
24:53 27.2Gb   73.7% Calc posteriors
24:54 27.2Gb   73.7% Calc posteriors
24:55 27.2Gb   73.8% Calc posteriors
24:56 27.2Gb   73.8% Calc posteriors
24:57 27.2Gb   73.9% Calc posteriors
24:58 27.2Gb   73.9% Calc posteriors
24:59 27.2Gb   74.0% Calc posteriors
25:00 27.3Gb   74.0% Calc posteriors
25:01 27.3Gb   74.1% Calc posteriors
25:02 27.3Gb   74.1% Calc posteriors
25:03 27.4Gb   74.2% Calc posteriors
25:04 27.4Gb   74.2% Calc posteriors
25:05 27.5Gb   74.3% Calc posteriors
25:06 27.5Gb   74.3% Calc posteriors
25:07 27.5Gb   74.4% Calc posteriors
25:08 27.5Gb   74.4% Calc posteriors
25:09 27.5Gb   74.5% Calc posteriors
25:10 27.5Gb   74.5% Calc posteriors
25:11 27.5Gb   74.6% Calc posteriors
25:12 27.6Gb   74.6% Calc posteriors
25:13 27.6Gb   74.7% Calc posteriors
25:14 27.6Gb   74.7% Calc posteriors
25:15 27.7Gb   74.8% Calc posteriors
25:16 27.7Gb   74.8% Calc posteriors
25:17 27.7Gb   74.9% Calc posteriors
25:18 27.7Gb   74.9% Calc posteriors
25:19 27.7Gb   75.0% Calc posteriors
25:20 27.7Gb   75.0% Calc posteriors
25:21 27.7Gb   75.1% Calc posteriors
25:22 27.7Gb   75.1% Calc posteriors
25:23 27.7Gb   75.2% Calc posteriors
25:24 27.8Gb   75.2% Calc posteriors
25:25 27.8Gb   75.3% Calc posteriors
25:26 27.8Gb   75.3% Calc posteriors
25:27 27.8Gb   75.4% Calc posteriors
25:28 27.8Gb   75.4% Calc posteriors
25:29 27.8Gb   75.5% Calc posteriors
25:30 27.8Gb   75.6% Calc posteriors
25:31 27.9Gb   75.6% Calc posteriors
25:32 27.9Gb   75.7% Calc posteriors
25:33 27.9Gb   75.7% Calc posteriors
25:34 27.9Gb   75.8% Calc posteriors
25:35 27.9Gb   75.8% Calc posteriors
25:36 27.9Gb   75.9% Calc posteriors
25:37 27.9Gb   75.9% Calc posteriors
25:38 27.9Gb   76.0% Calc posteriors
25:39 28.0Gb   76.0% Calc posteriors
25:40 28.0Gb   76.1% Calc posteriors
25:41 28.0Gb   76.1% Calc posteriors
25:42 28.0Gb   76.2% Calc posteriors
25:43 28.1Gb   76.2% Calc posteriors
25:44 28.1Gb   76.3% Calc posteriors
25:45 28.1Gb   76.3% Calc posteriors
25:46 28.2Gb   76.4% Calc posteriors
25:47 28.2Gb   76.4% Calc posteriors
25:48 28.2Gb   76.5% Calc posteriors
25:49 28.2Gb   76.5% Calc posteriors
25:50 28.2Gb   76.6% Calc posteriors
25:51 28.3Gb   76.6% Calc posteriors
25:52 28.3Gb   76.7% Calc posteriors
25:53 28.3Gb   76.8% Calc posteriors
25:54 28.3Gb   76.8% Calc posteriors
25:55 28.4Gb   76.9% Calc posteriors
25:56 28.4Gb   76.9% Calc posteriors
25:57 28.4Gb   77.0% Calc posteriors
25:58 28.4Gb   77.0% Calc posteriors
25:59 28.4Gb   77.1% Calc posteriors
26:00 28.5Gb   77.1% Calc posteriors
26:01 28.5Gb   77.2% Calc posteriors
26:02 28.5Gb   77.2% Calc posteriors
26:03 28.5Gb   77.3% Calc posteriors
26:04 28.5Gb   77.3% Calc posteriors
26:05 28.5Gb   77.4% Calc posteriors
26:06 28.5Gb   77.4% Calc posteriors
26:07 28.5Gb   77.5% Calc posteriors
26:08 28.5Gb   77.5% Calc posteriors
26:09 28.6Gb   77.6% Calc posteriors
26:10 28.6Gb   77.7% Calc posteriors
26:11 28.6Gb   77.7% Calc posteriors
26:12 28.6Gb   77.8% Calc posteriors
26:13 28.6Gb   77.8% Calc posteriors
26:14 28.7Gb   77.9% Calc posteriors
26:15 28.7Gb   77.9% Calc posteriors
26:16 28.7Gb   78.0% Calc posteriors
26:17 28.7Gb   78.0% Calc posteriors
26:18 28.8Gb   78.1% Calc posteriors
26:19 28.8Gb   78.1% Calc posteriors
26:20 28.8Gb   78.2% Calc posteriors
26:21 28.8Gb   78.3% Calc posteriors
26:22 28.9Gb   78.3% Calc posteriors
26:23 28.9Gb   78.4% Calc posteriors
26:24 28.9Gb   78.4% Calc posteriors
26:25 28.9Gb   78.5% Calc posteriors
26:26 28.9Gb   78.5% Calc posteriors
26:27 28.9Gb   78.6% Calc posteriors
26:28 29.0Gb   78.6% Calc posteriors
26:29 29.0Gb   78.7% Calc posteriors
26:30 29.0Gb   78.7% Calc posteriors
26:31 29.0Gb   78.8% Calc posteriors
26:32 29.0Gb   78.8% Calc posteriors
26:33 29.0Gb   78.9% Calc posteriors
26:34 29.0Gb   78.9% Calc posteriors
26:35 29.1Gb   79.0% Calc posteriors
26:36 29.1Gb   79.0% Calc posteriors
26:37 29.1Gb   79.1% Calc posteriors
26:38 29.1Gb   79.1% Calc posteriors
26:39 29.1Gb   79.2% Calc posteriors
26:40 29.1Gb   79.2% Calc posteriors
26:41 29.1Gb   79.3% Calc posteriors
26:42 29.1Gb   79.3% Calc posteriors
26:43 29.1Gb   79.4% Calc posteriors
26:44 29.1Gb   79.4% Calc posteriors
26:45 29.1Gb   79.5% Calc posteriors
26:46 29.2Gb   79.5% Calc posteriors
26:47 29.2Gb   79.6% Calc posteriors
26:48 29.3Gb   79.6% Calc posteriors
26:49 29.3Gb   79.7% Calc posteriors
26:50 29.3Gb   79.7% Calc posteriors
26:51 29.3Gb   79.8% Calc posteriors
26:52 29.3Gb   79.8% Calc posteriors
26:53 29.3Gb   79.9% Calc posteriors
26:54 29.3Gb   79.9% Calc posteriors
26:55 29.3Gb   80.0% Calc posteriors
26:56 29.3Gb   80.0% Calc posteriors
26:57 29.3Gb   80.1% Calc posteriors
26:58 29.3Gb   80.1% Calc posteriors
26:59 29.3Gb   80.2% Calc posteriors
27:00 29.4Gb   80.2% Calc posteriors
27:01 29.4Gb   80.3% Calc posteriors
27:02 29.5Gb   80.3% Calc posteriors
27:03 29.5Gb   80.4% Calc posteriors
27:04 29.5Gb   80.4% Calc posteriors
27:05 29.6Gb   80.5% Calc posteriors
27:06 29.6Gb   80.5% Calc posteriors
27:07 29.8Gb   80.6% Calc posteriors
27:08 29.8Gb   80.6% Calc posteriors
27:09 29.8Gb   80.7% Calc posteriors
27:10 29.8Gb   80.7% Calc posteriors
27:11 29.8Gb   80.8% Calc posteriors
27:12 29.8Gb   80.8% Calc posteriors
27:13 29.8Gb   80.9% Calc posteriors
27:14 29.8Gb   80.9% Calc posteriors
27:15 29.8Gb   81.0% Calc posteriors
27:16 29.8Gb   81.0% Calc posteriors
27:17 29.8Gb   81.1% Calc posteriors
27:18 29.9Gb   81.1% Calc posteriors
27:19 29.9Gb   81.2% Calc posteriors
27:20 29.9Gb   81.2% Calc posteriors
27:21 29.9Gb   81.3% Calc posteriors
27:22 29.9Gb   81.3% Calc posteriors
27:23 29.9Gb   81.3% Calc posteriors
27:24 29.9Gb   81.4% Calc posteriors
27:25 29.9Gb   81.4% Calc posteriors
27:26 29.9Gb   81.5% Calc posteriors
27:27 29.9Gb   81.5% Calc posteriors
27:28 30.0Gb   81.6% Calc posteriors
27:29 30.0Gb   81.6% Calc posteriors
27:30 30.0Gb   81.7% Calc posteriors
27:31 30.0Gb   81.7% Calc posteriors
27:32 30.0Gb   81.8% Calc posteriors
27:33 30.0Gb   81.8% Calc posteriors
27:34 30.0Gb   81.9% Calc posteriors
27:35 30.0Gb   81.9% Calc posteriors
27:36 30.0Gb   82.0% Calc posteriors
27:37 30.0Gb   82.0% Calc posteriors
27:38 30.1Gb   82.1% Calc posteriors
27:39 30.1Gb   82.1% Calc posteriors
27:40 30.1Gb   82.2% Calc posteriors
27:41 30.2Gb   82.2% Calc posteriors
27:42 30.2Gb   82.3% Calc posteriors
27:43 30.2Gb   82.3% Calc posteriors
27:44 30.2Gb   82.4% Calc posteriors
27:45 30.2Gb   82.4% Calc posteriors
27:46 30.2Gb   82.5% Calc posteriors
27:47 30.2Gb   82.5% Calc posteriors
27:48 30.3Gb   82.6% Calc posteriors
27:49 30.3Gb   82.6% Calc posteriors
27:50 30.3Gb   82.7% Calc posteriors
27:51 30.3Gb   82.7% Calc posteriors
27:52 30.3Gb   82.7% Calc posteriors
27:53 30.3Gb   82.8% Calc posteriors
27:54 30.3Gb   82.8% Calc posteriors
27:55 30.3Gb   82.9% Calc posteriors
27:56 30.3Gb   82.9% Calc posteriors
27:57 30.4Gb   83.0% Calc posteriors
27:58 30.5Gb   83.0% Calc posteriors
27:59 30.5Gb   83.1% Calc posteriors
28:00 30.5Gb   83.1% Calc posteriors
28:01 30.5Gb   83.2% Calc posteriors
28:02 30.5Gb   83.2% Calc posteriors
28:03 30.5Gb   83.3% Calc posteriors
28:04 30.5Gb   83.3% Calc posteriors
28:05 30.6Gb   83.4% Calc posteriors
28:06 30.6Gb   83.4% Calc posteriors
28:07 30.6Gb   83.5% Calc posteriors
28:08 30.6Gb   83.5% Calc posteriors
28:09 30.6Gb   83.6% Calc posteriors
28:10 30.6Gb   83.6% Calc posteriors
28:11 30.6Gb   83.7% Calc posteriors
28:12 30.6Gb   83.7% Calc posteriors
28:13 30.6Gb   83.8% Calc posteriors
28:14 30.6Gb   83.8% Calc posteriors
28:15 30.6Gb   83.9% Calc posteriors
28:16 30.6Gb   83.9% Calc posteriors
28:17 30.6Gb   84.0% Calc posteriors
28:18 30.6Gb   84.0% Calc posteriors
28:19 30.6Gb   84.1% Calc posteriors
28:20 30.8Gb   84.1% Calc posteriors
28:21 30.8Gb   84.2% Calc posteriors
28:22 30.9Gb   84.2% Calc posteriors
28:23 31.0Gb   84.2% Calc posteriors
28:24 31.0Gb   84.3% Calc posteriors
28:25 31.0Gb   84.3% Calc posteriors
28:26 31.0Gb   84.4% Calc posteriors
28:27 31.0Gb   84.4% Calc posteriors
28:28 31.2Gb   84.5% Calc posteriors
28:29 31.2Gb   84.5% Calc posteriors
28:30 31.2Gb   84.6% Calc posteriors
28:31 31.2Gb   84.6% Calc posteriors
28:32 31.2Gb   84.7% Calc posteriors
28:33 31.2Gb   84.7% Calc posteriors
28:34 31.2Gb   84.8% Calc posteriors
28:35 31.2Gb   84.8% Calc posteriors
28:36 31.2Gb   84.9% Calc posteriors
28:37 31.2Gb   84.9% Calc posteriors
28:38 31.2Gb   85.0% Calc posteriors
28:39 31.2Gb   85.0% Calc posteriors
28:40 31.2Gb   85.1% Calc posteriors
28:41 31.2Gb   85.1% Calc posteriors
28:42 31.2Gb   85.2% Calc posteriors
28:43 31.2Gb   85.2% Calc posteriors
28:44 31.2Gb   85.3% Calc posteriors
28:45 31.2Gb   85.3% Calc posteriors
28:46 31.2Gb   85.4% Calc posteriors
28:47 31.2Gb   85.4% Calc posteriors
28:48 31.3Gb   85.4% Calc posteriors
28:49 31.3Gb   85.5% Calc posteriors
28:50 31.3Gb   85.5% Calc posteriors
28:51 31.3Gb   85.6% Calc posteriors
28:52 31.4Gb   85.6% Calc posteriors
28:53 31.4Gb   85.7% Calc posteriors
28:54 31.4Gb   85.7% Calc posteriors
28:55 31.4Gb   85.8% Calc posteriors
28:56 31.4Gb   85.8% Calc posteriors
28:57 31.5Gb   85.9% Calc posteriors
28:58 31.5Gb   85.9% Calc posteriors
28:59 31.5Gb   86.0% Calc posteriors
29:00 31.5Gb   86.0% Calc posteriors
29:01 31.5Gb   86.1% Calc posteriors
29:02 31.5Gb   86.1% Calc posteriors
29:03 31.5Gb   86.1% Calc posteriors
29:04 31.5Gb   86.2% Calc posteriors
29:05 31.5Gb   86.2% Calc posteriors
29:06 31.5Gb   86.3% Calc posteriors
29:07 31.5Gb   86.3% Calc posteriors
29:08 31.6Gb   86.4% Calc posteriors
29:09 31.7Gb   86.4% Calc posteriors
29:10 31.7Gb   86.5% Calc posteriors
29:11 31.7Gb   86.5% Calc posteriors
29:12 31.8Gb   86.6% Calc posteriors
29:13 31.8Gb   86.6% Calc posteriors
29:14 31.8Gb   86.7% Calc posteriors
29:15 31.8Gb   86.7% Calc posteriors
29:16 31.8Gb   86.7% Calc posteriors
29:17 31.8Gb   86.8% Calc posteriors
29:18 31.8Gb   86.8% Calc posteriors
29:19 31.8Gb   86.9% Calc posteriors
29:20 31.8Gb   86.9% Calc posteriors
29:21 31.8Gb   87.0% Calc posteriors
29:22 31.8Gb   87.0% Calc posteriors
29:23 31.8Gb   87.1% Calc posteriors
29:24 31.8Gb   87.1% Calc posteriors
29:25 31.9Gb   87.2% Calc posteriors
29:26 31.9Gb   87.2% Calc posteriors
29:27 31.9Gb   87.3% Calc posteriors
29:28 31.9Gb   87.3% Calc posteriors
29:29 31.9Gb   87.4% Calc posteriors
29:30 31.9Gb   87.4% Calc posteriors
29:31 31.9Gb   87.5% Calc posteriors
29:32 31.9Gb   87.5% Calc posteriors
29:33 31.9Gb   87.6% Calc posteriors
29:34 31.9Gb   87.6% Calc posteriors
29:35 31.9Gb   87.6% Calc posteriors
29:36 32.0Gb   87.7% Calc posteriors
29:37 32.0Gb   87.7% Calc posteriors
29:38 32.1Gb   87.8% Calc posteriors
29:39 32.1Gb   87.8% Calc posteriors
29:40 32.2Gb   87.9% Calc posteriors
29:41 32.2Gb   87.9% Calc posteriors
29:42 32.3Gb   88.0% Calc posteriors
29:43 32.3Gb   88.0% Calc posteriors
29:44 32.3Gb   88.1% Calc posteriors
29:45 32.3Gb   88.1% Calc posteriors
29:46 32.3Gb   88.2% Calc posteriors
29:47 32.4Gb   88.2% Calc posteriors
29:48 32.4Gb   88.3% Calc posteriors
29:49 32.4Gb   88.3% Calc posteriors
29:50 32.4Gb   88.4% Calc posteriors
29:51 32.4Gb   88.4% Calc posteriors
29:52 32.4Gb   88.5% Calc posteriors
29:53 32.4Gb   88.5% Calc posteriors
29:54 32.4Gb   88.6% Calc posteriors
29:55 32.4Gb   88.6% Calc posteriors
29:56 32.4Gb   88.7% Calc posteriors
29:57 32.5Gb   88.7% Calc posteriors
29:58 32.5Gb   88.7% Calc posteriors
29:59 32.5Gb   88.8% Calc posteriors
30:00 32.5Gb   88.8% Calc posteriors
30:01 32.5Gb   88.9% Calc posteriors
30:02 32.5Gb   88.9% Calc posteriors
30:03 32.5Gb   89.0% Calc posteriors
30:04 32.5Gb   89.0% Calc posteriors
30:05 32.5Gb   89.1% Calc posteriors
30:06 32.5Gb   89.1% Calc posteriors
30:07 32.6Gb   89.2% Calc posteriors
30:08 32.6Gb   89.2% Calc posteriors
30:09 32.6Gb   89.3% Calc posteriors
30:10 32.6Gb   89.3% Calc posteriors
30:11 32.6Gb   89.4% Calc posteriors
30:12 32.6Gb   89.4% Calc posteriors
30:13 32.6Gb   89.5% Calc posteriors
30:14 32.7Gb   89.5% Calc posteriors
30:15 32.7Gb   89.5% Calc posteriors
30:16 32.7Gb   89.6% Calc posteriors
30:17 32.7Gb   89.6% Calc posteriors
30:18 32.7Gb   89.7% Calc posteriors
30:19 32.8Gb   89.7% Calc posteriors
30:20 32.8Gb   89.8% Calc posteriors
30:21 32.8Gb   89.8% Calc posteriors
30:22 32.8Gb   89.9% Calc posteriors
30:23 32.8Gb   89.9% Calc posteriors
30:24 32.8Gb   90.0% Calc posteriors
30:25 32.9Gb   90.0% Calc posteriors
30:26 32.9Gb   90.1% Calc posteriors
30:27 32.9Gb   90.1% Calc posteriors
30:28 32.9Gb   90.1% Calc posteriors
30:29 32.9Gb   90.2% Calc posteriors
30:30 33.0Gb   90.2% Calc posteriors
30:31 33.0Gb   90.3% Calc posteriors
30:32 33.0Gb   90.3% Calc posteriors
30:33 33.0Gb   90.4% Calc posteriors
30:34 33.0Gb   90.4% Calc posteriors
30:35 33.0Gb   90.5% Calc posteriors
30:36 33.0Gb   90.5% Calc posteriors
30:37 33.0Gb   90.5% Calc posteriors
30:38 33.0Gb   90.6% Calc posteriors
30:39 33.0Gb   90.6% Calc posteriors
30:40 33.0Gb   90.7% Calc posteriors
30:41 33.0Gb   90.7% Calc posteriors
30:42 33.1Gb   90.8% Calc posteriors
30:43 33.1Gb   90.8% Calc posteriors
30:44 33.1Gb   90.9% Calc posteriors
30:45 33.1Gb   90.9% Calc posteriors
30:46 33.1Gb   91.0% Calc posteriors
30:47 33.1Gb   91.0% Calc posteriors
30:48 33.2Gb   91.0% Calc posteriors
30:49 33.2Gb   91.1% Calc posteriors
30:50 33.2Gb   91.1% Calc posteriors
30:51 33.3Gb   91.2% Calc posteriors
30:52 33.3Gb   91.2% Calc posteriors
30:53 33.4Gb   91.3% Calc posteriors
30:54 33.4Gb   91.3% Calc posteriors
30:55 33.4Gb   91.4% Calc posteriors
30:56 33.4Gb   91.4% Calc posteriors
30:57 33.4Gb   91.5% Calc posteriors
30:58 33.4Gb   91.5% Calc posteriors
30:59 33.4Gb   91.6% Calc posteriors
31:00 33.5Gb   91.6% Calc posteriors
31:01 33.5Gb   91.7% Calc posteriors
31:02 33.5Gb   91.7% Calc posteriors
31:03 33.5Gb   91.7% Calc posteriors
31:04 33.5Gb   91.8% Calc posteriors
31:05 33.5Gb   91.8% Calc posteriors
31:06 33.5Gb   91.9% Calc posteriors
31:07 33.5Gb   91.9% Calc posteriors
31:08 33.5Gb   92.0% Calc posteriors
31:09 33.5Gb   92.0% Calc posteriors
31:10 33.5Gb   92.1% Calc posteriors
31:11 33.5Gb   92.1% Calc posteriors
31:12 33.6Gb   92.2% Calc posteriors
31:13 33.6Gb   92.2% Calc posteriors
31:14 33.6Gb   92.3% Calc posteriors
31:15 33.7Gb   92.3% Calc posteriors
31:16 33.7Gb   92.4% Calc posteriors
31:17 33.7Gb   92.4% Calc posteriors
31:18 33.7Gb   92.4% Calc posteriors
31:19 33.7Gb   92.5% Calc posteriors
31:20 33.7Gb   92.5% Calc posteriors
31:21 33.7Gb   92.6% Calc posteriors
31:22 33.7Gb   92.6% Calc posteriors
31:23 33.7Gb   92.7% Calc posteriors
31:24 33.8Gb   92.7% Calc posteriors
31:25 33.8Gb   92.8% Calc posteriors
31:26 33.8Gb   92.8% Calc posteriors
31:27 33.8Gb   92.9% Calc posteriors
31:28 33.8Gb   92.9% Calc posteriors
31:29 33.9Gb   92.9% Calc posteriors
31:30 34.0Gb   93.0% Calc posteriors
31:31 34.0Gb   93.0% Calc posteriors
31:32 34.0Gb   93.1% Calc posteriors
31:33 34.0Gb   93.1% Calc posteriors
31:34 34.0Gb   93.2% Calc posteriors
31:35 34.0Gb   93.2% Calc posteriors
31:36 34.0Gb   93.3% Calc posteriors
31:37 34.0Gb   93.3% Calc posteriors
31:38 34.0Gb   93.3% Calc posteriors
31:39 34.0Gb   93.4% Calc posteriors
31:40 34.0Gb   93.4% Calc posteriors
31:41 34.1Gb   93.5% Calc posteriors
31:42 34.1Gb   93.5% Calc posteriors
31:43 34.1Gb   93.6% Calc posteriors
31:44 34.1Gb   93.6% Calc posteriors
31:45 34.1Gb   93.7% Calc posteriors
31:46 34.1Gb   93.7% Calc posteriors
31:47 34.1Gb   93.7% Calc posteriors
31:48 34.2Gb   93.8% Calc posteriors
31:49 34.2Gb   93.8% Calc posteriors
31:50 34.2Gb   93.9% Calc posteriors
31:51 34.2Gb   93.9% Calc posteriors
31:52 34.2Gb   93.9% Calc posteriors
31:53 34.3Gb   94.0% Calc posteriors
31:54 34.3Gb   94.0% Calc posteriors
31:55 34.3Gb   94.1% Calc posteriors
31:56 34.3Gb   94.1% Calc posteriors
31:57 34.3Gb   94.1% Calc posteriors
31:58 34.3Gb   94.2% Calc posteriors
31:59 34.3Gb   94.2% Calc posteriors
32:00 34.3Gb   94.2% Calc posteriors
32:01 34.3Gb   94.3% Calc posteriors
32:02 34.3Gb   94.3% Calc posteriors
32:03 34.3Gb   94.4% Calc posteriors
32:04 34.3Gb   94.4% Calc posteriors
32:05 34.3Gb   94.4% Calc posteriors
32:06 34.3Gb   94.5% Calc posteriors
32:07 34.4Gb   94.5% Calc posteriors
32:08 34.5Gb   94.5% Calc posteriors
32:09 34.5Gb   94.6% Calc posteriors
32:10 34.5Gb   94.6% Calc posteriors
32:11 34.5Gb   94.6% Calc posteriors
32:12 34.5Gb   94.7% Calc posteriors
32:13 34.6Gb   94.7% Calc posteriors
32:14 34.6Gb   94.8% Calc posteriors
32:15 34.6Gb   94.8% Calc posteriors
32:16 34.6Gb   94.8% Calc posteriors
32:17 34.6Gb   94.9% Calc posteriors
32:18 34.6Gb   94.9% Calc posteriors
32:19 34.6Gb   94.9% Calc posteriors
32:20 34.6Gb   95.0% Calc posteriors
32:21 34.6Gb   95.0% Calc posteriors
32:22 34.6Gb   95.0% Calc posteriors
32:23 34.6Gb   95.1% Calc posteriors
32:24 34.6Gb   95.1% Calc posteriors
32:25 34.6Gb   95.1% Calc posteriors
32:26 34.6Gb   95.1% Calc posteriors
32:27 34.6Gb   95.2% Calc posteriors
32:28 34.6Gb   95.2% Calc posteriors
32:29 34.6Gb   95.2% Calc posteriors
32:30 34.6Gb   95.3% Calc posteriors
32:31 34.6Gb   95.3% Calc posteriors
32:32 34.6Gb   95.3% Calc posteriors
32:33 34.6Gb   95.3% Calc posteriors
32:34 34.6Gb   95.4% Calc posteriors
32:35 34.6Gb   95.4% Calc posteriors
32:36 34.6Gb   95.4% Calc posteriors
32:37 34.7Gb   95.4% Calc posteriors
32:38 34.8Gb   95.5% Calc posteriors
32:39 34.8Gb   95.5% Calc posteriors
32:40 34.8Gb   95.5% Calc posteriors
32:41 34.8Gb   95.5% Calc posteriors
32:42 34.8Gb   95.6% Calc posteriors
32:43 34.9Gb   95.6% Calc posteriors
32:44 34.9Gb   95.6% Calc posteriors
32:45 34.9Gb   95.6% Calc posteriors
32:46 34.9Gb   95.6% Calc posteriors
32:47 34.9Gb   95.7% Calc posteriors
32:48 34.9Gb   95.7% Calc posteriors
32:49 34.9Gb   95.7% Calc posteriors
32:50 34.9Gb   95.7% Calc posteriors
32:51 34.9Gb   95.7% Calc posteriors
32:52 34.9Gb   95.7% Calc posteriors
32:53 34.9Gb   95.8% Calc posteriors
32:54 34.9Gb   95.8% Calc posteriors
32:55 34.9Gb   95.8% Calc posteriors
32:56 34.9Gb   95.8% Calc posteriors
32:57 34.9Gb   95.8% Calc posteriors
32:58 34.9Gb   95.8% Calc posteriors
32:59 35.0Gb   95.9% Calc posteriors
33:00 35.0Gb   95.9% Calc posteriors
33:01 35.0Gb   95.9% Calc posteriors
33:02 35.0Gb   95.9% Calc posteriors
33:03 35.0Gb   95.9% Calc posteriors
33:04 35.0Gb   95.9% Calc posteriors
33:05 35.0Gb   96.0% Calc posteriors
33:06 35.0Gb   96.0% Calc posteriors
33:07 35.0Gb   96.0% Calc posteriors
33:08 35.0Gb   96.0% Calc posteriors
33:09 35.0Gb   96.0% Calc posteriors
33:10 35.0Gb   96.1% Calc posteriors
33:11 35.0Gb   96.1% Calc posteriors
33:12 35.0Gb   96.1% Calc posteriors
33:13 35.0Gb   96.1% Calc posteriors
33:14 35.1Gb   96.1% Calc posteriors
33:15 35.1Gb   96.1% Calc posteriors
33:16 35.1Gb   96.2% Calc posteriors
33:17 35.2Gb   96.2% Calc posteriors
33:18 35.2Gb   96.2% Calc posteriors
33:19 35.2Gb   96.2% Calc posteriors
33:20 35.2Gb   96.2% Calc posteriors
33:21 35.2Gb   96.3% Calc posteriors
33:22 35.2Gb   96.3% Calc posteriors
33:23 35.2Gb   96.3% Calc posteriors
33:24 35.2Gb   96.3% Calc posteriors
33:25 35.2Gb   96.3% Calc posteriors
33:26 35.2Gb   96.4% Calc posteriors
33:27 35.2Gb   96.4% Calc posteriors
33:28 35.2Gb   96.4% Calc posteriors
33:29 35.2Gb   96.4% Calc posteriors
33:30 35.2Gb   96.4% Calc posteriors
33:31 35.2Gb   96.4% Calc posteriors
33:32 35.2Gb   96.5% Calc posteriors
33:33 35.2Gb   96.5% Calc posteriors
33:34 35.2Gb   96.5% Calc posteriors
33:35 35.2Gb   96.5% Calc posteriors
33:36 35.2Gb   96.5% Calc posteriors
33:37 35.2Gb   96.6% Calc posteriors
33:38 35.2Gb   96.6% Calc posteriors
33:39 35.2Gb   96.6% Calc posteriors
33:40 35.2Gb   96.6% Calc posteriors
33:41 35.2Gb   96.6% Calc posteriors
33:42 35.2Gb   96.6% Calc posteriors
33:43 35.2Gb   96.7% Calc posteriors
33:44 35.2Gb   96.7% Calc posteriors
33:45 35.2Gb   96.7% Calc posteriors
33:46 35.3Gb   96.7% Calc posteriors
33:47 35.3Gb   96.7% Calc posteriors
33:48 35.3Gb   96.8% Calc posteriors

